This is pdfTeX, Version 3.14159265-2.6-1.40.16 (TeX Live 2015) (preloaded format=pdflatex 2016.3.1)  10 JUL 2016 16:40
entering extended mode
 restricted \write18 enabled.
 %&-line parsing enabled.
**informe_WEP.tex
(./informe_WEP.tex
LaTeX2e <2015/01/01>
Babel <3.9l> and hyphenation patterns for 79 languages loaded.
(/usr/local/texlive/2015/texmf-dist/tex/latex/base/report.cls
Document Class: report 2014/09/29 v1.4h Standard LaTeX document class
(/usr/local/texlive/2015/texmf-dist/tex/latex/base/size12.clo
File: size12.clo 2014/09/29 v1.4h Standard LaTeX file (size option)
)
\c@part=\count79
\c@chapter=\count80
\c@section=\count81
\c@subsection=\count82
\c@subsubsection=\count83
\c@paragraph=\count84
\c@subparagraph=\count85
\c@figure=\count86
\c@table=\count87
\abovecaptionskip=\skip41
\belowcaptionskip=\skip42
\bibindent=\dimen102
)
(/usr/local/texlive/2015/texmf-dist/tex/latex/geometry/geometry.sty
Package: geometry 2010/09/12 v5.6 Page Geometry

(/usr/local/texlive/2015/texmf-dist/tex/latex/graphics/keyval.sty
Package: keyval 2014/10/28 v1.15 key=value parser (DPC)
\KV@toks@=\toks14
)
(/usr/local/texlive/2015/texmf-dist/tex/generic/oberdiek/ifpdf.sty
Package: ifpdf 2011/01/30 v2.3 Provides the ifpdf switch (HO)
Package ifpdf Info: pdfTeX in PDF mode is detected.
)
(/usr/local/texlive/2015/texmf-dist/tex/generic/oberdiek/ifvtex.sty
Package: ifvtex 2010/03/01 v1.5 Detect VTeX and its facilities (HO)
Package ifvtex Info: VTeX not detected.
)
(/usr/local/texlive/2015/texmf-dist/tex/generic/ifxetex/ifxetex.sty
Package: ifxetex 2010/09/12 v0.6 Provides ifxetex conditional
)
\Gm@cnth=\count88
\Gm@cntv=\count89
\c@Gm@tempcnt=\count90
\Gm@bindingoffset=\dimen103
\Gm@wd@mp=\dimen104
\Gm@odd@mp=\dimen105
\Gm@even@mp=\dimen106
\Gm@layoutwidth=\dimen107
\Gm@layoutheight=\dimen108
\Gm@layouthoffset=\dimen109
\Gm@layoutvoffset=\dimen110
\Gm@dimlist=\toks15
)
(/usr/local/texlive/2015/texmf-dist/tex/latex/graphics/graphicx.sty
Package: graphicx 2014/10/28 v1.0g Enhanced LaTeX Graphics (DPC,SPQR)

(/usr/local/texlive/2015/texmf-dist/tex/latex/graphics/graphics.sty
Package: graphics 2014/10/28 v1.0p Standard LaTeX Graphics (DPC,SPQR)

(/usr/local/texlive/2015/texmf-dist/tex/latex/graphics/trig.sty
Package: trig 1999/03/16 v1.09 sin cos tan (DPC)
)
(/usr/local/texlive/2015/texmf-dist/tex/latex/latexconfig/graphics.cfg
File: graphics.cfg 2010/04/23 v1.9 graphics configuration of TeX Live
)
Package graphics Info: Driver file: pdftex.def on input line 94.

(/usr/local/texlive/2015/texmf-dist/tex/latex/pdftex-def/pdftex.def
File: pdftex.def 2011/05/27 v0.06d Graphics/color for pdfTeX

(/usr/local/texlive/2015/texmf-dist/tex/generic/oberdiek/infwarerr.sty
Package: infwarerr 2010/04/08 v1.3 Providing info/warning/error messages (HO)
)
(/usr/local/texlive/2015/texmf-dist/tex/generic/oberdiek/ltxcmds.sty
Package: ltxcmds 2011/11/09 v1.22 LaTeX kernel commands for general use (HO)
)
\Gread@gobject=\count91
))
\Gin@req@height=\dimen111
\Gin@req@width=\dimen112
)
(/usr/local/texlive/2015/texmf-dist/tex/latex/psnfss/bookman.sty
Package: bookman 2005/04/12 PSNFSS-v9.2a (SPQR) 
)
(/usr/local/texlive/2015/texmf-dist/tex/latex/microtype/microtype.sty
Package: microtype 2013/05/23 v2.5a Micro-typographical refinements (RS)
\MT@toks=\toks16
\MT@count=\count92
LaTeX Info: Redefining \textls on input line 766.
\MT@outer@kern=\dimen113
LaTeX Info: Redefining \textmicrotypecontext on input line 1285.
\MT@listname@count=\count93

(/usr/local/texlive/2015/texmf-dist/tex/latex/microtype/microtype-pdftex.def
File: microtype-pdftex.def 2013/05/23 v2.5a Definitions specific to pdftex (RS)

LaTeX Info: Redefining \lsstyle on input line 915.
LaTeX Info: Redefining \lslig on input line 915.
\MT@outer@space=\skip43
)
Package microtype Info: Loading configuration file microtype.cfg.

(/usr/local/texlive/2015/texmf-dist/tex/latex/microtype/microtype.cfg
File: microtype.cfg 2013/05/23 v2.5a microtype main configuration file (RS)
))
(/usr/local/texlive/2015/texmf-dist/tex/latex/base/fontenc.sty
Package: fontenc 2005/09/27 v1.99g Standard LaTeX package

(/usr/local/texlive/2015/texmf-dist/tex/latex/base/t1enc.def
File: t1enc.def 2005/09/27 v1.99g Standard LaTeX file
LaTeX Font Info:    Redeclaring font encoding T1 on input line 48.
))
(/usr/local/texlive/2015/texmf-dist/tex/latex/base/inputenc.sty
Package: inputenc 2015/03/17 v1.2c Input encoding file
\inpenc@prehook=\toks17
\inpenc@posthook=\toks18

(/usr/local/texlive/2015/texmf-dist/tex/latex/base/latin1.def
File: latin1.def 2015/03/17 v1.2c Input encoding file
))
(/usr/local/texlive/2015/texmf-dist/tex/latex/fancyhdr/fancyhdr.sty
\fancy@headwidth=\skip44
\f@ncyO@elh=\skip45
\f@ncyO@erh=\skip46
\f@ncyO@olh=\skip47
\f@ncyO@orh=\skip48
\f@ncyO@elf=\skip49
\f@ncyO@erf=\skip50
\f@ncyO@olf=\skip51
\f@ncyO@orf=\skip52
)
(/usr/local/texlive/2015/texmf-dist/tex/latex/tools/verbatim.sty
Package: verbatim 2014/10/28 v1.5q LaTeX2e package for verbatim enhancements
\every@verbatim=\toks19
\verbatim@line=\toks20
\verbatim@in@stream=\read1
)
(/usr/local/texlive/2015/texmf-dist/tex/latex/import/import.sty
Package: import 2009/03/23  v 5.1
)
(/usr/local/texlive/2015/texmf-dist/tex/latex/biblatex/biblatex.sty
Package: biblatex 2015/04/19 v3.0 programmable bibliographies (PK/JW/AB)

(/usr/local/texlive/2015/texmf-dist/tex/latex/biblatex/biblatex2.sty
Package: biblatex2 2015/04/19 v3.0 programmable bibliographies (biber) (PK/JW/A
B)

(/usr/local/texlive/2015/texmf-dist/tex/latex/etoolbox/etoolbox.sty
Package: etoolbox 2015/05/04 v2.2 e-TeX tools for LaTeX (JAW)
\etb@tempcnta=\count94
)
(/usr/local/texlive/2015/texmf-dist/tex/latex/oberdiek/kvoptions.sty
Package: kvoptions 2011/06/30 v3.11 Key value format for package options (HO)

(/usr/local/texlive/2015/texmf-dist/tex/generic/oberdiek/kvsetkeys.sty
Package: kvsetkeys 2012/04/25 v1.16 Key value parser (HO)

(/usr/local/texlive/2015/texmf-dist/tex/generic/oberdiek/etexcmds.sty
Package: etexcmds 2011/02/16 v1.5 Avoid name clashes with e-TeX commands (HO)

(/usr/local/texlive/2015/texmf-dist/tex/generic/oberdiek/ifluatex.sty
Package: ifluatex 2010/03/01 v1.3 Provides the ifluatex switch (HO)
Package ifluatex Info: LuaTeX not detected.
)
Package etexcmds Info: Could not find \expanded.
(etexcmds)             That can mean that you are not using pdfTeX 1.50 or
(etexcmds)             that some package has redefined \expanded.
(etexcmds)             In the latter case, load this package earlier.
)))
(/usr/local/texlive/2015/texmf-dist/tex/latex/logreq/logreq.sty
Package: logreq 2010/08/04 v1.0 xml request logger
\lrq@indent=\count95

(/usr/local/texlive/2015/texmf-dist/tex/latex/logreq/logreq.def
File: logreq.def 2010/08/04 v1.0 logreq spec v1.0
))
(/usr/local/texlive/2015/texmf-dist/tex/latex/base/ifthen.sty
Package: ifthen 2014/09/29 v1.1c Standard LaTeX ifthen package (DPC)
)
(/usr/local/texlive/2015/texmf-dist/tex/latex/url/url.sty
\Urlmuskip=\muskip10
Package: url 2013/09/16  ver 3.4  Verb mode for urls, etc.
)
\c@tabx@nest=\count96
\c@listtotal=\count97
\c@listcount=\count98
\c@liststart=\count99
\c@liststop=\count100
\c@citecount=\count101
\c@citetotal=\count102
\c@multicitecount=\count103
\c@multicitetotal=\count104
\c@instcount=\count105
\c@maxnames=\count106
\c@minnames=\count107
\c@maxitems=\count108
\c@minitems=\count109
\c@citecounter=\count110
\c@savedcitecounter=\count111
\c@uniquelist=\count112
\c@uniquename=\count113
\c@refsection=\count114
\c@refsegment=\count115
\c@maxextratitle=\count116
\c@maxextratitleyear=\count117
\c@maxextrayear=\count118
\c@maxextraalpha=\count119
\c@abbrvpenalty=\count120
\c@highnamepenalty=\count121
\c@lownamepenalty=\count122
\c@maxparens=\count123
\c@parenlevel=\count124
\blx@tempcnta=\count125
\blx@tempcntb=\count126
\blx@tempcntc=\count127
\blx@maxsection=\count128
\blx@maxsegment@0=\count129
\blx@notetype=\count130
\blx@parenlevel@text=\count131
\blx@parenlevel@foot=\count132
\blx@sectionciteorder@0=\count133
\labelnumberwidth=\skip53
\labelalphawidth=\skip54
\biblabelsep=\skip55
\bibitemsep=\skip56
\bibnamesep=\skip57
\bibinitsep=\skip58
\bibparsep=\skip59
\bibhang=\skip60
\blx@bcfin=\read2
\blx@bcfout=\write3
\c@mincomprange=\count134
\c@maxcomprange=\count135
\c@mincompwidth=\count136
Package biblatex Info: Trying to load biblatex default data model...
Package biblatex Info: ... file 'blx-dm.def' found.

(/usr/local/texlive/2015/texmf-dist/tex/latex/biblatex/blx-dm.def)
Package biblatex Info: Trying to load biblatex style data model...
Package biblatex Info: ... file 'alphabetic.dbx' not found.
Package biblatex Info: Trying to load biblatex custom data model...
Package biblatex Info: ... file 'biblatex-dm.cfg' not found.
\c@afterword=\count137
\c@savedafterword=\count138
\c@annotator=\count139
\c@savedannotator=\count140
\c@author=\count141
\c@savedauthor=\count142
\c@bookauthor=\count143
\c@savedbookauthor=\count144
\c@commentator=\count145
\c@savedcommentator=\count146
\c@editor=\count147
\c@savededitor=\count148
\c@editora=\count149
\c@savededitora=\count150
\c@editorb=\count151
\c@savededitorb=\count152
\c@editorc=\count153
\c@savededitorc=\count154
\c@foreword=\count155
\c@savedforeword=\count156
\c@holder=\count157
\c@savedholder=\count158
\c@introduction=\count159
\c@savedintroduction=\count160
\c@namea=\count161
\c@savednamea=\count162
\c@nameb=\count163
\c@savednameb=\count164
\c@namec=\count165
\c@savednamec=\count166
\c@translator=\count167
\c@savedtranslator=\count168
\c@shortauthor=\count169
\c@savedshortauthor=\count170
\c@shorteditor=\count171
\c@savedshorteditor=\count172
\c@labelname=\count173
\c@savedlabelname=\count174
\c@institution=\count175
\c@savedinstitution=\count176
\c@lista=\count177
\c@savedlista=\count178
\c@listb=\count179
\c@savedlistb=\count180
\c@listc=\count181
\c@savedlistc=\count182
\c@listd=\count183
\c@savedlistd=\count184
\c@liste=\count185
\c@savedliste=\count186
\c@listf=\count187
\c@savedlistf=\count188
\c@location=\count189
\c@savedlocation=\count190
\c@organization=\count191
\c@savedorganization=\count192
\c@origlocation=\count193
\c@savedoriglocation=\count194
\c@origpublisher=\count195
\c@savedorigpublisher=\count196
\c@publisher=\count197
\c@savedpublisher=\count198
\c@language=\count199
\c@savedlanguage=\count200
\c@pageref=\count201
\c@savedpageref=\count202
\shorthandwidth=\skip61
\shortjournalwidth=\skip62
\shortserieswidth=\skip63
\shorttitlewidth=\skip64
\shortauthorwidth=\skip65
\shorteditorwidth=\skip66
Package biblatex Info: Trying to load compatibility code...
Package biblatex Info: ... file 'blx-compat.def' found.

(/usr/local/texlive/2015/texmf-dist/tex/latex/biblatex/blx-compat.def
File: blx-compat.def 2015/04/19 v3.0 biblatex compatibility (PK/JW/AB)
)
Package biblatex Info: Trying to load generic definitions...
Package biblatex Info: ... file 'biblatex.def' found.

(/usr/local/texlive/2015/texmf-dist/tex/latex/biblatex/biblatex.def
File: biblatex.def 
\c@textcitecount=\count203
\c@textcitetotal=\count204
\c@textcitemaxnames=\count205
\c@biburlnumpenalty=\count206
\c@biburlucpenalty=\count207
\c@biburllcpenalty=\count208
\c@smartand=\count209
)
Package biblatex Info: Trying to load bibliography style 'alphabetic'...
Package biblatex Info: ... file 'alphabetic.bbx' found.

(/usr/local/texlive/2015/texmf-dist/tex/latex/biblatex/bbx/alphabetic.bbx
File: alphabetic.bbx 2015/04/19 v3.0 biblatex bibliography style (PK/JW/AB)
Package biblatex Info: Trying to load bibliography style 'standard'...
Package biblatex Info: ... file 'standard.bbx' found.

(/usr/local/texlive/2015/texmf-dist/tex/latex/biblatex/bbx/standard.bbx
File: standard.bbx 2015/04/19 v3.0 biblatex bibliography style (PK/JW/AB)
\c@bbx:relatedcount=\count210
\c@bbx:relatedtotal=\count211
))
Package biblatex Info: Trying to load citation style 'alphabetic'...
Package biblatex Info: ... file 'alphabetic.cbx' found.

(/usr/local/texlive/2015/texmf-dist/tex/latex/biblatex/cbx/alphabetic.cbx
File: alphabetic.cbx 2015/04/19 v3.0 biblatex citation style (PK/JW/AB)
Package biblatex Info: Redefining '\cite'.
Package biblatex Info: Redefining '\parencite'.
Package biblatex Info: Redefining '\footcite'.
Package biblatex Info: Redefining '\footcitetext'.
Package biblatex Info: Redefining '\smartcite'.
Package biblatex Info: Redefining '\textcite'.
Package biblatex Info: Redefining '\textcites'.
Package biblatex Info: Redefining '\cites'.
Package biblatex Info: Redefining '\parencites'.
Package biblatex Info: Redefining '\smartcites'.
)
Package biblatex Info: Trying to load configuration file...
Package biblatex Info: ... file 'biblatex.cfg' found.

(/usr/local/texlive/2015/texmf-dist/tex/latex/biblatex/biblatex.cfg
File: biblatex.cfg 
)))
(/usr/local/texlive/2015/texmf-dist/tex/latex/graphics/color.sty
Package: color 2014/10/28 v1.1a Standard LaTeX Color (DPC)

(/usr/local/texlive/2015/texmf-dist/tex/latex/latexconfig/color.cfg
File: color.cfg 2007/01/18 v1.5 color configuration of teTeX/TeXLive
)
Package color Info: Driver file: pdftex.def on input line 142.
)
(/usr/local/texlive/2015/texmf-dist/tex/latex/xcolor/xcolor.sty
Package: xcolor 2007/01/21 v2.11 LaTeX color extensions (UK)

(/usr/local/texlive/2015/texmf-dist/tex/latex/latexconfig/color.cfg
File: color.cfg 2007/01/18 v1.5 color configuration of teTeX/TeXLive
)
Package xcolor Info: Driver file: pdftex.def on input line 225.
LaTeX Info: Redefining \color on input line 702.
Package xcolor Info: Model `cmy' substituted by `cmy0' on input line 1337.
Package xcolor Info: Model `hsb' substituted by `rgb' on input line 1341.
Package xcolor Info: Model `RGB' extended on input line 1353.
Package xcolor Info: Model `HTML' substituted by `rgb' on input line 1355.
Package xcolor Info: Model `Hsb' substituted by `hsb' on input line 1356.
Package xcolor Info: Model `tHsb' substituted by `hsb' on input line 1357.
Package xcolor Info: Model `HSB' substituted by `hsb' on input line 1358.
Package xcolor Info: Model `Gray' substituted by `gray' on input line 1359.
Package xcolor Info: Model `wave' substituted by `hsb' on input line 1360.
)
Package biblatex Info: Trying to load language 'english'...
Package biblatex Info: ... file 'english.lbx' found.

(/usr/local/texlive/2015/texmf-dist/tex/latex/biblatex/lbx/english.lbx
File: english.lbx 2015/04/19 v3.0 biblatex localization (PK/JW/AB)
)

Package biblatex Warning: Missing 'hyperref' package.
(biblatex)                Setting hyperref=false.

\@quotelevel=\count212
\@quotereset=\count213

LaTeX Warning: Unused global option(s):
    [spanish].

(./informe_WEP.aux)
\openout1 = `informe_WEP.aux'.

LaTeX Font Info:    Checking defaults for OML/cmm/m/it on input line 22.
LaTeX Font Info:    ... okay on input line 22.
LaTeX Font Info:    Checking defaults for T1/cmr/m/n on input line 22.
LaTeX Font Info:    ... okay on input line 22.
LaTeX Font Info:    Checking defaults for OT1/cmr/m/n on input line 22.
LaTeX Font Info:    ... okay on input line 22.
LaTeX Font Info:    Checking defaults for OMS/cmsy/m/n on input line 22.
LaTeX Font Info:    ... okay on input line 22.
LaTeX Font Info:    Checking defaults for OMX/cmex/m/n on input line 22.
LaTeX Font Info:    ... okay on input line 22.
LaTeX Font Info:    Checking defaults for U/cmr/m/n on input line 22.
LaTeX Font Info:    ... okay on input line 22.
LaTeX Font Info:    Try loading font information for T1+pbk on input line 22.

(/usr/local/texlive/2015/texmf-dist/tex/latex/psnfss/t1pbk.fd
File: t1pbk.fd 2001/06/04 font definitions for T1/pbk.
)
LaTeX Font Info:    Font shape `T1/pbk/m/n' in size <12> not available
(Font)              Font shape `T1/pbk/l/n' tried instead on input line 22.

*geometry* driver: auto-detecting
*geometry* detected driver: pdftex
*geometry* verbose mode - [ preamble ] result:
* driver: pdftex
* paper: letterpaper
* layout: <same size as paper>
* layoutoffset:(h,v)=(0.0pt,0.0pt)
* modes: 
* h-part:(L,W,R)=(91.04872pt, 432.19756pt, 91.04872pt)
* v-part:(T,H,B)=(85.35826pt, 624.25346pt, 85.35826pt)
* \paperwidth=614.295pt
* \paperheight=794.96999pt
* \textwidth=432.19756pt
* \textheight=624.25346pt
* \oddsidemargin=18.77873pt
* \evensidemargin=18.77873pt
* \topmargin=-8.91173pt
* \headheight=12.0pt
* \headsep=10.0pt
* \topskip=12.0pt
* \footskip=30.0pt
* \marginparwidth=35.0pt
* \marginparsep=10.0pt
* \columnsep=10.0pt
* \skip\footins=10.8pt plus 4.0pt minus 2.0pt
* \hoffset=0.0pt
* \voffset=0.0pt
* \mag=1000
* \@twocolumnfalse
* \@twosidefalse
* \@mparswitchfalse
* \@reversemarginfalse
* (1in=72.27pt=25.4mm, 1cm=28.453pt)

(/usr/local/texlive/2015/texmf-dist/tex/context/base/supp-pdf.mkii
[Loading MPS to PDF converter (version 2006.09.02).]
\scratchcounter=\count214
\scratchdimen=\dimen114
\scratchbox=\box26
\nofMPsegments=\count215
\nofMParguments=\count216
\everyMPshowfont=\toks21
\MPscratchCnt=\count217
\MPscratchDim=\dimen115
\MPnumerator=\count218
\makeMPintoPDFobject=\count219
\everyMPtoPDFconversion=\toks22
) (/usr/local/texlive/2015/texmf-dist/tex/generic/oberdiek/pdftexcmds.sty
Package: pdftexcmds 2011/11/29 v0.20 Utility functions of pdfTeX for LuaTeX (HO
)
Package pdftexcmds Info: LuaTeX not detected.
Package pdftexcmds Info: \pdf@primitive is available.
Package pdftexcmds Info: \pdf@ifprimitive is available.
Package pdftexcmds Info: \pdfdraftmode found.
)
(/usr/local/texlive/2015/texmf-dist/tex/latex/oberdiek/epstopdf-base.sty
Package: epstopdf-base 2010/02/09 v2.5 Base part for package epstopdf

(/usr/local/texlive/2015/texmf-dist/tex/latex/oberdiek/grfext.sty
Package: grfext 2010/08/19 v1.1 Manage graphics extensions (HO)

(/usr/local/texlive/2015/texmf-dist/tex/generic/oberdiek/kvdefinekeys.sty
Package: kvdefinekeys 2011/04/07 v1.3 Define keys (HO)
))
Package grfext Info: Graphics extension search list:
(grfext)             [.png,.pdf,.jpg,.mps,.jpeg,.jbig2,.jb2,.PNG,.PDF,.JPG,.JPE
G,.JBIG2,.JB2,.eps]
(grfext)             \AppendGraphicsExtensions on input line 452.

(/usr/local/texlive/2015/texmf-dist/tex/latex/latexconfig/epstopdf-sys.cfg
File: epstopdf-sys.cfg 2010/07/13 v1.3 Configuration of (r)epstopdf for TeX Liv
e
))
LaTeX Info: Redefining \microtypecontext on input line 22.
Package microtype Info: Generating PDF output.
Package microtype Info: Character protrusion enabled (level 2).
Package microtype Info: Using default protrusion set `alltext'.
Package microtype Info: Automatic font expansion enabled (level 2),
(microtype)             stretch: 20, shrink: 20, step: 1, non-selected.
Package microtype Info: Using default expansion set `basictext'.
Package microtype Info: No adjustment of tracking.
Package microtype Info: No adjustment of interword spacing.
Package microtype Info: No adjustment of character kerning.
Package microtype Info: Loading generic settings for font family
(microtype)             `pbk' (encoding: T1).
(microtype)             For optimal results, create family-specific settings.
(microtype)             See the microtype manual for details.
Package biblatex Info: Input encoding 'latin1' detected.
Package biblatex Info: Automatic encoding selection.
(biblatex)             Assuming data encoding 'latin1'.
\openout3 = `informe_WEP.bcf'.

Package biblatex Info: Trying to load bibliographic data...
Package biblatex Info: ... file 'informe_WEP.bbl' not found.

No file informe_WEP.bbl.
Package biblatex Info: Reference section=0 on input line 22.
Package biblatex Info: Reference segment=0 on input line 22.
<icono.jpeg, id=1, 240.9pt x 319.1925pt>
File: icono.jpeg Graphic file (type jpg)
 <use icono.jpeg>
Package pdftex.def Info: icono.jpeg used on input line 31.
(pdftex.def)             Requested size: 113.81114pt x 113.80847pt.
LaTeX Font Info:    Try loading font information for T1+pag on input line 35.

(/usr/local/texlive/2015/texmf-dist/tex/latex/psnfss/t1pag.fd
File: t1pag.fd 2001/06/04 font definitions for T1/pag.
)
Package microtype Info: Loading generic settings for font family
(microtype)             `pag' (encoding: T1).
(microtype)             For optimal results, create family-specific settings.
(microtype)             See the microtype manual for details.
LaTeX Font Info:    Font shape `T1/pag/bx/n' in size <35> not available
(Font)              Font shape `T1/pag/b/n' tried instead on input line 36.
LaTeX Font Info:    Font shape `T1/pag/b/n' in size <35> not available
(Font)              Font shape `T1/pag/db/n' tried instead on input line 36.
 [1

{/usr/local/texlive/2015/texmf-var/fonts/map/pdftex/updmap/pdftex.map} <./icono
.jpeg>]
LaTeX Font Info:    Try loading font information for OMS+pbk on input line 51.

(/usr/local/texlive/2015/texmf-dist/tex/latex/psnfss/omspbk.fd
File: omspbk.fd 
)
LaTeX Font Info:    Font shape `OMS/pbk/m/n' in size <12> not available
(Font)              Font shape `OMS/cmsy/m/n' tried instead on input line 51.

Underfull \hbox (badness 10000) in paragraph at lines 51--52

 []

LaTeX Font Info:    Font shape `T1/pbk/m/sc' in size <12> not available
(Font)              Font shape `T1/pbk/l/sc' tried instead on input line 53.

Overfull \hbox (2.48608pt too wide) in paragraph at lines 53--54
\T1/pbk/l/sc/12 Informe de Se-guri-dad In-for-mática en la pe-queña y me-di-ana
 em-presa. 
 []


Underfull \hbox (badness 10000) in paragraph at lines 53--54

 []

LaTeX Font Info:    Font shape `T1/pbk/m/it' in size <12> not available
(Font)              Font shape `T1/pbk/l/it' tried instead on input line 55.

Underfull \hbox (badness 10000) in paragraph at lines 55--56

 []


Underfull \hbox (badness 10000) in paragraph at lines 57--58

 []

[2]
LaTeX Font Info:    Font shape `T1/pbk/m/n' in size <24.88> not available
(Font)              Font shape `T1/pbk/l/n' tried instead on input line 69.
LaTeX Font Info:    Font shape `T1/pbk/bx/n' in size <24.88> not available
(Font)              Font shape `T1/pbk/b/n' tried instead on input line 69.
LaTeX Font Info:    Font shape `T1/pbk/b/n' in size <24.88> not available
(Font)              Font shape `T1/pbk/db/n' tried instead on input line 69.
 (./informe_WEP.toc
LaTeX Font Info:    Font shape `T1/pbk/bx/n' in size <12> not available
(Font)              Font shape `T1/pbk/b/n' tried instead on input line 3.
LaTeX Font Info:    Font shape `T1/pbk/b/n' in size <12> not available
(Font)              Font shape `T1/pbk/db/n' tried instead on input line 3.

(/usr/local/texlive/2015/texmf-dist/tex/latex/microtype/mt-cmr.cfg
File: mt-cmr.cfg 2013/05/19 v2.2 microtype config. file: Computer Modern Roman 
(RS)
)
LaTeX Font Info:    External font `cmex10' loaded for size
(Font)              <12> on input line 7.
LaTeX Font Info:    External font `cmex10' loaded for size
(Font)              <8> on input line 7.
LaTeX Font Info:    External font `cmex10' loaded for size
(Font)              <6> on input line 7.
)
\tf@toc=\write4
\openout4 = `informe_WEP.toc'.

 [3

]
Chapter 1.
LaTeX Font Info:    Font shape `T1/pbk/m/n' in size <8> not available
(Font)              Font shape `T1/pbk/l/n' tried instead on input line 89.
LaTeX Font Info:    Font shape `T1/pbk/m/n' in size <10> not available
(Font)              Font shape `T1/pbk/l/n' tried instead on input line 89.
LaTeX Font Info:    External font `cmex10' loaded for size
(Font)              <7> on input line 89.
LaTeX Font Info:    External font `cmex10' loaded for size
(Font)              <5> on input line 89.
LaTeX Font Info:    Font shape `T1/pbk/m/n' in size <7> not available
(Font)              Font shape `T1/pbk/l/n' tried instead on input line 89.
LaTeX Font Info:    Try loading font information for T1+pcr on input line 89.
(/usr/local/texlive/2015/texmf-dist/tex/latex/psnfss/t1pcr.fd
File: t1pcr.fd 2001/06/04 font definitions for T1/pcr.
)
Package microtype Info: Loading generic settings for font family
(microtype)             `pcr' (encoding: T1).
(microtype)             For optimal results, create family-specific settings.
(microtype)             See the microtype manual for details.
 [4

]
Chapter 2.
LaTeX Font Info:    Font shape `T1/pbk/m/n' in size <17.28> not available
(Font)              Font shape `T1/pbk/l/n' tried instead on input line 98.
LaTeX Font Info:    Font shape `T1/pbk/bx/n' in size <17.28> not available
(Font)              Font shape `T1/pbk/b/n' tried instead on input line 98.
LaTeX Font Info:    Font shape `T1/pbk/b/n' in size <17.28> not available
(Font)              Font shape `T1/pbk/db/n' tried instead on input line 98.
File: ../LOGS/LOG_TARJETA_WIFI.LOG  (verbatim)
[5

]
Underfull \hbox (badness 10000) in paragraph at lines 116--117

 []

LaTeX Font Info:    Font shape `T1/pbk/m/n' in size <9> not available
(Font)              Font shape `T1/pbk/l/n' tried instead on input line 119.
File: ../LOGS/AIRMONG.LOG  (verbatim)

Underfull \hbox (badness 10000) in paragraph at lines 127--128

 []

File: ../LOGS/AIRODUMP.LOG  (verbatim)
LaTeX Font Info:    Font shape `T1/pbk/m/sl' in size <12> not available
(Font)              Font shape `T1/pbk/l/sl' tried instead on input line 139.

Package Fancyhdr Warning: \headheight is too small (12.0pt): 
 Make it at least 14.49998pt.
 We now make it that large for the rest of the document.
 This may cause the page layout to be inconsistent, however.

[6]
Chapter 3.

Underfull \hbox (badness 10000) in paragraph at lines 141--144

 []

(./INF-WEP.tex
Underfull \hbox (badness 10000) in paragraph at lines 3--4

 []

) (./INF-SUBSWEP1.tex
LaTeX Font Info:    Font shape `T1/pbk/m/n' in size <14.4> not available
(Font)              Font shape `T1/pbk/l/n' tried instead on input line 1.
LaTeX Font Info:    Font shape `T1/pbk/bx/n' in size <14.4> not available
(Font)              Font shape `T1/pbk/b/n' tried instead on input line 1.
LaTeX Font Info:    Font shape `T1/pbk/b/n' in size <14.4> not available
(Font)              Font shape `T1/pbk/db/n' tried instead on input line 1.
 [7

]
Underfull \hbox (badness 10000) in paragraph at lines 5--6

 []


Underfull \hbox (badness 10000) in paragraph at lines 8--9

 []


Underfull \hbox (badness 10000) in paragraph at lines 10--11

 []


Underfull \hbox (badness 10000) in paragraph at lines 12--13

 []


Underfull \hbox (badness 10000) in paragraph at lines 14--15

 []


Underfull \hbox (badness 10000) in paragraph at lines 17--18

 []


Overfull \hbox (21.2977pt too wide) in paragraph at lines 19--20
[]\T1/pbk/db/n/12 aireplay-ng -0 5 -a 80:B6:86:D5:F9:4B -c AC:38:70:25:ED:62 wl
an0mon 
 []


Underfull \hbox (badness 10000) in paragraph at lines 19--20

 []


Underfull \hbox (badness 10000) in paragraph at lines 21--22

 []


Overfull \hbox (11.70987pt too wide) in paragraph at lines 23--24
[]\T1/pbk/db/n/12 aireplay-ng -3 -b 80:B6:86:D5:F9:4B -h AC:38:70:25:ED:62 wlan
0mon 
 []


Underfull \hbox (badness 10000) in paragraph at lines 23--24

 []


Underfull \hbox (badness 10000) in paragraph at lines 25--26

 []


Underfull \hbox (badness 10000) in paragraph at lines 27--28

 []


Underfull \hbox (badness 10000) in paragraph at lines 31--32

 []

No file ../AIRCRACK/aircrack-80:B6:86:D5:F9:4B.dat.
) (./INF-SUBSDOS.tex [8]
Underfull \hbox (badness 10000) in paragraph at lines 3--4

 []


Underfull \hbox (badness 10000) in paragraph at lines 12--13

 []


Underfull \hbox (badness 10000) in paragraph at lines 14--15

 []


Underfull \hbox (badness 10000) in paragraph at lines 16--17

 []


Underfull \hbox (badness 10000) in paragraph at lines 18--19

 []


Underfull \hbox (badness 10000) in paragraph at lines 20--21

 []


Overfull \hbox (21.2977pt too wide) in paragraph at lines 22--23
[]\T1/pbk/db/n/12 aireplay-ng -0 0 -a 80:B6:86:D5:F9:4B -c AC:38:70:25:ED:62 wl
an0mon 
 []


Underfull \hbox (badness 10000) in paragraph at lines 22--23

 []


Underfull \hbox (badness 10000) in paragraph at lines 24--26

 []

)
Underfull \hbox (badness 10000) in paragraph at lines 27--156

 []

[9] [10] (./informe_WEP.aux)
Package logreq Info: Writing requests to 'informe_WEP.run.xml'.
\openout1 = `informe_WEP.run.xml'.

 ) 
Here is how much of TeX's memory you used:
 9905 strings out of 493089
 163942 string characters out of 6134843
 615863 words of memory out of 5000000
 13145 multiletter control sequences out of 15000+600000
 44082 words of font info for 112 fonts, out of 8000000 for 9000
 1141 hyphenation exceptions out of 8191
 44i,11n,43p,861b,664s stack positions out of 5000i,500n,10000p,200000b,80000s
{/usr/local/texlive/2015/texmf-dist/fonts/enc/dvips/base/8r.enc}</usr/local/t
exlive/2015/texmf-dist/fonts/type1/public/amsfonts/cm/cmsy10.pfb></usr/local/te
xlive/2015/texmf-dist/fonts/type1/urw/avantgar/uagd8a.pfb></usr/local/texlive/2
015/texmf-dist/fonts/type1/urw/avantgar/uagk8a.pfb></usr/local/texlive/2015/tex
mf-dist/fonts/type1/urw/bookman/ubkd8a.pfb></usr/local/texlive/2015/texmf-dist/
fonts/type1/urw/bookman/ubkl8a.pfb></usr/local/texlive/2015/texmf-dist/fonts/ty
pe1/urw/bookman/ubkl8a.pfb></usr/local/texlive/2015/texmf-dist/fonts/type1/urw/
bookman/ubkli8a.pfb></usr/local/texlive/2015/texmf-dist/fonts/type1/urw/courier
/ucrr8a.pfb>
Output written on informe_WEP.pdf (10 pages, 123971 bytes).
PDF statistics:
 71 PDF objects out of 1000 (max. 8388607)
 49 compressed objects within 1 object stream
 0 named destinations out of 1000 (max. 500000)
 17414 words of extra memory for PDF output out of 20736 (max. 10000000)

