\BOOKMARK [0][-]{chapter*.1}{Lista de figuras}{}% 1
\BOOKMARK [0][-]{chapter*.2}{Lista de tablas}{}% 2
\BOOKMARK [0][-]{section*.4}{Resumen}{}% 3
\BOOKMARK [0][-]{chapter.1}{Introducci\363n}{}% 4
\BOOKMARK [1][-]{section.1.1}{Motivaci\363n}{chapter.1}% 5
\BOOKMARK [1][-]{section.1.2}{Objetivos}{chapter.1}% 6
\BOOKMARK [2][-]{subsection.1.2.1}{Objetivo general}{section.1.2}% 7
\BOOKMARK [2][-]{subsection.1.2.2}{Objetivos secundarios}{section.1.2}% 8
\BOOKMARK [1][-]{section.1.3}{Estructura de la memoria}{chapter.1}% 9
\BOOKMARK [0][-]{chapter.2}{Antecedentes}{}% 10
\BOOKMARK [1][-]{section.2.1}{Seguridad inform\341tica de las PYMEs}{chapter.2}% 11
\BOOKMARK [2][-]{subsection.2.1.1}{Herramientas de seguridad}{section.2.1}% 12
\BOOKMARK [2][-]{subsection.2.1.2}{Limitaciones de seguridad}{section.2.1}% 13
\BOOKMARK [2][-]{subsection.2.1.3}{Personal encargado de la seguridad de la informaci\363n}{section.2.1}% 14
\BOOKMARK [1][-]{section.2.2}{Seguridad inform\341tica en redes WiFi}{chapter.2}% 15
\BOOKMARK [2][-]{subsection.2.2.1}{Est\341ndares WI-FI}{section.2.2}% 16
\BOOKMARK [2][-]{subsection.2.2.2}{Comunicaciones Inal\341mbricas}{section.2.2}% 17
\BOOKMARK [2][-]{subsection.2.2.3}{Protocolos inal\341mbricos}{section.2.2}% 18
\BOOKMARK [1][-]{section.2.3}{Pentest de WiFi}{chapter.2}% 19
\BOOKMARK [1][-]{section.2.4}{Antecedentes del proyecto}{chapter.2}% 20
\BOOKMARK [2][-]{subsection.2.4.1}{Dispositivos para la automatizaci\363n}{section.2.4}% 21
\BOOKMARK [2][-]{subsection.2.4.2}{Sistemas de generaci\363n autom\341tica de informes}{section.2.4}% 22
\BOOKMARK [0][-]{chapter.3}{Desarrollo}{}% 23
\BOOKMARK [1][-]{section.3.1}{Creaci\363n de una aplicaci\363n}{chapter.3}% 24
\BOOKMARK [2][-]{subsection.3.1.1}{Instalaci\363n y configuraci\363n del sistema operativo}{section.3.1}% 25
\BOOKMARK [1][-]{section.3.2}{Interfaz gr\341fica}{chapter.3}% 26
\BOOKMARK [2][-]{subsection.3.2.1}{Descripci\363n de la interfaz}{section.3.2}% 27
\BOOKMARK [1][-]{section.3.3}{An\341lisis de vulnerabilidades}{chapter.3}% 28
\BOOKMARK [1][-]{section.3.4}{Generaci\363n de informe}{chapter.3}% 29
\BOOKMARK [2][-]{subsection.3.4.1}{Pautas y seguimiento para la creaci\363n del informe}{section.3.4}% 30
\BOOKMARK [2][-]{subsection.3.4.2}{SECWEP1.py}{section.3.4}% 31
\BOOKMARK [2][-]{subsection.3.4.3}{SUBSDOS.py}{section.3.4}% 32
\BOOKMARK [2][-]{subsection.3.4.4}{SUBSWEP1.py}{section.3.4}% 33
\BOOKMARK [0][-]{chapter.4}{Conclusiones y propuestas}{}% 34
\BOOKMARK [1][-]{section.4.1}{Recomendaciones}{chapter.4}% 35
\BOOKMARK [0][-]{appendix.Alph1}{Informe WEP}{}% 36
\BOOKMARK [0][-]{appendix.Alph2}{Informe WPA}{}% 37
\BOOKMARK [0][-]{appendix.Alph3}{C\363digo}{}% 38
