This is pdfTeX, Version 3.14159265-2.6-1.40.16 (TeX Live 2015) (preloaded format=pdflatex 2016.3.1)  10 JUL 2016 16:55
entering extended mode
 restricted \write18 enabled.
 %&-line parsing enabled.
**memoria.tex
(./memoria.tex
LaTeX2e <2015/01/01>
Babel <3.9l> and hyphenation patterns for 79 languages loaded.
(/usr/local/texlive/2015/texmf-dist/tex/latex/base/fix-cm.sty
Package: fix-cm 2015/01/14 v1.1t fixes to LaTeX

(/usr/local/texlive/2015/texmf-dist/tex/latex/base/ts1enc.def
File: ts1enc.def 2001/06/05 v3.0e (jk/car/fm) Standard LaTeX file
))
(/usr/local/texlive/2015/texmf-dist/tex/latex/base/report.cls
Document Class: report 2014/09/29 v1.4h Standard LaTeX document class
(/usr/local/texlive/2015/texmf-dist/tex/latex/base/size10.clo
File: size10.clo 2014/09/29 v1.4h Standard LaTeX file (size option)
)
\c@part=\count79
\c@chapter=\count80
\c@section=\count81
\c@subsection=\count82
\c@subsubsection=\count83
\c@paragraph=\count84
\c@subparagraph=\count85
\c@figure=\count86
\c@table=\count87
\abovecaptionskip=\skip41
\belowcaptionskip=\skip42
\bibindent=\dimen102
)
(/usr/local/texlive/2015/texmf-dist/tex/latex/base/inputenc.sty
Package: inputenc 2015/03/17 v1.2c Input encoding file
\inpenc@prehook=\toks14
\inpenc@posthook=\toks15

(/usr/local/texlive/2015/texmf-dist/tex/latex/base/latin1.def
File: latin1.def 2015/03/17 v1.2c Input encoding file
))
(/usr/local/texlive/2015/texmf-dist/tex/latex/graphics/graphicx.sty
Package: graphicx 2014/10/28 v1.0g Enhanced LaTeX Graphics (DPC,SPQR)

(/usr/local/texlive/2015/texmf-dist/tex/latex/graphics/keyval.sty
Package: keyval 2014/10/28 v1.15 key=value parser (DPC)
\KV@toks@=\toks16
)
(/usr/local/texlive/2015/texmf-dist/tex/latex/graphics/graphics.sty
Package: graphics 2014/10/28 v1.0p Standard LaTeX Graphics (DPC,SPQR)

(/usr/local/texlive/2015/texmf-dist/tex/latex/graphics/trig.sty
Package: trig 1999/03/16 v1.09 sin cos tan (DPC)
)
(/usr/local/texlive/2015/texmf-dist/tex/latex/latexconfig/graphics.cfg
File: graphics.cfg 2010/04/23 v1.9 graphics configuration of TeX Live
)
Package graphics Info: Driver file: pdftex.def on input line 94.

(/usr/local/texlive/2015/texmf-dist/tex/latex/pdftex-def/pdftex.def
File: pdftex.def 2011/05/27 v0.06d Graphics/color for pdfTeX

(/usr/local/texlive/2015/texmf-dist/tex/generic/oberdiek/infwarerr.sty
Package: infwarerr 2010/04/08 v1.3 Providing info/warning/error messages (HO)
)
(/usr/local/texlive/2015/texmf-dist/tex/generic/oberdiek/ltxcmds.sty
Package: ltxcmds 2011/11/09 v1.22 LaTeX kernel commands for general use (HO)
)
\Gread@gobject=\count88
))
\Gin@req@height=\dimen103
\Gin@req@width=\dimen104
)
(/usr/local/texlive/2015/texmf-dist/tex/latex/multirow/multirow.sty
\bigstrutjot=\dimen105
)
(/usr/local/texlive/2015/texmf-dist/tex/latex/lettrine/lettrine.sty
File: lettrine.sty 2015/02/16 v1.8 (Daniel Flipo)
\c@DefaultLines=\count89
\c@DefaultDepth=\count90
\DefaultFindent=\dimen106
\DefaultNindent=\dimen107
\DefaultSlope=\dimen108
\DiscardVskip=\dimen109
\L@lbox=\box26
\L@tbox=\box27
\c@L@lines=\count91
\c@L@depth=\count92
\L@Pindent=\dimen110
\L@Findent=\dimen111
\L@Nindent=\dimen112
\L@lraise=\dimen113
\L@first=\dimen114
\L@next=\dimen115
\L@slope=\dimen116
\L@height=\dimen117
\L@novskip=\dimen118
\LettrineWidth=\dimen119
\LettrineHeight=\dimen120
\LettrineDepth=\dimen121

Loading lettrine.cfg
(/usr/local/texlive/2015/texmf-dist/tex/latex/lettrine/lettrine.cfg))
(/usr/local/texlive/2015/texmf-dist/tex/latex/float/float.sty
Package: float 2001/11/08 v1.3d Float enhancements (AL)
\c@float@type=\count93
\float@exts=\toks17
\float@box=\box28
\@float@everytoks=\toks18
\@floatcapt=\box29
)
(/usr/local/texlive/2015/texmf-dist/tex/latex/tools/verbatim.sty
Package: verbatim 2014/10/28 v1.5q LaTeX2e package for verbatim enhancements
\every@verbatim=\toks19
\verbatim@line=\toks20
\verbatim@in@stream=\read1
)
(/usr/local/texlive/2015/texmf-dist/tex/latex/setspace/setspace.sty
Package: setspace 2011/12/19 v6.7a set line spacing
)
(/usr/local/texlive/2015/texmf-dist/tex/latex/fixme/fixme.sty
Package: fixme 2013/01/28 v4.2 Collaborative annotations for LaTeX2e

(/usr/local/texlive/2015/texmf-dist/tex/latex/base/ifthen.sty
Package: ifthen 2014/09/29 v1.1c Standard LaTeX ifthen package (DPC)
)
(/usr/local/texlive/2015/texmf-dist/tex/latex/xkeyval/xkeyval.sty
Package: xkeyval 2014/12/03 v2.7a package option processing (HA)

(/usr/local/texlive/2015/texmf-dist/tex/generic/xkeyval/xkeyval.tex
(/usr/local/texlive/2015/texmf-dist/tex/generic/xkeyval/xkvutils.tex
\XKV@toks=\toks21
\XKV@tempa@toks=\toks22
)
\XKV@depth=\count94
File: xkeyval.tex 2014/12/03 v2.7a key=value parser (HA)
))
\c@fixmecount=\count95
\c@fxnotecount=\count96
\c@fxwarningcount=\count97
\c@fxerrorcount=\count98
\c@fxfatalcount=\count99
)
(/usr/local/texlive/2015/texmf-dist/tex/latex/fancyhdr/fancyhdr.sty
\fancy@headwidth=\skip43
\f@ncyO@elh=\skip44
\f@ncyO@erh=\skip45
\f@ncyO@olh=\skip46
\f@ncyO@orh=\skip47
\f@ncyO@elf=\skip48
\f@ncyO@erf=\skip49
\f@ncyO@olf=\skip50
\f@ncyO@orf=\skip51
)
(/usr/local/texlive/2015/texmf-dist/tex/latex/fancyvrb/fancyvrb.sty
Package: fancyvrb 2008/02/07

Style option: `fancyvrb' v2.7a, with DG/SPQR fixes, and firstline=lastline fix 
<2008/02/07> (tvz)
\FV@CodeLineNo=\count100
\FV@InFile=\read2
\FV@TabBox=\box30
\c@FancyVerbLine=\count101
\FV@StepNumber=\count102
\FV@OutFile=\write3
)
(/usr/local/texlive/2015/texmf-dist/tex/latex/hyperref/hyperref.sty
Package: hyperref 2012/11/06 v6.83m Hypertext links for LaTeX

(/usr/local/texlive/2015/texmf-dist/tex/generic/oberdiek/hobsub-hyperref.sty
Package: hobsub-hyperref 2012/05/28 v1.13 Bundle oberdiek, subset hyperref (HO)


(/usr/local/texlive/2015/texmf-dist/tex/generic/oberdiek/hobsub-generic.sty
Package: hobsub-generic 2012/05/28 v1.13 Bundle oberdiek, subset generic (HO)
Package: hobsub 2012/05/28 v1.13 Construct package bundles (HO)
Package hobsub Info: Skipping package `infwarerr' (already loaded).
Package hobsub Info: Skipping package `ltxcmds' (already loaded).
Package: ifluatex 2010/03/01 v1.3 Provides the ifluatex switch (HO)
Package ifluatex Info: LuaTeX not detected.
Package: ifvtex 2010/03/01 v1.5 Detect VTeX and its facilities (HO)
Package ifvtex Info: VTeX not detected.
Package: intcalc 2007/09/27 v1.1 Expandable calculations with integers (HO)
Package: ifpdf 2011/01/30 v2.3 Provides the ifpdf switch (HO)
Package ifpdf Info: pdfTeX in PDF mode is detected.
Package: etexcmds 2011/02/16 v1.5 Avoid name clashes with e-TeX commands (HO)
Package etexcmds Info: Could not find \expanded.
(etexcmds)             That can mean that you are not using pdfTeX 1.50 or
(etexcmds)             that some package has redefined \expanded.
(etexcmds)             In the latter case, load this package earlier.
Package: kvsetkeys 2012/04/25 v1.16 Key value parser (HO)
Package: kvdefinekeys 2011/04/07 v1.3 Define keys (HO)
Package: pdftexcmds 2011/11/29 v0.20 Utility functions of pdfTeX for LuaTeX (HO
)
Package pdftexcmds Info: LuaTeX not detected.
Package pdftexcmds Info: \pdf@primitive is available.
Package pdftexcmds Info: \pdf@ifprimitive is available.
Package pdftexcmds Info: \pdfdraftmode found.
Package: pdfescape 2011/11/25 v1.13 Implements pdfTeX's escape features (HO)
Package: bigintcalc 2012/04/08 v1.3 Expandable calculations on big integers (HO
)
Package: bitset 2011/01/30 v1.1 Handle bit-vector datatype (HO)
Package: uniquecounter 2011/01/30 v1.2 Provide unlimited unique counter (HO)
)
Package hobsub Info: Skipping package `hobsub' (already loaded).
Package: letltxmacro 2010/09/02 v1.4 Let assignment for LaTeX macros (HO)
Package: hopatch 2012/05/28 v1.2 Wrapper for package hooks (HO)
Package: xcolor-patch 2011/01/30 xcolor patch
Package: atveryend 2011/06/30 v1.8 Hooks at the very end of document (HO)
Package atveryend Info: \enddocument detected (standard20110627).
Package: atbegshi 2011/10/05 v1.16 At begin shipout hook (HO)
Package: refcount 2011/10/16 v3.4 Data extraction from label references (HO)
Package: hycolor 2011/01/30 v1.7 Color options for hyperref/bookmark (HO)
)
(/usr/local/texlive/2015/texmf-dist/tex/generic/ifxetex/ifxetex.sty
Package: ifxetex 2010/09/12 v0.6 Provides ifxetex conditional
)
(/usr/local/texlive/2015/texmf-dist/tex/latex/oberdiek/auxhook.sty
Package: auxhook 2011/03/04 v1.3 Hooks for auxiliary files (HO)
)
(/usr/local/texlive/2015/texmf-dist/tex/latex/oberdiek/kvoptions.sty
Package: kvoptions 2011/06/30 v3.11 Key value format for package options (HO)
)
\@linkdim=\dimen122
\Hy@linkcounter=\count103
\Hy@pagecounter=\count104

(/usr/local/texlive/2015/texmf-dist/tex/latex/hyperref/pd1enc.def
File: pd1enc.def 2012/11/06 v6.83m Hyperref: PDFDocEncoding definition (HO)
)
\Hy@SavedSpaceFactor=\count105

(/usr/local/texlive/2015/texmf-dist/tex/latex/latexconfig/hyperref.cfg
File: hyperref.cfg 2002/06/06 v1.2 hyperref configuration of TeXLive
)
Package hyperref Info: Hyper figures OFF on input line 4443.
Package hyperref Info: Link nesting OFF on input line 4448.
Package hyperref Info: Hyper index ON on input line 4451.
Package hyperref Info: Plain pages OFF on input line 4458.
Package hyperref Info: Backreferencing OFF on input line 4463.
Package hyperref Info: Implicit mode ON; LaTeX internals redefined.
Package hyperref Info: Bookmarks ON on input line 4688.
\c@Hy@tempcnt=\count106

(/usr/local/texlive/2015/texmf-dist/tex/latex/url/url.sty
\Urlmuskip=\muskip10
Package: url 2013/09/16  ver 3.4  Verb mode for urls, etc.
)
LaTeX Info: Redefining \url on input line 5041.
\XeTeXLinkMargin=\dimen123
\Fld@menulength=\count107
\Field@Width=\dimen124
\Fld@charsize=\dimen125
Package hyperref Info: Hyper figures OFF on input line 6295.
Package hyperref Info: Link nesting OFF on input line 6300.
Package hyperref Info: Hyper index ON on input line 6303.
Package hyperref Info: backreferencing OFF on input line 6310.
Package hyperref Info: Link coloring OFF on input line 6315.
Package hyperref Info: Link coloring with OCG OFF on input line 6320.
Package hyperref Info: PDF/A mode OFF on input line 6325.
LaTeX Info: Redefining \ref on input line 6365.
LaTeX Info: Redefining \pageref on input line 6369.
\Hy@abspage=\count108
\c@Item=\count109
\c@Hfootnote=\count110
)

Package hyperref Message: Driver (autodetected): hpdftex.

(/usr/local/texlive/2015/texmf-dist/tex/latex/hyperref/hpdftex.def
File: hpdftex.def 2012/11/06 v6.83m Hyperref driver for pdfTeX
\Fld@listcount=\count111
\c@bookmark@seq@number=\count112

(/usr/local/texlive/2015/texmf-dist/tex/latex/oberdiek/rerunfilecheck.sty
Package: rerunfilecheck 2011/04/15 v1.7 Rerun checks for auxiliary files (HO)
Package uniquecounter Info: New unique counter `rerunfilecheck' on input line 2
82.
)
\Hy@SectionHShift=\skip52
)
(/usr/local/texlive/2015/texmf-dist/tex/latex/graphics/color.sty
Package: color 2014/10/28 v1.1a Standard LaTeX Color (DPC)

(/usr/local/texlive/2015/texmf-dist/tex/latex/latexconfig/color.cfg
File: color.cfg 2007/01/18 v1.5 color configuration of teTeX/TeXLive
)
Package color Info: Driver file: pdftex.def on input line 142.
)
(/usr/local/texlive/2015/texmf-dist/tex/latex/xcolor/xcolor.sty
Package: xcolor 2007/01/21 v2.11 LaTeX color extensions (UK)

(/usr/local/texlive/2015/texmf-dist/tex/latex/latexconfig/color.cfg
File: color.cfg 2007/01/18 v1.5 color configuration of teTeX/TeXLive
)
Package xcolor Info: Driver file: pdftex.def on input line 225.
LaTeX Info: Redefining \color on input line 702.
Package xcolor Info: Model `cmy' substituted by `cmy0' on input line 1337.
Package xcolor Info: Model `hsb' substituted by `rgb' on input line 1341.
Package xcolor Info: Model `RGB' extended on input line 1353.
Package xcolor Info: Model `HTML' substituted by `rgb' on input line 1355.
Package xcolor Info: Model `Hsb' substituted by `hsb' on input line 1356.
Package xcolor Info: Model `tHsb' substituted by `hsb' on input line 1357.
Package xcolor Info: Model `HSB' substituted by `hsb' on input line 1358.
Package xcolor Info: Model `Gray' substituted by `gray' on input line 1359.
Package xcolor Info: Model `wave' substituted by `hsb' on input line 1360.
)
\GPT@outputbox=\box31

(/usr/local/texlive/2015/texmf-dist/tex/latex/pdfpages/pdfpages.sty
Package: pdfpages 2015/05/11 v0.4x Insert pages of external PDF documents (AM)

(/usr/local/texlive/2015/texmf-dist/tex/latex/tools/calc.sty
Package: calc 2014/10/28 v4.3 Infix arithmetic (KKT,FJ)
\calc@Acount=\count113
\calc@Bcount=\count114
\calc@Adimen=\dimen126
\calc@Bdimen=\dimen127
\calc@Askip=\skip53
\calc@Bskip=\skip54
LaTeX Info: Redefining \setlength on input line 80.
LaTeX Info: Redefining \addtolength on input line 81.
\calc@Ccount=\count115
\calc@Cskip=\skip55
)
(/usr/local/texlive/2015/texmf-dist/tex/latex/eso-pic/eso-pic.sty
Package: eso-pic 2015/04/20 v2.0e eso-pic (RN)
)
\AM@pagewidth=\dimen128
\AM@pageheight=\dimen129

(/usr/local/texlive/2015/texmf-dist/tex/latex/pdfpages/pppdftex.def
File: pppdftex.def 2015/05/11 v0.4x Pdfpages driver for pdfTeX (AM)
)
\AM@pagebox=\box32
\AM@toc@title=\toks23
\c@AM@survey=\count116
\AM@templatesizebox=\box33
)
(/usr/local/texlive/2015/texmf-dist/tex/latex/listings/listings.sty
\lst@mode=\count117
\lst@gtempboxa=\box34
\lst@token=\toks24
\lst@length=\count118
\lst@currlwidth=\dimen130
\lst@column=\count119
\lst@pos=\count120
\lst@lostspace=\dimen131
\lst@width=\dimen132
\lst@newlines=\count121
\lst@lineno=\count122
\lst@maxwidth=\dimen133

(/usr/local/texlive/2015/texmf-dist/tex/latex/listings/lstmisc.sty
File: lstmisc.sty 2014/09/06 1.5e (Carsten Heinz)
\c@lstnumber=\count123
\lst@skipnumbers=\count124
\lst@framebox=\box35
)
(/usr/local/texlive/2015/texmf-dist/tex/latex/listings/listings.cfg
File: listings.cfg 2014/09/06 1.5e listings configuration
))
Package: listings 2014/09/06 1.5e (Carsten Heinz)

(/usr/local/texlive/2015/texmf-dist/tex/latex/caption/caption.sty
Package: caption 2013/05/02 v3.3-89 Customizing captions (AR)

(/usr/local/texlive/2015/texmf-dist/tex/latex/caption/caption3.sty
Package: caption3 2013/05/02 v1.6-88 caption3 kernel (AR)
Package caption3 Info: TeX engine: e-TeX on input line 57.
\captionmargin=\dimen134
\captionmargin@=\dimen135
\captionwidth=\dimen136
\caption@tempdima=\dimen137
\caption@indent=\dimen138
\caption@parindent=\dimen139
\caption@hangindent=\dimen140
)
\c@ContinuedFloat=\count125
Package caption Info: float package is loaded.
Package caption Info: hyperref package is loaded.
Package caption Info: listings package is loaded.
)
(/usr/local/texlive/2015/texmf-dist/tex/latex/psnfss/times.sty
Package: times 2005/04/12 PSNFSS-v9.2a (SPQR) 
)
(/usr/local/texlive/2015/texmf-dist/tex/generic/babel/babel.sty
Package: babel 2014/09/25 3.9l The Babel package

(/usr/local/texlive/2015/texmf-dist/tex/generic/babel-spanish/spanish.ldf
Language: spanish.ldf 2014/04/24 v5.0n Spanish support from the babel system

(/usr/local/texlive/2015/texmf-dist/tex/generic/babel/babel.def
File: babel.def 2014/09/25 3.9l Babel common definitions
\babel@savecnt=\count126
\U@D=\dimen141
)
\es@quottoks=\toks25
\es@quotdepth=\count127
Package babel Info: Making " an active character on input line 516.
Package babel Info: Making . an active character on input line 617.
Package babel Info: Making < an active character on input line 662.
Package babel Info: Making > an active character on input line 662.
))
(/usr/local/texlive/2015/texmf-dist/tex/latex/listings/lstlang1.sty
File: lstlang1.sty 2014/09/06 1.5e listings language file
)
(/usr/local/texlive/2015/texmf-dist/tex/latex/listings/lstlang1.sty
File: lstlang1.sty 2014/09/06 1.5e listings language file
)
(/usr/local/texlive/2015/texmf-dist/tex/latex/listings/lstlang1.sty
File: lstlang1.sty 2014/09/06 1.5e listings language file
)
(/usr/local/texlive/2015/texmf-dist/tex/latex/listings/lstlang2.sty
File: lstlang2.sty 2014/09/06 1.5e listings language file
)
(/usr/local/texlive/2015/texmf-dist/tex/latex/listings/lstlang3.sty
File: lstlang3.sty 2014/09/06 1.5e listings language file
)
(./memoria.aux
LaTeX Info: Redefining \. on input line 23.
LaTeX Info: Redefining \% on input line 23.
)
\openout1 = `memoria.aux'.

LaTeX Font Info:    Checking defaults for OML/cmm/m/it on input line 91.
LaTeX Font Info:    ... okay on input line 91.
LaTeX Font Info:    Checking defaults for T1/cmr/m/n on input line 91.
LaTeX Font Info:    ... okay on input line 91.
LaTeX Font Info:    Checking defaults for OT1/cmr/m/n on input line 91.
LaTeX Font Info:    ... okay on input line 91.
LaTeX Font Info:    Checking defaults for OMS/cmsy/m/n on input line 91.
LaTeX Font Info:    ... okay on input line 91.
LaTeX Font Info:    Checking defaults for OMX/cmex/m/n on input line 91.
LaTeX Font Info:    ... okay on input line 91.
LaTeX Font Info:    Checking defaults for U/cmr/m/n on input line 91.
LaTeX Font Info:    ... okay on input line 91.
LaTeX Font Info:    Checking defaults for TS1/cmr/m/n on input line 91.
LaTeX Font Info:    ... okay on input line 91.
LaTeX Font Info:    Checking defaults for PD1/pdf/m/n on input line 91.
LaTeX Font Info:    ... okay on input line 91.
LaTeX Font Info:    Try loading font information for OT1+ptm on input line 91.
 (/usr/local/texlive/2015/texmf-dist/tex/latex/psnfss/ot1ptm.fd
File: ot1ptm.fd 2001/06/04 font definitions for OT1/ptm.
) (/usr/local/texlive/2015/texmf-dist/tex/context/base/supp-pdf.mkii
[Loading MPS to PDF converter (version 2006.09.02).]
\scratchcounter=\count128
\scratchdimen=\dimen142
\scratchbox=\box36
\nofMPsegments=\count129
\nofMParguments=\count130
\everyMPshowfont=\toks26
\MPscratchCnt=\count131
\MPscratchDim=\dimen143
\MPnumerator=\count132
\makeMPintoPDFobject=\count133
\everyMPtoPDFconversion=\toks27
) (/usr/local/texlive/2015/texmf-dist/tex/latex/oberdiek/epstopdf-base.sty
Package: epstopdf-base 2010/02/09 v2.5 Base part for package epstopdf

(/usr/local/texlive/2015/texmf-dist/tex/latex/oberdiek/grfext.sty
Package: grfext 2010/08/19 v1.1 Manage graphics extensions (HO)
)
Package grfext Info: Graphics extension search list:
(grfext)             [.png,.pdf,.jpg,.mps,.jpeg,.jbig2,.jb2,.PNG,.PDF,.JPG,.JPE
G,.JBIG2,.JB2,.eps]
(grfext)             \AppendGraphicsExtensions on input line 452.

(/usr/local/texlive/2015/texmf-dist/tex/latex/latexconfig/epstopdf-sys.cfg
File: epstopdf-sys.cfg 2010/07/13 v1.3 Configuration of (r)epstopdf for TeX Liv
e
))
\AtBeginShipoutBox=\box37
Package hyperref Info: Link coloring OFF on input line 91.

(/usr/local/texlive/2015/texmf-dist/tex/latex/hyperref/nameref.sty
Package: nameref 2012/10/27 v2.43 Cross-referencing by name of section

(/usr/local/texlive/2015/texmf-dist/tex/generic/oberdiek/gettitlestring.sty
Package: gettitlestring 2010/12/03 v1.4 Cleanup title references (HO)
)
\c@section@level=\count134
)
LaTeX Info: Redefining \ref on input line 91.
LaTeX Info: Redefining \pageref on input line 91.
LaTeX Info: Redefining \nameref on input line 91.

(./memoria.out) (./memoria.out)
\@outlinefile=\write4
\openout4 = `memoria.out'.

\c@lstlisting=\count135
Package caption Info: Begin \AtBeginDocument code.
Package caption Info: End \AtBeginDocument code.
LaTeX Info: Redefining \. on input line 91.
LaTeX Info: Redefining \% on input line 91.
 <escudo.png, id=156, 185.9748pt x 170.0754pt>
File: escudo.png Graphic file (type png)

<use escudo.png>
Package pdftex.def Info: escudo.png used on input line 96.
(pdftex.def)             Requested size: 158.07932pt x 144.56476pt.
LaTeX Font Info:    Font shape `OT1/ptm/bx/n' in size <17.28> not available
(Font)              Font shape `OT1/ptm/b/n' tried instead on input line 100.
LaTeX Font Info:    External font `cmex10' loaded for size
(Font)              <17.28> on input line 114.
LaTeX Font Info:    External font `cmex10' loaded for size
(Font)              <12> on input line 114.
LaTeX Font Info:    External font `cmex10' loaded for size
(Font)              <7> on input line 128.
LaTeX Font Info:    External font `cmex10' loaded for size
(Font)              <5> on input line 128.
 <escudo2.png, id=158, 126.7134pt x 144.54pt>
File: escudo2.png Graphic file (type png)

<use escudo2.png>
Package pdftex.def Info: escudo2.png used on input line 129.
(pdftex.def)             Requested size: 95.0348pt x 108.40471pt.
 [1

{/usr/local/texlive/2015/texmf-var/fonts/map/pdftex/updmap/pdftex.map} <./escud
o.png> <./escudo2.png>] [2]pdfTeX warning (ext4): destination with the same ide
ntifier (name{page.1}) has been already used, duplicate ignored
<to be read again> 
                   \relax 
l.155 \end{titlepage}
                      [1]
LaTeX Font Info:    Try loading font information for OMS+ptm on input line 159.


(/usr/local/texlive/2015/texmf-dist/tex/latex/psnfss/omsptm.fd
File: omsptm.fd 
)
LaTeX Font Info:    Font shape `OMS/ptm/m/n' in size <10> not available
(Font)              Font shape `OMS/cmsy/m/n' tried instead on input line 159.

Underfull \hbox (badness 10000) in paragraph at lines 162--163

 []


Underfull \hbox (badness 10000) in paragraph at lines 164--165

 []

[1]
LaTeX Font Info:    Font shape `OT1/ptm/bx/n' in size <24.88> not available
(Font)              Font shape `OT1/ptm/b/n' tried instead on input line 174.
 (./memoria.toc
LaTeX Info: Redefining \. on input line 1.
LaTeX Info: Redefining \% on input line 1.
LaTeX Font Info:    Font shape `OT1/ptm/bx/n' in size <10> not available
(Font)              Font shape `OT1/ptm/b/n' tried instead on input line 2.
 [2

])
\tf@toc=\write5
\openout5 = `memoria.toc'.

LaTeX Info: Redefining \. on input line 178.
LaTeX Info: Redefining \% on input line 178.
LaTeX Info: Redefining \. on input line 178.
LaTeX Info: Redefining \% on input line 178.


Package Fancyhdr Warning: \headheight is too small (12.0pt): 
 Make it at least 12.59993pt.
 We now make it that large for the rest of the document.
 This may cause the page layout to be inconsistent, however.

[3] (./memoria.lof
LaTeX Info: Redefining \. on input line 1.
LaTeX Info: Redefining \% on input line 1.
 [4

])
\tf@lof=\write6
\openout6 = `memoria.lof'.

LaTeX Info: Redefining \. on input line 182.
LaTeX Info: Redefining \% on input line 182.
LaTeX Info: Redefining \. on input line 182.
LaTeX Info: Redefining \% on input line 182.


Package Fancyhdr Warning: \headheight is too small (12.0pt): 
 Make it at least 12.59993pt.
 We now make it that large for the rest of the document.
 This may cause the page layout to be inconsistent, however.

[5] (./memoria.lot
LaTeX Info: Redefining \. on input line 1.
LaTeX Info: Redefining \% on input line 1.
)
\tf@lot=\write7
\openout7 = `memoria.lot'.

 [6

]pdfTeX warning (ext4): destination with the same identifier (name{page.I}) has
 been already used, duplicate ignored
<to be read again> 
                   \relax 
l.205 
       [1

]
LaTeX Info: Redefining \. on input line 210.
LaTeX Info: Redefining \% on input line 210.
LaTeX Info: Redefining \. on input line 210.
LaTeX Info: Redefining \% on input line 210.


Package Fancyhdr Warning: \headheight is too small (12.0pt): 
 Make it at least 12.59993pt.
 We now make it that large for the rest of the document.
 This may cause the page layout to be inconsistent, however.

pdfTeX warning (ext4): destination with the same identifier (name{page.II}) has
 been already used, duplicate ignored
<to be read again> 
                   \relax 
l.210 \end{abstract}
                     [2]
Cap\'{\i }tulo 1.
LaTeX Font Info:    Font shape `OT1/ptm/bx/n' in size <20.74> not available
(Font)              Font shape `OT1/ptm/b/n' tried instead on input line 215.
LaTeX Font Info:    Font shape `OT1/ptm/bx/n' in size <14.4> not available
(Font)              Font shape `OT1/ptm/b/n' tried instead on input line 222.
pdfTeX warning (ext4): destination with the same identifier (name{page.1}) has 
been already used, duplicate ignored
<to be read again> 
                   \relax 
l.227 \section
              {Objetivos}\label{cap.Objetivos} [1

]
LaTeX Font Info:    Font shape `OT1/ptm/bx/n' in size <12> not available
(Font)              Font shape `OT1/ptm/b/n' tried instead on input line 232.
LaTeX Info: Redefining \. on input line 255.
LaTeX Info: Redefining \% on input line 255.
LaTeX Info: Redefining \. on input line 255.
LaTeX Info: Redefining \% on input line 255.


Package Fancyhdr Warning: \headheight is too small (12.0pt): 
 Make it at least 12.73982pt.
 We now make it that large for the rest of the document.
 This may cause the page layout to be inconsistent, however.

pdfTeX warning (ext4): destination with the same identifier (name{page.2}) has 
been already used, duplicate ignored
<to be read again> 
                   \relax 
l.255 	\item C
              apítulo 2. Antecedentes. En él, se detallará un estudio previo...
[2]
LaTeX Info: Redefining \. on input line 265.
LaTeX Info: Redefining \% on input line 265.
LaTeX Info: Redefining \. on input line 265.
LaTeX Info: Redefining \% on input line 265.


Package Fancyhdr Warning: \headheight is too small (12.0pt): 
 Make it at least 12.73982pt.
 We now make it that large for the rest of the document.
 This may cause the page layout to be inconsistent, however.

[3]
Cap\'{\i }tulo 2.

Overfull \hbox (3.0592pt too wide) in paragraph at lines 267--267
[]\OT1/ptm/b/n/14.4 Seguridad in-form[]ati-ca en pe-que[]nas y me-dia-nas em-
 []

<equipamiento.png, id=331, 509.905pt x 201.75375pt>
File: equipamiento.png Graphic file (type png)
 <use equipamiento.png>
Package pdftex.def Info: equipamiento.png used on input line 276.
(pdftex.def)             Requested size: 345.0pt x 136.51346pt.

[4

] <servicios.png, id=338, 706.64pt x 409.53pt>
File: servicios.png Graphic file (type png)
 <use servicios.png>
Package pdftex.def Info: servicios.png used on input line 287.
(pdftex.def)             Requested size: 345.0pt x 199.94658pt.
LaTeX Info: Redefining \. on input line 291.
LaTeX Info: Redefining \% on input line 291.
LaTeX Info: Redefining \. on input line 291.
LaTeX Info: Redefining \% on input line 291.


Package Fancyhdr Warning: \headheight is too small (12.0pt): 
 Make it at least 12.59993pt.
 We now make it that large for the rest of the document.
 This may cause the page layout to be inconsistent, however.

[5 <./equipamiento.png>] <inteco1.png, id=345, 653.44125pt x 357.335pt>
File: inteco1.png Graphic file (type png)

<use inteco1.png>
Package pdftex.def Info: inteco1.png used on input line 300.
(pdftex.def)             Requested size: 345.0pt x 188.66145pt.
LaTeX Info: Redefining \. on input line 304.
LaTeX Info: Redefining \% on input line 304.
LaTeX Info: Redefining \. on input line 304.
LaTeX Info: Redefining \% on input line 304.


Package Fancyhdr Warning: \headheight is too small (12.0pt): 
 Make it at least 12.59993pt.
 We now make it that large for the rest of the document.
 This may cause the page layout to be inconsistent, however.

[6 <./servicios.png>] <medidas.png, id=352, 705.63625pt x 390.45876pt>
File: medidas.png Graphic file (type png)

<use medidas.png>
Package pdftex.def Info: medidas.png used on input line 312.
(pdftex.def)             Requested size: 345.0pt x 190.90344pt.
LaTeX Info: Redefining \. on input line 316.
LaTeX Info: Redefining \% on input line 316.
LaTeX Info: Redefining \. on input line 316.
LaTeX Info: Redefining \% on input line 316.


Package Fancyhdr Warning: \headheight is too small (12.0pt): 
 Make it at least 12.59993pt.
 We now make it that large for the rest of the document.
 This may cause the page layout to be inconsistent, however.

[7 <./inteco1.png>] <inteco2.png, id=358, 629.35126pt x 389.455pt>
File: inteco2.png Graphic file (type png)

<use inteco2.png>
Package pdftex.def Info: inteco2.png used on input line 325.
(pdftex.def)             Requested size: 345.0pt x 213.49373pt.
LaTeX Info: Redefining \. on input line 329.
LaTeX Info: Redefining \% on input line 329.
LaTeX Info: Redefining \. on input line 329.
LaTeX Info: Redefining \% on input line 329.


Package Fancyhdr Warning: \headheight is too small (12.0pt): 
 Make it at least 12.59993pt.
 We now make it that large for the rest of the document.
 This may cause the page layout to be inconsistent, however.

[8 <./medidas.png>] <inteco3.png, id=366, 599.23875pt x 354.32375pt>
File: inteco3.png Graphic file (type png)

<use inteco3.png>
Package pdftex.def Info: inteco3.png used on input line 336.
(pdftex.def)             Requested size: 345.0pt x 203.99948pt.
LaTeX Info: Redefining \. on input line 340.
LaTeX Info: Redefining \% on input line 340.
LaTeX Info: Redefining \. on input line 340.
LaTeX Info: Redefining \% on input line 340.


Package Fancyhdr Warning: \headheight is too small (12.0pt): 
 Make it at least 12.59993pt.
 We now make it that large for the rest of the document.
 This may cause the page layout to be inconsistent, however.

[9 <./inteco2.png>] <personal.png, id=372, 705.63625pt x 235.88126pt>
File: personal.png Graphic file (type png)

<use personal.png>
Package pdftex.def Info: personal.png used on input line 345.
(pdftex.def)             Requested size: 345.0pt x 115.32727pt.
LaTeX Info: Redefining \. on input line 351.
LaTeX Info: Redefining \% on input line 351.
LaTeX Info: Redefining \. on input line 351.
LaTeX Info: Redefining \% on input line 351.


Package Fancyhdr Warning: \headheight is too small (12.0pt): 
 Make it at least 12.59993pt.
 We now make it that large for the rest of the document.
 This may cause the page layout to be inconsistent, however.

[10 <./inteco3.png> <./personal.png>]
LaTeX Font Info:    External font `cmex10' loaded for size
(Font)              <8> on input line 358.
LaTeX Font Info:    External font `cmex10' loaded for size
(Font)              <6> on input line 358.
LaTeX Font Info:    Try loading font information for OT1+pcr on input line 358.


(/usr/local/texlive/2015/texmf-dist/tex/latex/psnfss/ot1pcr.fd
File: ot1pcr.fd 2001/06/04 font definitions for OT1/pcr.
)
<wifi.png, id=381, 85.7604pt x 54.9252pt>
File: wifi.png Graphic file (type png)
 <use wifi.png>
Package pdftex.def Info: wifi.png used on input line 361.
(pdftex.def)             Requested size: 85.76018pt x 54.92505pt.
LaTeX Info: Redefining \. on input line 368.
LaTeX Info: Redefining \% on input line 368.
LaTeX Info: Redefining \. on input line 368.
LaTeX Info: Redefining \% on input line 368.


Package Fancyhdr Warning: \headheight is too small (12.0pt): 
 Make it at least 12.59993pt.
 We now make it that large for the rest of the document.
 This may cause the page layout to be inconsistent, however.

[11 <./wifi.png>]
Underfull \hbox (badness 10000) in paragraph at lines 376--376
[]\OT1/ptm/m/n/10 Nombre del
 []


Underfull \hbox (badness 2426) in paragraph at lines 380--380
[]\OT1/ptm/m/n/10 El est[]andar com-bi-na-do 802.11c no ofre-ce
 []


Overfull \hbox (55.19534pt too wide) in paragraph at lines 374--385
 [] 
 []

LaTeX Info: Redefining \. on input line 389.
LaTeX Info: Redefining \% on input line 389.
LaTeX Info: Redefining \. on input line 389.
LaTeX Info: Redefining \% on input line 389.

Package Fancyhdr Warning: \headheight is too small (12.0pt): 
 Make it at least 12.59993pt.
 We now make it that large for the rest of the document.
 This may cause the page layout to be inconsistent, however.

[12]
Overfull \hbox (55.19534pt too wide) in paragraph at lines 392--409
 [] 
 []

LaTeX Info: Redefining \. on input line 425.
LaTeX Info: Redefining \% on input line 425.
LaTeX Info: Redefining \. on input line 425.
LaTeX Info: Redefining \% on input line 425.

Package Fancyhdr Warning: \headheight is too small (12.0pt): 
 Make it at least 12.59993pt.
 We now make it that large for the rest of the document.
 This may cause the page layout to be inconsistent, however.

[13]
LaTeX Info: Redefining \. on input line 425.
LaTeX Info: Redefining \% on input line 425.
LaTeX Info: Redefining \. on input line 425.
LaTeX Info: Redefining \% on input line 425.


Package Fancyhdr Warning: \headheight is too small (12.0pt): 
 Make it at least 12.59993pt.
 We now make it that large for the rest of the document.
 This may cause the page layout to be inconsistent, however.

[14]
LaTeX Info: Redefining \. on input line 439.
LaTeX Info: Redefining \% on input line 439.
LaTeX Info: Redefining \. on input line 439.
LaTeX Info: Redefining \% on input line 439.


Package Fancyhdr Warning: \headheight is too small (12.0pt): 
 Make it at least 12.59993pt.
 We now make it that large for the rest of the document.
 This may cause the page layout to be inconsistent, however.

[15]
LaTeX Info: Redefining \. on input line 458.
LaTeX Info: Redefining \% on input line 458.
LaTeX Info: Redefining \. on input line 458.
LaTeX Info: Redefining \% on input line 458.


Package Fancyhdr Warning: \headheight is too small (12.0pt): 
 Make it at least 12.59993pt.
 We now make it that large for the rest of the document.
 This may cause the page layout to be inconsistent, however.

[16] <WEP1.png, id=415, 487.8225pt x 284.06125pt>
File: WEP1.png Graphic file (type png)
 <use WEP1.png>
Package pdftex.def Info: WEP1.png used on input line 462.
(pdftex.def)             Requested size: 345.0pt x 200.89601pt.

Underfull \hbox (badness 6575) in paragraph at lines 466--466
[][][]\OT1/ptm/m/n/8 Algoritmo de En-crip-ta-ci[]on WEP. Re-cu-pe-ra-do de []$\
OT1/pcr/m/n/8 http : / / cursoslibres . academica .
 []


Underfull \hbox (badness 10000) in paragraph at lines 466--466
\OT1/pcr/m/n/8 mx / 206 / seguridad-[]en-[]redes / 3-[]protecciones-[]y-[]herra
mientas-[]de-[]seguridad /
 []

LaTeX Info: Redefining \. on input line 467.
LaTeX Info: Redefining \% on input line 467.
LaTeX Info: Redefining \. on input line 467.
LaTeX Info: Redefining \% on input line 467.

Package Fancyhdr Warning: \headheight is too small (12.0pt): 
 Make it at least 12.59993pt.
 We now make it that large for the rest of the document.
 This may cause the page layout to be inconsistent, however.

[17 <./WEP1.png>]
LaTeX Info: Redefining \. on input line 483.
LaTeX Info: Redefining \% on input line 483.
LaTeX Info: Redefining \. on input line 483.
LaTeX Info: Redefining \% on input line 483.


Package Fancyhdr Warning: \headheight is too small (12.0pt): 
 Make it at least 12.59993pt.
 We now make it that large for the rest of the document.
 This may cause the page layout to be inconsistent, however.

[18] <WPA.png, id=432, 460.72125pt x 318.18875pt>
File: WPA.png Graphic file (type png)
 <use WPA.png>
Package pdftex.def Info: WPA.png used on input line 486.
(pdftex.def)             Requested size: 345.0pt x 238.26712pt.
LaTeX Info: Redefining \. on input line 500.
LaTeX Info: Redefining \% on input line 500.
LaTeX Info: Redefining \. on input line 500.
LaTeX Info: Redefining \% on input line 500.


Package Fancyhdr Warning: \headheight is too small (12.0pt): 
 Make it at least 12.59993pt.
 We now make it that large for the rest of the document.
 This may cause the page layout to be inconsistent, however.

[19 <./WPA.png>]
LaTeX Info: Redefining \. on input line 521.
LaTeX Info: Redefining \% on input line 521.
LaTeX Info: Redefining \. on input line 521.
LaTeX Info: Redefining \% on input line 521.


Package Fancyhdr Warning: \headheight is too small (12.0pt): 
 Make it at least 12.59993pt.
 We now make it that large for the rest of the document.
 This may cause the page layout to be inconsistent, however.

[20]
LaTeX Info: Redefining \. on input line 539.
LaTeX Info: Redefining \% on input line 539.
LaTeX Info: Redefining \. on input line 539.
LaTeX Info: Redefining \% on input line 539.


Package Fancyhdr Warning: \headheight is too small (12.0pt): 
 Make it at least 12.59993pt.
 We now make it that large for the rest of the document.
 This may cause the page layout to be inconsistent, however.

[21] <Raspberry.png, id=459, 622.325pt x 404.51125pt>
File: Raspberry.png Graphic file (type png)
 <use Raspberry.png>
Package pdftex.def Info: Raspberry.png used on input line 563.
(pdftex.def)             Requested size: 345.0pt x 224.25333pt.
LaTeX Info: Redefining \. on input line 567.
LaTeX Info: Redefining \% on input line 567.
LaTeX Info: Redefining \. on input line 567.
LaTeX Info: Redefining \% on input line 567.


Package Fancyhdr Warning: \headheight is too small (12.0pt): 
 Make it at least 12.59993pt.
 We now make it that large for the rest of the document.
 This may cause the page layout to be inconsistent, however.

[22]
LaTeX Info: Redefining \. on input line 580.
LaTeX Info: Redefining \% on input line 580.
LaTeX Info: Redefining \. on input line 580.
LaTeX Info: Redefining \% on input line 580.


Package Fancyhdr Warning: \headheight is too small (12.0pt): 
 Make it at least 12.59993pt.
 We now make it that large for the rest of the document.
 This may cause the page layout to be inconsistent, however.

[23 <./Raspberry.png>] <kali_linux.jpg, id=483, 692.5875pt x 336.25626pt>
File: kali_linux.jpg Graphic file (type jpg)

<use kali_linux.jpg>
Package pdftex.def Info: kali_linux.jpg used on input line 589.
(pdftex.def)             Requested size: 241.49895pt x 117.2502pt.
LaTeX Info: Redefining \. on input line 595.
LaTeX Info: Redefining \% on input line 595.
LaTeX Info: Redefining \. on input line 595.
LaTeX Info: Redefining \% on input line 595.


Package Fancyhdr Warning: \headheight is too small (12.0pt): 
 Make it at least 12.59993pt.
 We now make it that large for the rest of the document.
 This may cause the page layout to be inconsistent, however.

[24 <./kali_linux.jpg>]
LaTeX Info: Redefining \. on input line 629.
LaTeX Info: Redefining \% on input line 629.
LaTeX Info: Redefining \. on input line 629.
LaTeX Info: Redefining \% on input line 629.


Package Fancyhdr Warning: \headheight is too small (12.0pt): 
 Make it at least 12.59993pt.
 We now make it that large for the rest of the document.
 This may cause the page layout to be inconsistent, however.

[25]
Underfull \hbox (badness 10000) in paragraph at lines 646--646
[][]\OT1/pcr/m/n/10 -1\OT1/ptm/m/n/10 ,
 []


Underfull \hbox (badness 10000) in paragraph at lines 647--647
[][]\OT1/pcr/m/n/10 -2\OT1/ptm/m/n/10 ,
 []


Overfull \hbox (6.86812pt too wide) in paragraph at lines 647--647
[]\OT1/pcr/m/n/10 --interactive| 
 []


Underfull \hbox (badness 10000) in paragraph at lines 648--648
[][]\OT1/pcr/m/n/10 -3\OT1/ptm/m/n/10 ,
 []


Underfull \hbox (badness 10000) in paragraph at lines 649--649
[][]\OT1/pcr/m/n/10 -4\OT1/ptm/m/n/10 ,
 []


Underfull \hbox (badness 10000) in paragraph at lines 650--650
[][]\OT1/pcr/m/n/10 -5\OT1/ptm/m/n/10 ,
 []

LaTeX Info: Redefining \. on input line 656.
LaTeX Info: Redefining \% on input line 656.
LaTeX Info: Redefining \. on input line 656.
LaTeX Info: Redefining \% on input line 656.

Package Fancyhdr Warning: \headheight is too small (12.0pt): 
 Make it at least 12.59993pt.
 We now make it that large for the rest of the document.
 This may cause the page layout to be inconsistent, however.

[26]
LaTeX Info: Redefining \. on input line 670.
LaTeX Info: Redefining \% on input line 670.
LaTeX Info: Redefining \. on input line 670.
LaTeX Info: Redefining \% on input line 670.


Package Fancyhdr Warning: \headheight is too small (12.0pt): 
 Make it at least 12.59993pt.
 We now make it that large for the rest of the document.
 This may cause the page layout to be inconsistent, however.

[27]
LaTeX Info: Redefining \. on input line 688.
LaTeX Info: Redefining \% on input line 688.
LaTeX Info: Redefining \. on input line 688.
LaTeX Info: Redefining \% on input line 688.


Package Fancyhdr Warning: \headheight is too small (12.0pt): 
 Make it at least 12.59993pt.
 We now make it that large for the rest of the document.
 This may cause the page layout to be inconsistent, however.

[28]
LaTeX Font Info:    Font shape `OT1/ptm/bx/n' in size <7> not available
(Font)              Font shape `OT1/ptm/b/n' tried instead on input line 701.
LaTeX Info: Redefining \. on input line 715.
LaTeX Info: Redefining \% on input line 715.
LaTeX Info: Redefining \. on input line 715.
LaTeX Info: Redefining \% on input line 715.


Package Fancyhdr Warning: \headheight is too small (12.0pt): 
 Make it at least 12.59993pt.
 We now make it that large for the rest of the document.
 This may cause the page layout to be inconsistent, however.

[29]
Cap\'{\i }tulo 3.
<RaspberryPi.png, id=532, 533.995pt x 368.37625pt>
File: RaspberryPi.png Graphic file (type png)
 <use RaspberryPi.png>
Package pdftex.def Info: RaspberryPi.png used on input line 725.
(pdftex.def)             Requested size: 276.00105pt x 190.40445pt.

[30

]
Underfull \hbox (badness 10000) in paragraph at lines 730--730
[][][]\OT1/ptm/m/n/8 Recuperado de []$\OT1/pcr/m/n/8 https : / / www . raspberr
ypi . org / wp-[]content / uploads / 2016 / 03 /
 []

LaTeX Info: Redefining \. on input line 745.
LaTeX Info: Redefining \% on input line 745.
LaTeX Info: Redefining \. on input line 745.
LaTeX Info: Redefining \% on input line 745.

Package Fancyhdr Warning: \headheight is too small (12.0pt): 
 Make it at least 12.59993pt.
 We now make it that large for the rest of the document.
 This may cause the page layout to be inconsistent, however.

[31 <./RaspberryPi.png>] <escritorio.png, id=546, 285.065pt x 233.87375pt>
File: escritorio.png Graphic file (type png)

<use escritorio.png>
Package pdftex.def Info: escritorio.png used on input line 748.
(pdftex.def)             Requested size: 276.00105pt x 226.43614pt.
 <conectar.png, id=547, 222.8325pt x 673.51625pt>
File: conectar.png Graphic file (type png)

<use conectar.png>
Package pdftex.def Info: conectar.png used on input line 755.
(pdftex.def)             Requested size: 103.50105pt x 312.8324pt.
LaTeX Info: Redefining \. on input line 759.
LaTeX Info: Redefining \% on input line 759.
LaTeX Info: Redefining \. on input line 759.
LaTeX Info: Redefining \% on input line 759.


Package Fancyhdr Warning: \headheight is too small (12.0pt): 
 Make it at least 12.59993pt.
 We now make it that large for the rest of the document.
 This may cause the page layout to be inconsistent, however.

[32 <./escritorio.png>]
Underfull \hbox (badness 10000) in paragraph at lines 762--762
[][][]\OT1/ptm/m/n/8 Pagina de com-pra de []$\OT1/pcr/m/n/8 http : / / www . ti
enda-[]alfanetwork . com /
 []

LaTeX Info: Redefining \. on input line 767.
LaTeX Info: Redefining \% on input line 767.
LaTeX Info: Redefining \. on input line 767.
LaTeX Info: Redefining \% on input line 767.

Package Fancyhdr Warning: \headheight is too small (12.0pt): 
 Make it at least 12.59993pt.
 We now make it that large for the rest of the document.
 This may cause the page layout to be inconsistent, however.

[33 <./conectar.png>] <alfa.png, id=563, 234.8775pt x 463.7325pt>
File: alfa.png Graphic file (type png)

<use alfa.png>
Package pdftex.def Info: alfa.png used on input line 772.
(pdftex.def)             Requested size: 68.99895pt x 136.22675pt.

Overfull \hbox (62.99997pt too wide) in paragraph at lines 782--782
[][][]\OT1/ptm/m/n/8 Recuperado de []$\OT1/pcr/m/n/8 http : / / docs . kali . o
rg / kali-[]on-[]arm / install-[]kali-[]arm-[]on-[]a-[]beaglebone-[]black$[]| 
 []


Overfull \hbox (99.06908pt too wide) in paragraph at lines 787--788
[]\OT1/ptm/m/n/10 Desde Li-nux o Mac OS: Con la or-den \OT1/pcr/m/n/10 dd if=/U
sers/luis/Desktop/kali-2.1.2-rpi2.img
 []

LaTeX Info: Redefining \. on input line 788.
LaTeX Info: Redefining \% on input line 788.
LaTeX Info: Redefining \. on input line 788.
LaTeX Info: Redefining \% on input line 788.

Package Fancyhdr Warning: \headheight is too small (12.0pt): 
 Make it at least 12.59993pt.
 We now make it that large for the rest of the document.
 This may cause the page layout to be inconsistent, however.

[34 <./alfa.png>] <interfaz.png, id=574, 318.18875pt x 547.04375pt>
File: interfaz.png Graphic file (type png)

<use interfaz.png>
Package pdftex.def Info: interfaz.png used on input line 809.
(pdftex.def)             Requested size: 189.75105pt x 326.22545pt.
LaTeX Info: Redefining \. on input line 813.
LaTeX Info: Redefining \% on input line 813.
LaTeX Info: Redefining \. on input line 813.
LaTeX Info: Redefining \% on input line 813.


Package Fancyhdr Warning: \headheight is too small (12.0pt): 
 Make it at least 12.59993pt.
 We now make it that large for the rest of the document.
 This may cause the page layout to be inconsistent, however.

[35]
LaTeX Info: Redefining \. on input line 823.
LaTeX Info: Redefining \% on input line 823.
LaTeX Info: Redefining \. on input line 823.
LaTeX Info: Redefining \% on input line 823.


Package Fancyhdr Warning: \headheight is too small (12.0pt): 
 Make it at least 12.59993pt.
 We now make it that large for the rest of the document.
 This may cause the page layout to be inconsistent, however.

[36 <./interfaz.png>]
Package hyperref Info: bookmark level for unknown lstlisting defaults to 0 on i
nput line 840.

Overfull \hbox (6.0pt too wide) in paragraph at lines 840--840
[][][][][][][] 
 []

LaTeX Font Info:    Font shape `OT1/ptm/bx/n' in size <8> not available
(Font)              Font shape `OT1/ptm/b/n' tried instead on input line 841.
LaTeX Font Info:    Font shape `OT1/pcr/bx/n' in size <8> not available
(Font)              Font shape `OT1/pcr/b/n' tried instead on input line 841.
LaTeX Info: Redefining \. on input line 854.
LaTeX Info: Redefining \% on input line 854.
LaTeX Info: Redefining \. on input line 854.
LaTeX Info: Redefining \% on input line 854.

Package Fancyhdr Warning: \headheight is too small (12.0pt): 
 Make it at least 12.59993pt.
 We now make it that large for the rest of the document.
 This may cause the page layout to be inconsistent, however.

[37]
Overfull \hbox (6.0pt too wide) in paragraph at lines 856--856
[][][][][][][] 
 []


Overfull \hbox (6.0pt too wide) in paragraph at lines 872--872
[][][][][][][] 
 []

<Interfaz1.png, id=604, 882.29625pt x 639.38875pt>
File: Interfaz1.png Graphic file (type png)
 <use Interfaz1.png>
Package pdftex.def Info: Interfaz1.png used on input line 886.
(pdftex.def)             Requested size: 345.0pt x 250.01427pt.
LaTeX Info: Redefining \. on input line 890.
LaTeX Info: Redefining \% on input line 890.
LaTeX Info: Redefining \. on input line 890.
LaTeX Info: Redefining \% on input line 890.


Package Fancyhdr Warning: \headheight is too small (12.0pt): 
 Make it at least 12.59993pt.
 We now make it that large for the rest of the document.
 This may cause the page layout to be inconsistent, however.

[38]
Overfull \hbox (31.00003pt too wide) in paragraph at lines 893--893
[][][][][][][] 
 []

LaTeX Info: Redefining \. on input line 917.
LaTeX Info: Redefining \% on input line 917.
LaTeX Info: Redefining \. on input line 917.
LaTeX Info: Redefining \% on input line 917.

Package Fancyhdr Warning: \headheight is too small (12.0pt): 
 Make it at least 12.59993pt.
 We now make it that large for the rest of the document.
 This may cause the page layout to be inconsistent, however.

[39 <./Interfaz1.png>] <Interfaz2.png, id=662, 878.28125pt x 635.37375pt>
File: Interfaz2.png Graphic file (type png)

<use Interfaz2.png>
Package pdftex.def Info: Interfaz2.png used on input line 931.
(pdftex.def)             Requested size: 345.0pt x 249.58833pt.

Overfull \hbox (31.00003pt too wide) in paragraph at lines 937--937
[][][][][][][] 
 []

LaTeX Info: Redefining \. on input line 946.
LaTeX Info: Redefining \% on input line 946.
LaTeX Info: Redefining \. on input line 946.
LaTeX Info: Redefining \% on input line 946.

Package Fancyhdr Warning: \headheight is too small (12.0pt): 
 Make it at least 12.59993pt.
 We now make it that large for the rest of the document.
 This may cause the page layout to be inconsistent, however.

[40 <./Interfaz2.png>] <Interfaz3.png, id=687, 859.21pt x 630.355pt>
File: Interfaz3.png Graphic file (type png)

<use Interfaz3.png>
Package pdftex.def Info: Interfaz3.png used on input line 974.
(pdftex.def)             Requested size: 345.0pt x 253.109pt.
LaTeX Info: Redefining \. on input line 981.
LaTeX Info: Redefining \% on input line 981.
LaTeX Info: Redefining \. on input line 981.
LaTeX Info: Redefining \% on input line 981.


Package Fancyhdr Warning: \headheight is too small (12.0pt): 
 Make it at least 12.59993pt.
 We now make it that large for the rest of the document.
 This may cause the page layout to be inconsistent, however.

[41 <./Interfaz3.png>]
Overfull \hbox (31.00003pt too wide) in paragraph at lines 981--981
[][][][][][][] 
 []

<Interfaz4.png, id=716, 855.195pt x 628.3475pt>
File: Interfaz4.png Graphic file (type png)
 <use Interfaz4.png>
Package pdftex.def Info: Interfaz4.png used on input line 1020.
(pdftex.def)             Requested size: 345.0pt x 253.48221pt.
LaTeX Info: Redefining \. on input line 1024.
LaTeX Info: Redefining \% on input line 1024.
LaTeX Info: Redefining \. on input line 1024.
LaTeX Info: Redefining \% on input line 1024.


Package Fancyhdr Warning: \headheight is too small (12.0pt): 
 Make it at least 12.59993pt.
 We now make it that large for the rest of the document.
 This may cause the page layout to be inconsistent, however.

[42]
Overfull \hbox (31.00003pt too wide) in paragraph at lines 1027--1027
[][][][][][][] 
 []

LaTeX Info: Redefining \. on input line 1049.
LaTeX Info: Redefining \% on input line 1049.
LaTeX Info: Redefining \. on input line 1049.
LaTeX Info: Redefining \% on input line 1049.

Package Fancyhdr Warning: \headheight is too small (12.0pt): 
 Make it at least 12.59993pt.
 We now make it that large for the rest of the document.
 This may cause the page layout to be inconsistent, however.

[43 <./Interfaz4.png>] <Interfaz5.png, id=781, 856.19875pt x 631.35875pt>
File: Interfaz5.png Graphic file (type png)

<use Interfaz5.png>
Package pdftex.def Info: Interfaz5.png used on input line 1065.
(pdftex.def)             Requested size: 345.0pt x 254.39833pt.
LaTeX Info: Redefining \. on input line 1080.
LaTeX Info: Redefining \% on input line 1080.
LaTeX Info: Redefining \. on input line 1080.
LaTeX Info: Redefining \% on input line 1080.


Package Fancyhdr Warning: \headheight is too small (12.0pt): 
 Make it at least 12.59993pt.
 We now make it that large for the rest of the document.
 This may cause the page layout to be inconsistent, however.

[44 <./Interfaz5.png>]
LaTeX Info: Redefining \. on input line 1093.
LaTeX Info: Redefining \% on input line 1093.
LaTeX Info: Redefining \. on input line 1093.
LaTeX Info: Redefining \% on input line 1093.


Package Fancyhdr Warning: \headheight is too small (12.0pt): 
 Make it at least 12.59993pt.
 We now make it that large for the rest of the document.
 This may cause the page layout to be inconsistent, however.

[45] <ataque.png, id=803, 354.32375pt x 676.5275pt>
File: ataque.png Graphic file (type png)
 <use ataque.png>
Package pdftex.def Info: ataque.png used on input line 1097.
(pdftex.def)             Requested size: 241.49895pt x 461.11652pt.
LaTeX Info: Redefining \. on input line 1106.
LaTeX Info: Redefining \% on input line 1106.
LaTeX Info: Redefining \. on input line 1106.
LaTeX Info: Redefining \% on input line 1106.


Package Fancyhdr Warning: \headheight is too small (12.0pt): 
 Make it at least 12.59993pt.
 We now make it that large for the rest of the document.
 This may cause the page layout to be inconsistent, however.

[46 <./ataque.png>]
Overfull \hbox (6.0pt too wide) in paragraph at lines 1107--1107
[][][][][][][] 
 []

LaTeX Info: Redefining \. on input line 1128.
LaTeX Info: Redefining \% on input line 1128.
LaTeX Info: Redefining \. on input line 1128.
LaTeX Info: Redefining \% on input line 1128.

Package Fancyhdr Warning: \headheight is too small (12.0pt): 
 Make it at least 12.59993pt.
 We now make it that large for the rest of the document.
 This may cause the page layout to be inconsistent, however.

[47]
LaTeX Info: Redefining \. on input line 1170.
LaTeX Info: Redefining \% on input line 1170.
LaTeX Info: Redefining \. on input line 1170.
LaTeX Info: Redefining \% on input line 1170.


Package Fancyhdr Warning: \headheight is too small (12.0pt): 
 Make it at least 12.59993pt.
 We now make it that large for the rest of the document.
 This may cause the page layout to be inconsistent, however.

[48]
Overfull \hbox (6.0pt too wide) in paragraph at lines 1170--1170
[][][][][][][] 
 []

LaTeX Info: Redefining \. on input line 1215.
LaTeX Info: Redefining \% on input line 1215.
LaTeX Info: Redefining \. on input line 1215.
LaTeX Info: Redefining \% on input line 1215.

Package Fancyhdr Warning: \headheight is too small (12.0pt): 
 Make it at least 12.59993pt.
 We now make it that large for the rest of the document.
 This may cause the page layout to be inconsistent, however.

[49]
Overfull \hbox (6.0pt too wide) in paragraph at lines 1218--1218
[][][][][][][] 
 []

(./Atacarreaver().txt
LaTeX Info: Redefining \. on input line 22.
LaTeX Info: Redefining \% on input line 22.
LaTeX Info: Redefining \. on input line 22.
LaTeX Info: Redefining \% on input line 22.


Package Fancyhdr Warning: \headheight is too small (12.0pt): 
 Make it at least 12.59993pt.
 We now make it that large for the rest of the document.
 This may cause the page layout to be inconsistent, however.

[50]
LaTeX Info: Redefining \. on input line 70.
LaTeX Info: Redefining \% on input line 70.
LaTeX Info: Redefining \. on input line 70.
LaTeX Info: Redefining \% on input line 70.


Package Fancyhdr Warning: \headheight is too small (12.0pt): 
 Make it at least 12.59993pt.
 We now make it that large for the rest of the document.
 This may cause the page layout to be inconsistent, however.

[51])
Overfull \hbox (6.0pt too wide) in paragraph at lines 1223--1223
[][][][][][][] 
 []

LaTeX Info: Redefining \. on input line 1248.
LaTeX Info: Redefining \% on input line 1248.
LaTeX Info: Redefining \. on input line 1248.
LaTeX Info: Redefining \% on input line 1248.

Package Fancyhdr Warning: \headheight is too small (12.0pt): 
 Make it at least 12.59993pt.
 We now make it that large for the rest of the document.
 This may cause the page layout to be inconsistent, however.

[52]
LaTeX Info: Redefining \. on input line 1295.
LaTeX Info: Redefining \% on input line 1295.
LaTeX Info: Redefining \. on input line 1295.
LaTeX Info: Redefining \% on input line 1295.


Package Fancyhdr Warning: \headheight is too small (12.0pt): 
 Make it at least 12.59993pt.
 We now make it that large for the rest of the document.
 This may cause the page layout to be inconsistent, however.

[53]
Overfull \hbox (6.0pt too wide) in paragraph at lines 1332--1332
[][][][][][][] 
 []

LaTeX Info: Redefining \. on input line 1334.
LaTeX Info: Redefining \% on input line 1334.
LaTeX Info: Redefining \. on input line 1334.
LaTeX Info: Redefining \% on input line 1334.

Package Fancyhdr Warning: \headheight is too small (12.0pt): 
 Make it at least 12.59993pt.
 We now make it that large for the rest of the document.
 This may cause the page layout to be inconsistent, however.

[54]
LaTeX Info: Redefining \. on input line 1383.
LaTeX Info: Redefining \% on input line 1383.
LaTeX Info: Redefining \. on input line 1383.
LaTeX Info: Redefining \% on input line 1383.


Package Fancyhdr Warning: \headheight is too small (12.0pt): 
 Make it at least 12.59993pt.
 We now make it that large for the rest of the document.
 This may cause the page layout to be inconsistent, however.

[55]
Overfull \hbox (6.0pt too wide) in paragraph at lines 1390--1390
[][][][][][][] 
 []

<informe.png, id=1171, 477.785pt x 516.93124pt>
File: informe.png Graphic file (type png)
 <use informe.png>
Package pdftex.def Info: informe.png used on input line 1435.
(pdftex.def)             Requested size: 207.0021pt x 223.95618pt.
LaTeX Info: Redefining \. on input line 1438.
LaTeX Info: Redefining \% on input line 1438.
LaTeX Info: Redefining \. on input line 1438.
LaTeX Info: Redefining \% on input line 1438.


Package Fancyhdr Warning: \headheight is too small (12.0pt): 
 Make it at least 12.59993pt.
 We now make it that large for the rest of the document.
 This may cause the page layout to be inconsistent, however.

[56] <InformeWEP.png, id=1212, 924.45375pt x 426.59375pt>
File: InformeWEP.png Graphic file (type png)
 <use InformeWEP.png>
Package pdftex.def Info: InformeWEP.png used on input line 1445.
(pdftex.def)             Requested size: 413.99895pt x 191.04109pt.

Overfull \hbox (68.99895pt too wide) in paragraph at lines 1445--1446
 [][] 
 []

LaTeX Info: Redefining \. on input line 1449.
LaTeX Info: Redefining \% on input line 1449.
LaTeX Info: Redefining \. on input line 1449.
LaTeX Info: Redefining \% on input line 1449.

Package Fancyhdr Warning: \headheight is too small (12.0pt): 
 Make it at least 12.59993pt.
 We now make it that large for the rest of the document.
 This may cause the page layout to be inconsistent, however.

[57 <./informe.png>]
Overfull \hbox (6.0pt too wide) in paragraph at lines 1451--1451
[][][][][][][] 
 []


Overfull \hbox (6.0pt too wide) in paragraph at lines 1467--1467
[][][][][][][] 
 []

LaTeX Info: Redefining \. on input line 1467.
LaTeX Info: Redefining \% on input line 1467.
LaTeX Info: Redefining \. on input line 1467.
LaTeX Info: Redefining \% on input line 1467.

Package Fancyhdr Warning: \headheight is too small (12.0pt): 
 Make it at least 12.59993pt.
 We now make it that large for the rest of the document.
 This may cause the page layout to be inconsistent, however.

[58 <./InformeWEP.png>]
(/usr/local/texlive/2015/texmf-dist/tex/latex/listings/lstlang1.sty
File: lstlang1.sty 2014/09/06 1.5e listings language file
)
(/usr/local/texlive/2015/texmf-dist/tex/latex/listings/lstlang2.sty
File: lstlang2.sty 2014/09/06 1.5e listings language file
)
(/usr/local/texlive/2015/texmf-dist/tex/latex/listings/lstlang3.sty
File: lstlang3.sty 2014/09/06 1.5e listings language file
)
(/usr/local/texlive/2015/texmf-dist/tex/latex/listings/lstlang1.sty
File: lstlang1.sty 2014/09/06 1.5e listings language file
)
(/usr/local/texlive/2015/texmf-dist/tex/latex/listings/lstlang2.sty
File: lstlang2.sty 2014/09/06 1.5e listings language file
)
(/usr/local/texlive/2015/texmf-dist/tex/latex/listings/lstlang3.sty
File: lstlang3.sty 2014/09/06 1.5e listings language file
)
(/usr/local/texlive/2015/texmf-dist/tex/latex/listings/lstlang1.sty
File: lstlang1.sty 2014/09/06 1.5e listings language file
)
(/usr/local/texlive/2015/texmf-dist/tex/latex/listings/lstlang2.sty
File: lstlang2.sty 2014/09/06 1.5e listings language file
)
(/usr/local/texlive/2015/texmf-dist/tex/latex/listings/lstlang3.sty
File: lstlang3.sty 2014/09/06 1.5e listings language file
)
(/usr/local/texlive/2015/texmf-dist/tex/latex/listings/lstmisc.sty
File: lstmisc.sty 2014/09/06 1.5e (Carsten Heinz)
)
Overfull \hbox (6.0pt too wide) in paragraph at lines 1491--1491
[][][][][][][] 
 []

(./SECWEP1-Template.tex.txt)
Overfull \hbox (6.0pt too wide) in paragraph at lines 1494--1494
[][][][][][][] 
 []

(./INF-WEP.tex.txt
LaTeX Info: Redefining \. on input line 5.
LaTeX Info: Redefining \% on input line 5.
LaTeX Info: Redefining \. on input line 5.
LaTeX Info: Redefining \% on input line 5.


Package Fancyhdr Warning: \headheight is too small (12.0pt): 
 Make it at least 12.59993pt.
 We now make it that large for the rest of the document.
 This may cause the page layout to be inconsistent, however.

[59])
Overfull \hbox (6.0pt too wide) in paragraph at lines 1502--1502
[][][][][][][] 
 []


Overfull \hbox (6.0pt too wide) in paragraph at lines 1530--1530
[][][][][][][] 
 []

(./SUBSDOS-Template.tex.txt
LaTeX Info: Redefining \. on input line 3.
LaTeX Info: Redefining \% on input line 3.
LaTeX Info: Redefining \. on input line 3.
LaTeX Info: Redefining \% on input line 3.


Package Fancyhdr Warning: \headheight is too small (12.0pt): 
 Make it at least 12.59993pt.
 We now make it that large for the rest of the document.
 This may cause the page layout to be inconsistent, however.

[60])
Overfull \hbox (6.0pt too wide) in paragraph at lines 1536--1536
[][][][][][][] 
 []

(./INF-SUBSDOS.tex.txt
LaTeX Info: Redefining \. on input line 8.
LaTeX Info: Redefining \% on input line 8.
LaTeX Info: Redefining \. on input line 8.
LaTeX Info: Redefining \% on input line 8.


Package Fancyhdr Warning: \headheight is too small (12.0pt): 
 Make it at least 12.59993pt.
 We now make it that large for the rest of the document.
 This may cause the page layout to be inconsistent, however.

[61])
Overfull \hbox (6.0pt too wide) in paragraph at lines 1544--1544
[][][][][][][] 
 []

(./SUBSWEP1.py.txt
LaTeX Info: Redefining \. on input line 6.
LaTeX Info: Redefining \% on input line 6.
LaTeX Info: Redefining \. on input line 6.
LaTeX Info: Redefining \% on input line 6.


Package Fancyhdr Warning: \headheight is too small (12.0pt): 
 Make it at least 12.59993pt.
 We now make it that large for the rest of the document.
 This may cause the page layout to be inconsistent, however.

[62])
Overfull \hbox (6.0pt too wide) in paragraph at lines 1550--1550
[][][][][][][] 
 []

(./SUBSWEP1-Template.tex.txt
LaTeX Info: Redefining \. on input line 27.
LaTeX Info: Redefining \% on input line 27.
LaTeX Info: Redefining \. on input line 27.
LaTeX Info: Redefining \% on input line 27.


Package Fancyhdr Warning: \headheight is too small (12.0pt): 
 Make it at least 12.59993pt.
 We now make it that large for the rest of the document.
 This may cause the page layout to be inconsistent, however.

[63])
Overfull \hbox (6.0pt too wide) in paragraph at lines 1558--1558
[][][][][][][] 
 []

(./INF-SUBSWEP1.tex.txt
LaTeX Info: Redefining \. on input line 22.
LaTeX Info: Redefining \% on input line 22.
LaTeX Info: Redefining \. on input line 22.
LaTeX Info: Redefining \% on input line 22.


Package Fancyhdr Warning: \headheight is too small (12.0pt): 
 Make it at least 12.59993pt.
 We now make it that large for the rest of the document.
 This may cause the page layout to be inconsistent, however.

[64])
Overfull \hbox (6.0pt too wide) in paragraph at lines 1563--1563
[][][][][][][] 
 []

(./CrearInformeWEP().txt)
Overfull \hbox (6.0pt too wide) in paragraph at lines 1570--1570
[][][][][][][] 
 []

LaTeX Info: Redefining \. on input line 1570.
LaTeX Info: Redefining \% on input line 1570.
LaTeX Info: Redefining \. on input line 1570.
LaTeX Info: Redefining \% on input line 1570.

Package Fancyhdr Warning: \headheight is too small (12.0pt): 
 Make it at least 12.59993pt.
 We now make it that large for the rest of the document.
 This may cause the page layout to be inconsistent, however.

[65] (./CrearInformeWPA().txt)
<informeWPA.png, id=1565, 1059.96pt x 326.21875pt>
File: informeWPA.png Graphic file (type png)
 <use informeWPA.png>
Package pdftex.def Info: informeWPA.png used on input line 1574.
(pdftex.def)             Requested size: 413.99895pt x 127.41394pt.

Overfull \hbox (68.99895pt too wide) in paragraph at lines 1574--1575
 [][] 
 []

LaTeX Info: Redefining \. on input line 1586.
LaTeX Info: Redefining \% on input line 1586.
LaTeX Info: Redefining \. on input line 1586.
LaTeX Info: Redefining \% on input line 1586.

Package Fancyhdr Warning: \headheight is too small (12.0pt): 
 Make it at least 12.59993pt.
 We now make it that large for the rest of the document.
 This may cause the page layout to be inconsistent, however.

[66 <./informeWPA.png>]
Cap\'{\i }tulo 4.
[67

]
LaTeX Info: Redefining \. on input line 1614.
LaTeX Info: Redefining \% on input line 1614.
LaTeX Info: Redefining \. on input line 1614.
LaTeX Info: Redefining \% on input line 1614.


Package Fancyhdr Warning: \headheight is too small (12.0pt): 
 Make it at least 12.59993pt.
 We now make it that large for the rest of the document.
 This may cause the page layout to be inconsistent, however.

[68]
Ap\'{e}ndice A.
<informe_WEP.pdf, id=1589, 614.295pt x 794.97pt>
File: informe_WEP.pdf Graphic file (type pdf)
 <use informe_WEP.pdf>
Package pdftex.def Info: informe_WEP.pdf used on input line 1615.
(pdftex.def)             Requested size: 614.29349pt x 794.96806pt.
File: informe_WEP.pdf Graphic file (type pdf)

<use informe_WEP.pdf>
Package pdftex.def Info: informe_WEP.pdf used on input line 1615.
(pdftex.def)             Requested size: 614.29349pt x 794.96806pt.
 <informe_WEP.pdf, id=1592, page=1, 614.295pt x 794.97pt>
File: informe_WEP.pdf Graphic file (type pdf)

<use informe_WEP.pdf, page 1>
Package pdftex.def Info: informe_WEP.pdf, page1 used on input line 1615.
(pdftex.def)             Requested size: 614.29349pt x 794.96806pt.
File: informe_WEP.pdf Graphic file (type pdf)
 <use informe_WEP.pdf, page 1>
Package pdftex.def Info: informe_WEP.pdf, page1 used on input line 1615.
(pdftex.def)             Requested size: 491.43666pt x 635.97687pt.
File: informe_WEP.pdf Graphic file (type pdf)

<use informe_WEP.pdf, page 1>
Package pdftex.def Info: informe_WEP.pdf, page1 used on input line 1615.
(pdftex.def)             Requested size: 491.43666pt x 635.97687pt.
File: informe_WEP.pdf Graphic file (type pdf)
 <use informe_WEP.pdf, page 1>
Package pdftex.def Info: informe_WEP.pdf, page1 used on input line 1615.
(pdftex.def)             Requested size: 491.43666pt x 635.97687pt.
 [69

]
<informe_WEP.pdf, id=1601, page=2, 614.295pt x 794.97pt>
File: informe_WEP.pdf Graphic file (type pdf)

<use informe_WEP.pdf, page 2>
Package pdftex.def Info: informe_WEP.pdf, page2 used on input line 1615.
(pdftex.def)             Requested size: 491.43666pt x 635.97687pt.
File: informe_WEP.pdf Graphic file (type pdf)
 <use informe_WEP.pdf, page 2>
Package pdftex.def Info: informe_WEP.pdf, page2 used on input line 1615.
(pdftex.def)             Requested size: 491.43666pt x 635.97687pt.
LaTeX Info: Redefining \. on input line 1615.
LaTeX Info: Redefining \% on input line 1615.


Package Fancyhdr Warning: \headheight is too small (12.0pt): 
 Make it at least 12.59993pt.
 We now make it that large for the rest of the document.
 This may cause the page layout to be inconsistent, however.

File: informe_WEP.pdf Graphic file (type pdf)
<use informe_WEP.pdf, page 1>
Package pdftex.def Info: informe_WEP.pdf, page1 used on input line 1615.
(pdftex.def)             Requested size: 491.43666pt x 635.97687pt.
 [70 <./informe_WEP.pdf>]
<informe_WEP.pdf, id=1627, page=3, 614.295pt x 794.97pt>
File: informe_WEP.pdf Graphic file (type pdf)

<use informe_WEP.pdf, page 3>
Package pdftex.def Info: informe_WEP.pdf, page3 used on input line 1615.
(pdftex.def)             Requested size: 491.43666pt x 635.97687pt.
File: informe_WEP.pdf Graphic file (type pdf)
 <use informe_WEP.pdf, page 3>
Package pdftex.def Info: informe_WEP.pdf, page3 used on input line 1615.
(pdftex.def)             Requested size: 491.43666pt x 635.97687pt.
LaTeX Info: Redefining \. on input line 1615.
LaTeX Info: Redefining \% on input line 1615.


Package Fancyhdr Warning: \headheight is too small (12.0pt): 
 Make it at least 12.59993pt.
 We now make it that large for the rest of the document.
 This may cause the page layout to be inconsistent, however.

File: informe_WEP.pdf Graphic file (type pdf)
<use informe_WEP.pdf, page 2>
Package pdftex.def Info: informe_WEP.pdf, page2 used on input line 1615.
(pdftex.def)             Requested size: 491.43666pt x 635.97687pt.
 [71 <./informe_WEP.pdf>]
<informe_WEP.pdf, id=1644, page=4, 614.295pt x 794.97pt>
File: informe_WEP.pdf Graphic file (type pdf)

<use informe_WEP.pdf, page 4>
Package pdftex.def Info: informe_WEP.pdf, page4 used on input line 1615.
(pdftex.def)             Requested size: 491.43666pt x 635.97687pt.
File: informe_WEP.pdf Graphic file (type pdf)
 <use informe_WEP.pdf, page 4>
Package pdftex.def Info: informe_WEP.pdf, page4 used on input line 1615.
(pdftex.def)             Requested size: 491.43666pt x 635.97687pt.
LaTeX Info: Redefining \. on input line 1615.
LaTeX Info: Redefining \% on input line 1615.


Package Fancyhdr Warning: \headheight is too small (12.0pt): 
 Make it at least 12.59993pt.
 We now make it that large for the rest of the document.
 This may cause the page layout to be inconsistent, however.

File: informe_WEP.pdf Graphic file (type pdf)
<use informe_WEP.pdf, page 3>
Package pdftex.def Info: informe_WEP.pdf, page3 used on input line 1615.
(pdftex.def)             Requested size: 491.43666pt x 635.97687pt.
 [72 <./informe_WEP.pdf>]
<informe_WEP.pdf, id=1658, page=5, 614.295pt x 794.97pt>
File: informe_WEP.pdf Graphic file (type pdf)

<use informe_WEP.pdf, page 5>
Package pdftex.def Info: informe_WEP.pdf, page5 used on input line 1615.
(pdftex.def)             Requested size: 491.43666pt x 635.97687pt.
File: informe_WEP.pdf Graphic file (type pdf)
 <use informe_WEP.pdf, page 5>
Package pdftex.def Info: informe_WEP.pdf, page5 used on input line 1615.
(pdftex.def)             Requested size: 491.43666pt x 635.97687pt.
LaTeX Info: Redefining \. on input line 1615.
LaTeX Info: Redefining \% on input line 1615.


Package Fancyhdr Warning: \headheight is too small (12.0pt): 
 Make it at least 12.59993pt.
 We now make it that large for the rest of the document.
 This may cause the page layout to be inconsistent, however.

File: informe_WEP.pdf Graphic file (type pdf)
<use informe_WEP.pdf, page 4>
Package pdftex.def Info: informe_WEP.pdf, page4 used on input line 1615.
(pdftex.def)             Requested size: 491.43666pt x 635.97687pt.
 [73 <./informe_WEP.pdf>]
<informe_WEP.pdf, id=1675, page=6, 614.295pt x 794.97pt>
File: informe_WEP.pdf Graphic file (type pdf)

<use informe_WEP.pdf, page 6>
Package pdftex.def Info: informe_WEP.pdf, page6 used on input line 1615.
(pdftex.def)             Requested size: 491.43666pt x 635.97687pt.
File: informe_WEP.pdf Graphic file (type pdf)
 <use informe_WEP.pdf, page 6>
Package pdftex.def Info: informe_WEP.pdf, page6 used on input line 1615.
(pdftex.def)             Requested size: 491.43666pt x 635.97687pt.
LaTeX Info: Redefining \. on input line 1615.
LaTeX Info: Redefining \% on input line 1615.


Package Fancyhdr Warning: \headheight is too small (12.0pt): 
 Make it at least 12.59993pt.
 We now make it that large for the rest of the document.
 This may cause the page layout to be inconsistent, however.

File: informe_WEP.pdf Graphic file (type pdf)
<use informe_WEP.pdf, page 5>
Package pdftex.def Info: informe_WEP.pdf, page5 used on input line 1615.
(pdftex.def)             Requested size: 491.43666pt x 635.97687pt.
 [74 <./informe_WEP.pdf>]
<informe_WEP.pdf, id=1685, page=7, 614.295pt x 794.97pt>
File: informe_WEP.pdf Graphic file (type pdf)

<use informe_WEP.pdf, page 7>
Package pdftex.def Info: informe_WEP.pdf, page7 used on input line 1615.
(pdftex.def)             Requested size: 491.43666pt x 635.97687pt.
File: informe_WEP.pdf Graphic file (type pdf)
 <use informe_WEP.pdf, page 7>
Package pdftex.def Info: informe_WEP.pdf, page7 used on input line 1615.
(pdftex.def)             Requested size: 491.43666pt x 635.97687pt.
LaTeX Info: Redefining \. on input line 1615.
LaTeX Info: Redefining \% on input line 1615.


Package Fancyhdr Warning: \headheight is too small (12.0pt): 
 Make it at least 12.59993pt.
 We now make it that large for the rest of the document.
 This may cause the page layout to be inconsistent, however.

File: informe_WEP.pdf Graphic file (type pdf)
<use informe_WEP.pdf, page 6>
Package pdftex.def Info: informe_WEP.pdf, page6 used on input line 1615.
(pdftex.def)             Requested size: 491.43666pt x 635.97687pt.
 [75 <./informe_WEP.pdf>]
<informe_WEP.pdf, id=1698, page=8, 614.295pt x 794.97pt>
File: informe_WEP.pdf Graphic file (type pdf)

<use informe_WEP.pdf, page 8>
Package pdftex.def Info: informe_WEP.pdf, page8 used on input line 1615.
(pdftex.def)             Requested size: 491.43666pt x 635.97687pt.
File: informe_WEP.pdf Graphic file (type pdf)
 <use informe_WEP.pdf, page 8>
Package pdftex.def Info: informe_WEP.pdf, page8 used on input line 1615.
(pdftex.def)             Requested size: 491.43666pt x 635.97687pt.
LaTeX Info: Redefining \. on input line 1615.
LaTeX Info: Redefining \% on input line 1615.


Package Fancyhdr Warning: \headheight is too small (12.0pt): 
 Make it at least 12.59993pt.
 We now make it that large for the rest of the document.
 This may cause the page layout to be inconsistent, however.

File: informe_WEP.pdf Graphic file (type pdf)
<use informe_WEP.pdf, page 7>
Package pdftex.def Info: informe_WEP.pdf, page7 used on input line 1615.
(pdftex.def)             Requested size: 491.43666pt x 635.97687pt.
 [76 <./informe_WEP.pdf>]
<informe_WEP.pdf, id=1707, page=9, 614.295pt x 794.97pt>
File: informe_WEP.pdf Graphic file (type pdf)

<use informe_WEP.pdf, page 9>
Package pdftex.def Info: informe_WEP.pdf, page9 used on input line 1615.
(pdftex.def)             Requested size: 491.43666pt x 635.97687pt.
File: informe_WEP.pdf Graphic file (type pdf)
 <use informe_WEP.pdf, page 9>
Package pdftex.def Info: informe_WEP.pdf, page9 used on input line 1615.
(pdftex.def)             Requested size: 491.43666pt x 635.97687pt.
LaTeX Info: Redefining \. on input line 1615.
LaTeX Info: Redefining \% on input line 1615.


Package Fancyhdr Warning: \headheight is too small (12.0pt): 
 Make it at least 12.59993pt.
 We now make it that large for the rest of the document.
 This may cause the page layout to be inconsistent, however.

File: informe_WEP.pdf Graphic file (type pdf)
<use informe_WEP.pdf, page 8>
Package pdftex.def Info: informe_WEP.pdf, page8 used on input line 1615.
(pdftex.def)             Requested size: 491.43666pt x 635.97687pt.
 [77 <./informe_WEP.pdf>]
<informe_WEP.pdf, id=1716, page=10, 614.295pt x 794.97pt>
File: informe_WEP.pdf Graphic file (type pdf)

<use informe_WEP.pdf, page 10>
Package pdftex.def Info: informe_WEP.pdf, page10 used on input line 1615.
(pdftex.def)             Requested size: 491.43666pt x 635.97687pt.
File: informe_WEP.pdf Graphic file (type pdf)
 <use informe_WEP.pdf, page 10>
Package pdftex.def Info: informe_WEP.pdf, page10 used on input line 1615.
(pdftex.def)             Requested size: 491.43666pt x 635.97687pt.
LaTeX Info: Redefining \. on input line 1615.
LaTeX Info: Redefining \% on input line 1615.


Package Fancyhdr Warning: \headheight is too small (12.0pt): 
 Make it at least 12.59993pt.
 We now make it that large for the rest of the document.
 This may cause the page layout to be inconsistent, however.

File: informe_WEP.pdf Graphic file (type pdf)
<use informe_WEP.pdf, page 9>
Package pdftex.def Info: informe_WEP.pdf, page9 used on input line 1615.
(pdftex.def)             Requested size: 491.43666pt x 635.97687pt.
 [78 <./informe_WEP.pdf>]
LaTeX Info: Redefining \. on input line 1615.
LaTeX Info: Redefining \% on input line 1615.


Package Fancyhdr Warning: \headheight is too small (12.0pt): 
 Make it at least 12.59993pt.
 We now make it that large for the rest of the document.
 This may cause the page layout to be inconsistent, however.

File: informe_WEP.pdf Graphic file (type pdf)
<use informe_WEP.pdf, page 10>
Package pdftex.def Info: informe_WEP.pdf, page10 used on input line 1615.
(pdftex.def)             Requested size: 491.43666pt x 635.97687pt.
 [79 <./informe_WEP.pdf>]
Ap\'{e}ndice B.
<informe-WPA.pdf, id=1731, 614.295pt x 794.97pt>
File: informe-WPA.pdf Graphic file (type pdf)
 <use informe-WPA.pdf>
Package pdftex.def Info: informe-WPA.pdf used on input line 1618.
(pdftex.def)             Requested size: 614.29349pt x 794.96806pt.
File: informe-WPA.pdf Graphic file (type pdf)

<use informe-WPA.pdf>
Package pdftex.def Info: informe-WPA.pdf used on input line 1618.
(pdftex.def)             Requested size: 614.29349pt x 794.96806pt.
 <informe-WPA.pdf, id=1734, page=1, 614.295pt x 794.97pt>
File: informe-WPA.pdf Graphic file (type pdf)

<use informe-WPA.pdf, page 1>
Package pdftex.def Info: informe-WPA.pdf, page1 used on input line 1618.
(pdftex.def)             Requested size: 614.29349pt x 794.96806pt.
File: informe-WPA.pdf Graphic file (type pdf)
 <use informe-WPA.pdf, page 1>
Package pdftex.def Info: informe-WPA.pdf, page1 used on input line 1618.
(pdftex.def)             Requested size: 491.43666pt x 635.97687pt.
File: informe-WPA.pdf Graphic file (type pdf)

<use informe-WPA.pdf, page 1>
Package pdftex.def Info: informe-WPA.pdf, page1 used on input line 1618.
(pdftex.def)             Requested size: 491.43666pt x 635.97687pt.
File: informe-WPA.pdf Graphic file (type pdf)
 <use informe-WPA.pdf, page 1>
Package pdftex.def Info: informe-WPA.pdf, page1 used on input line 1618.
(pdftex.def)             Requested size: 491.43666pt x 635.97687pt.
 [80

]
<informe-WPA.pdf, id=1744, page=2, 614.295pt x 794.97pt>
File: informe-WPA.pdf Graphic file (type pdf)

<use informe-WPA.pdf, page 2>
Package pdftex.def Info: informe-WPA.pdf, page2 used on input line 1618.
(pdftex.def)             Requested size: 491.43666pt x 635.97687pt.
File: informe-WPA.pdf Graphic file (type pdf)
 <use informe-WPA.pdf, page 2>
Package pdftex.def Info: informe-WPA.pdf, page2 used on input line 1618.
(pdftex.def)             Requested size: 491.43666pt x 635.97687pt.
LaTeX Info: Redefining \. on input line 1618.
LaTeX Info: Redefining \% on input line 1618.


Package Fancyhdr Warning: \headheight is too small (12.0pt): 
 Make it at least 12.59993pt.
 We now make it that large for the rest of the document.
 This may cause the page layout to be inconsistent, however.

File: informe-WPA.pdf Graphic file (type pdf)
<use informe-WPA.pdf, page 1>
Package pdftex.def Info: informe-WPA.pdf, page1 used on input line 1618.
(pdftex.def)             Requested size: 491.43666pt x 635.97687pt.
 [81 <./informe-WPA.pdf>]
<informe-WPA.pdf, id=1761, page=3, 614.295pt x 794.97pt>
File: informe-WPA.pdf Graphic file (type pdf)

<use informe-WPA.pdf, page 3>
Package pdftex.def Info: informe-WPA.pdf, page3 used on input line 1618.
(pdftex.def)             Requested size: 491.43666pt x 635.97687pt.
File: informe-WPA.pdf Graphic file (type pdf)
 <use informe-WPA.pdf, page 3>
Package pdftex.def Info: informe-WPA.pdf, page3 used on input line 1618.
(pdftex.def)             Requested size: 491.43666pt x 635.97687pt.
LaTeX Info: Redefining \. on input line 1618.
LaTeX Info: Redefining \% on input line 1618.


Package Fancyhdr Warning: \headheight is too small (12.0pt): 
 Make it at least 12.59993pt.
 We now make it that large for the rest of the document.
 This may cause the page layout to be inconsistent, however.

File: informe-WPA.pdf Graphic file (type pdf)
<use informe-WPA.pdf, page 2>
Package pdftex.def Info: informe-WPA.pdf, page2 used on input line 1618.
(pdftex.def)             Requested size: 491.43666pt x 635.97687pt.
 [82 <./informe-WPA.pdf>]
<informe-WPA.pdf, id=1776, page=4, 614.295pt x 794.97pt>
File: informe-WPA.pdf Graphic file (type pdf)

<use informe-WPA.pdf, page 4>
Package pdftex.def Info: informe-WPA.pdf, page4 used on input line 1618.
(pdftex.def)             Requested size: 491.43666pt x 635.97687pt.
File: informe-WPA.pdf Graphic file (type pdf)
 <use informe-WPA.pdf, page 4>
Package pdftex.def Info: informe-WPA.pdf, page4 used on input line 1618.
(pdftex.def)             Requested size: 491.43666pt x 635.97687pt.
LaTeX Info: Redefining \. on input line 1618.
LaTeX Info: Redefining \% on input line 1618.


Package Fancyhdr Warning: \headheight is too small (12.0pt): 
 Make it at least 12.59993pt.
 We now make it that large for the rest of the document.
 This may cause the page layout to be inconsistent, however.

File: informe-WPA.pdf Graphic file (type pdf)
<use informe-WPA.pdf, page 3>
Package pdftex.def Info: informe-WPA.pdf, page3 used on input line 1618.
(pdftex.def)             Requested size: 491.43666pt x 635.97687pt.
 [83 <./informe-WPA.pdf>]
<informe-WPA.pdf, id=1788, page=5, 614.295pt x 794.97pt>
File: informe-WPA.pdf Graphic file (type pdf)

<use informe-WPA.pdf, page 5>
Package pdftex.def Info: informe-WPA.pdf, page5 used on input line 1618.
(pdftex.def)             Requested size: 491.43666pt x 635.97687pt.
File: informe-WPA.pdf Graphic file (type pdf)
 <use informe-WPA.pdf, page 5>
Package pdftex.def Info: informe-WPA.pdf, page5 used on input line 1618.
(pdftex.def)             Requested size: 491.43666pt x 635.97687pt.
LaTeX Info: Redefining \. on input line 1618.
LaTeX Info: Redefining \% on input line 1618.


Package Fancyhdr Warning: \headheight is too small (12.0pt): 
 Make it at least 12.59993pt.
 We now make it that large for the rest of the document.
 This may cause the page layout to be inconsistent, however.

File: informe-WPA.pdf Graphic file (type pdf)
<use informe-WPA.pdf, page 4>
Package pdftex.def Info: informe-WPA.pdf, page4 used on input line 1618.
(pdftex.def)             Requested size: 491.43666pt x 635.97687pt.
 [84 <./informe-WPA.pdf>]
<informe-WPA.pdf, id=1803, page=6, 614.295pt x 794.97pt>
File: informe-WPA.pdf Graphic file (type pdf)

<use informe-WPA.pdf, page 6>
Package pdftex.def Info: informe-WPA.pdf, page6 used on input line 1618.
(pdftex.def)             Requested size: 491.43666pt x 635.97687pt.
File: informe-WPA.pdf Graphic file (type pdf)
 <use informe-WPA.pdf, page 6>
Package pdftex.def Info: informe-WPA.pdf, page6 used on input line 1618.
(pdftex.def)             Requested size: 491.43666pt x 635.97687pt.
LaTeX Info: Redefining \. on input line 1618.
LaTeX Info: Redefining \% on input line 1618.


Package Fancyhdr Warning: \headheight is too small (12.0pt): 
 Make it at least 12.59993pt.
 We now make it that large for the rest of the document.
 This may cause the page layout to be inconsistent, however.

File: informe-WPA.pdf Graphic file (type pdf)
<use informe-WPA.pdf, page 5>
Package pdftex.def Info: informe-WPA.pdf, page5 used on input line 1618.
(pdftex.def)             Requested size: 491.43666pt x 635.97687pt.
 [85 <./informe-WPA.pdf>]
<informe-WPA.pdf, id=1812, page=7, 614.295pt x 794.97pt>
File: informe-WPA.pdf Graphic file (type pdf)

<use informe-WPA.pdf, page 7>
Package pdftex.def Info: informe-WPA.pdf, page7 used on input line 1618.
(pdftex.def)             Requested size: 491.43666pt x 635.97687pt.
File: informe-WPA.pdf Graphic file (type pdf)
 <use informe-WPA.pdf, page 7>
Package pdftex.def Info: informe-WPA.pdf, page7 used on input line 1618.
(pdftex.def)             Requested size: 491.43666pt x 635.97687pt.
LaTeX Info: Redefining \. on input line 1618.
LaTeX Info: Redefining \% on input line 1618.


Package Fancyhdr Warning: \headheight is too small (12.0pt): 
 Make it at least 12.59993pt.
 We now make it that large for the rest of the document.
 This may cause the page layout to be inconsistent, however.

File: informe-WPA.pdf Graphic file (type pdf)
<use informe-WPA.pdf, page 6>
Package pdftex.def Info: informe-WPA.pdf, page6 used on input line 1618.
(pdftex.def)             Requested size: 491.43666pt x 635.97687pt.
 [86 <./informe-WPA.pdf>]
<informe-WPA.pdf, id=1825, page=8, 614.295pt x 794.97pt>
File: informe-WPA.pdf Graphic file (type pdf)

<use informe-WPA.pdf, page 8>
Package pdftex.def Info: informe-WPA.pdf, page8 used on input line 1618.
(pdftex.def)             Requested size: 491.43666pt x 635.97687pt.
File: informe-WPA.pdf Graphic file (type pdf)
 <use informe-WPA.pdf, page 8>
Package pdftex.def Info: informe-WPA.pdf, page8 used on input line 1618.
(pdftex.def)             Requested size: 491.43666pt x 635.97687pt.
LaTeX Info: Redefining \. on input line 1618.
LaTeX Info: Redefining \% on input line 1618.


Package Fancyhdr Warning: \headheight is too small (12.0pt): 
 Make it at least 12.59993pt.
 We now make it that large for the rest of the document.
 This may cause the page layout to be inconsistent, however.

File: informe-WPA.pdf Graphic file (type pdf)
<use informe-WPA.pdf, page 7>
Package pdftex.def Info: informe-WPA.pdf, page7 used on input line 1618.
(pdftex.def)             Requested size: 491.43666pt x 635.97687pt.
 [87 <./informe-WPA.pdf>]
<informe-WPA.pdf, id=1834, page=9, 614.295pt x 794.97pt>
File: informe-WPA.pdf Graphic file (type pdf)

<use informe-WPA.pdf, page 9>
Package pdftex.def Info: informe-WPA.pdf, page9 used on input line 1618.
(pdftex.def)             Requested size: 491.43666pt x 635.97687pt.
File: informe-WPA.pdf Graphic file (type pdf)
 <use informe-WPA.pdf, page 9>
Package pdftex.def Info: informe-WPA.pdf, page9 used on input line 1618.
(pdftex.def)             Requested size: 491.43666pt x 635.97687pt.
LaTeX Info: Redefining \. on input line 1618.
LaTeX Info: Redefining \% on input line 1618.


Package Fancyhdr Warning: \headheight is too small (12.0pt): 
 Make it at least 12.59993pt.
 We now make it that large for the rest of the document.
 This may cause the page layout to be inconsistent, however.

File: informe-WPA.pdf Graphic file (type pdf)
<use informe-WPA.pdf, page 8>
Package pdftex.def Info: informe-WPA.pdf, page8 used on input line 1618.
(pdftex.def)             Requested size: 491.43666pt x 635.97687pt.
 [88 <./informe-WPA.pdf>]
<informe-WPA.pdf, id=1843, page=10, 614.295pt x 794.97pt>
File: informe-WPA.pdf Graphic file (type pdf)

<use informe-WPA.pdf, page 10>
Package pdftex.def Info: informe-WPA.pdf, page10 used on input line 1618.
(pdftex.def)             Requested size: 491.43666pt x 635.97687pt.
File: informe-WPA.pdf Graphic file (type pdf)
 <use informe-WPA.pdf, page 10>
Package pdftex.def Info: informe-WPA.pdf, page10 used on input line 1618.
(pdftex.def)             Requested size: 491.43666pt x 635.97687pt.
LaTeX Info: Redefining \. on input line 1618.
LaTeX Info: Redefining \% on input line 1618.


Package Fancyhdr Warning: \headheight is too small (12.0pt): 
 Make it at least 12.59993pt.
 We now make it that large for the rest of the document.
 This may cause the page layout to be inconsistent, however.

File: informe-WPA.pdf Graphic file (type pdf)
<use informe-WPA.pdf, page 9>
Package pdftex.def Info: informe-WPA.pdf, page9 used on input line 1618.
(pdftex.def)             Requested size: 491.43666pt x 635.97687pt.
 [89 <./informe-WPA.pdf>]
<informe-WPA.pdf, id=1853, page=11, 614.295pt x 794.97pt>
File: informe-WPA.pdf Graphic file (type pdf)

<use informe-WPA.pdf, page 11>
Package pdftex.def Info: informe-WPA.pdf, page11 used on input line 1618.
(pdftex.def)             Requested size: 491.43666pt x 635.97687pt.
File: informe-WPA.pdf Graphic file (type pdf)
 <use informe-WPA.pdf, page 11>
Package pdftex.def Info: informe-WPA.pdf, page11 used on input line 1618.
(pdftex.def)             Requested size: 491.43666pt x 635.97687pt.
LaTeX Info: Redefining \. on input line 1618.
LaTeX Info: Redefining \% on input line 1618.


Package Fancyhdr Warning: \headheight is too small (12.0pt): 
 Make it at least 12.59993pt.
 We now make it that large for the rest of the document.
 This may cause the page layout to be inconsistent, however.

File: informe-WPA.pdf Graphic file (type pdf)
<use informe-WPA.pdf, page 10>
Package pdftex.def Info: informe-WPA.pdf, page10 used on input line 1618.
(pdftex.def)             Requested size: 491.43666pt x 635.97687pt.
 [90 <./informe-WPA.pdf>]
<informe-WPA.pdf, id=1862, page=12, 614.295pt x 794.97pt>
File: informe-WPA.pdf Graphic file (type pdf)

<use informe-WPA.pdf, page 12>
Package pdftex.def Info: informe-WPA.pdf, page12 used on input line 1618.
(pdftex.def)             Requested size: 491.43666pt x 635.97687pt.
File: informe-WPA.pdf Graphic file (type pdf)
 <use informe-WPA.pdf, page 12>
Package pdftex.def Info: informe-WPA.pdf, page12 used on input line 1618.
(pdftex.def)             Requested size: 491.43666pt x 635.97687pt.
LaTeX Info: Redefining \. on input line 1618.
LaTeX Info: Redefining \% on input line 1618.


Package Fancyhdr Warning: \headheight is too small (12.0pt): 
 Make it at least 12.59993pt.
 We now make it that large for the rest of the document.
 This may cause the page layout to be inconsistent, however.

File: informe-WPA.pdf Graphic file (type pdf)
<use informe-WPA.pdf, page 11>
Package pdftex.def Info: informe-WPA.pdf, page11 used on input line 1618.
(pdftex.def)             Requested size: 491.43666pt x 635.97687pt.
 [91 <./informe-WPA.pdf>]
<informe-WPA.pdf, id=1871, page=13, 614.295pt x 794.97pt>
File: informe-WPA.pdf Graphic file (type pdf)

<use informe-WPA.pdf, page 13>
Package pdftex.def Info: informe-WPA.pdf, page13 used on input line 1618.
(pdftex.def)             Requested size: 491.43666pt x 635.97687pt.
File: informe-WPA.pdf Graphic file (type pdf)
 <use informe-WPA.pdf, page 13>
Package pdftex.def Info: informe-WPA.pdf, page13 used on input line 1618.
(pdftex.def)             Requested size: 491.43666pt x 635.97687pt.
LaTeX Info: Redefining \. on input line 1618.
LaTeX Info: Redefining \% on input line 1618.


Package Fancyhdr Warning: \headheight is too small (12.0pt): 
 Make it at least 12.59993pt.
 We now make it that large for the rest of the document.
 This may cause the page layout to be inconsistent, however.

File: informe-WPA.pdf Graphic file (type pdf)
<use informe-WPA.pdf, page 12>
Package pdftex.def Info: informe-WPA.pdf, page12 used on input line 1618.
(pdftex.def)             Requested size: 491.43666pt x 635.97687pt.
 [92 <./informe-WPA.pdf>]
<informe-WPA.pdf, id=1881, page=14, 614.295pt x 794.97pt>
File: informe-WPA.pdf Graphic file (type pdf)

<use informe-WPA.pdf, page 14>
Package pdftex.def Info: informe-WPA.pdf, page14 used on input line 1618.
(pdftex.def)             Requested size: 491.43666pt x 635.97687pt.
File: informe-WPA.pdf Graphic file (type pdf)
 <use informe-WPA.pdf, page 14>
Package pdftex.def Info: informe-WPA.pdf, page14 used on input line 1618.
(pdftex.def)             Requested size: 491.43666pt x 635.97687pt.
LaTeX Info: Redefining \. on input line 1618.
LaTeX Info: Redefining \% on input line 1618.


Package Fancyhdr Warning: \headheight is too small (12.0pt): 
 Make it at least 12.59993pt.
 We now make it that large for the rest of the document.
 This may cause the page layout to be inconsistent, however.

File: informe-WPA.pdf Graphic file (type pdf)
<use informe-WPA.pdf, page 13>
Package pdftex.def Info: informe-WPA.pdf, page13 used on input line 1618.
(pdftex.def)             Requested size: 491.43666pt x 635.97687pt.
 [93 <./informe-WPA.pdf>]
LaTeX Info: Redefining \. on input line 1618.
LaTeX Info: Redefining \% on input line 1618.


Package Fancyhdr Warning: \headheight is too small (12.0pt): 
 Make it at least 12.59993pt.
 We now make it that large for the rest of the document.
 This may cause the page layout to be inconsistent, however.

File: informe-WPA.pdf Graphic file (type pdf)
<use informe-WPA.pdf, page 14>
Package pdftex.def Info: informe-WPA.pdf, page14 used on input line 1618.
(pdftex.def)             Requested size: 491.43666pt x 635.97687pt.
 [94 <./informe-WPA.pdf>]
Ap\'{e}ndice C.
[95

]
Underfull \hbox (badness 1308) in paragraph at lines 1638--1640
\OT1/ptm/m/sc/10 Mar[]^^Pa. Val-de-ca-sa, Ele-na. Re-cu-pe-ra-do de []$\OT1/pcr
/m/sc/10 http : / / www . ipyme .
 []


Underfull \hbox (badness 2894) in paragraph at lines 1641--1643
[]\OT1/ptm/m/sc/10 INTECO. (2012), P[]erez San-Jos[]e, Pa-blo(direcci[]on)., Gu
t[]errez,
 []


Underfull \hbox (badness 10000) in paragraph at lines 1641--1643
\OT1/ptm/m/sc/10 Cris-ti-na (coor-di-na-ci[]on)., Al-va-rez Alon-so,Eduardo., G
arc[]^^Pa
 []


Underfull \hbox (badness 6428) in paragraph at lines 1641--1643
[]$\OT1/pcr/m/sc/10 https : / / www . incibe . es / file / Sp61c9ljOlMT7jcjbxYN
VQ$[]\OT1/ptm/m/n/10 , \OT1/ptm/m/it/10 Es-tu-
 []


Underfull \hbox (badness 2334) in paragraph at lines 1647--1648
[]\OT1/ptm/m/sc/10 ccm Bench-mark group, In-tro-duc-ci[]on a las re-des inal[]a
mbri-
 []


Underfull \hbox (badness 10000) in paragraph at lines 1647--1648
\OT1/ptm/m/sc/10 cas Wi-Fi (802.11) Re-cu-pe-ra-do de []$\OT1/pcr/m/sc/10 http 
: / / es . ccm . net / faq /
 []


Overfull \hbox (10.87988pt too wide) in paragraph at lines 1647--1648
\OT1/pcr/m/sc/10 56-[]curso-[]de-[]introduccion-[]a-[]las-[]redes-[]inalambrica
s-[]wi-[]fi$[]\OT1/ptm/m/n/10 , 
 []

[96


]
Underfull \hbox (badness 1728) in paragraph at lines 1658--1659
[]\OT1/ptm/m/sc/10 Moya Fern[]andez, Fran-cis-co. (2016) \OT1/ptm/m/it/10 Ta-ll
er de Rasp-berry. \OT1/ptm/m/sc/10 Re-cu-pe-
 []


Underfull \hbox (badness 10000) in paragraph at lines 1658--1659
\OT1/ptm/m/sc/10 ra-do de []$\OT1/pcr/m/sc/10 https : / / www . gitbook . com /
 book / franciscomoya /
 []


Underfull \hbox (badness 1571) in paragraph at lines 1670--1671
[]\OT1/ptm/m/sc/10 Robinson, An-drew., Co-ok, Mi-ke., Evans, Jo-nat-han., Mc-Ma
-nus,
 []


Underfull \hbox (badness 10000) in paragraph at lines 1678--1679
[] \OT1/ptm/m/sc/10 G. Be-ja-rano, Ma-rio.Tutoriales de Rasp-berry Pi
 []


Underfull \hbox (badness 10000) in paragraph at lines 1678--1679
\OT1/ptm/m/sc/10 (2016)\OT1/ptm/m/n/10 .[]$\OT1/pcr/m/sc/10 Recuperadodehttp : 
/ / www . frambuesapi . co /
 []


FiXme Summary: Number of notes: 0,
(FiXme)        Number of warnings: 0,
(FiXme)        Number of errors: 0,
(FiXme)        Number of fatal errors: 0,
(FiXme)        Total: 0.

Package atveryend Info: Empty hook `BeforeClearDocument' on input line 1688.
LaTeX Info: Redefining \. on input line 1688.
LaTeX Info: Redefining \% on input line 1688.
LaTeX Info: Redefining \. on input line 1688.
LaTeX Info: Redefining \% on input line 1688.

Package Fancyhdr Warning: \headheight is too small (12.0pt): 
 Make it at least 12.59993pt.
 We now make it that large for the rest of the document.
 This may cause the page layout to be inconsistent, however.

[97]
Package atveryend Info: Empty hook `AfterLastShipout' on input line 1688.
 (./memoria.aux
LaTeX Info: Redefining \. on input line 23.
LaTeX Info: Redefining \% on input line 23.
)
Package atveryend Info: Executing hook `AtVeryEndDocument' on input line 1688.
Package atveryend Info: Executing hook `AtEndAfterFileList' on input line 1688.



Package rerunfilecheck Warning: File `memoria.out' has changed.
(rerunfilecheck)                Rerun to get outlines right
(rerunfilecheck)                or use package `bookmark'.

Package rerunfilecheck Info: Checksums for `memoria.out':
(rerunfilecheck)             Before: 3C6B9FAE591418D59A19D6E810AEC51E;2686
(rerunfilecheck)             After:  03623AB3133D8FEC88A9833CFF1186C2;2683.

LaTeX Warning: Label(s) may have changed. Rerun to get cross-references right.

Package atveryend Info: Empty hook `AtVeryVeryEnd' on input line 1688.
 )
(\end occurred inside a group at level 1)

### semi simple group (level 1) entered at line 160 (\begingroup)
### bottom level 
Here is how much of TeX's memory you used:
 15324 strings out of 493089
 228125 string characters out of 6134843
 527156 words of memory out of 5000000
 17465 multiletter control sequences out of 15000+600000
 42788 words of font info for 78 fonts, out of 8000000 for 9000
 1141 hyphenation exceptions out of 8191
 61i,20n,125p,920b,2647s stack positions out of 5000i,500n,10000p,200000b,80000s
{/usr/local/texlive/2015/texmf-dist/fonts/enc/dvips/base/8r.enc
}</usr/local/texlive/2015/texmf-dist/fonts/type1/public/amsfonts/cm/cmsy10.pfb>
</usr/local/texlive/2015/texmf-dist/fonts/type1/public/amsfonts/latxfont/lasy10
.pfb></usr/local/texlive/2015/texmf-dist/fonts/type1/public/amsfonts/latxfont/l
asy8.pfb></usr/local/texlive/2015/texmf-dist/fonts/type1/urw/avantgar/uagd8a.pf
b></usr/local/texlive/2015/texmf-dist/fonts/type1/urw/avantgar/uagk8a.pfb></usr
/local/texlive/2015/texmf-dist/fonts/type1/urw/bookman/ubkd8a.pfb></usr/local/t
exlive/2015/texmf-dist/fonts/type1/urw/bookman/ubkl8a.pfb></usr/local/texlive/2
015/texmf-dist/fonts/type1/urw/bookman/ubkl8a.pfb></usr/local/texlive/2015/texm
f-dist/fonts/type1/urw/bookman/ubkli8a.pfb></usr/local/texlive/2015/texmf-dist/
fonts/type1/urw/courier/ucrb8a.pfb></usr/local/texlive/2015/texmf-dist/fonts/ty
pe1/urw/courier/ucrr8a.pfb></usr/local/texlive/2015/texmf-dist/fonts/type1/urw/
times/utmb8a.pfb></usr/local/texlive/2015/texmf-dist/fonts/type1/urw/times/utmr
8a.pfb></usr/local/texlive/2015/texmf-dist/fonts/type1/urw/times/utmri8a.pfb>
Output written on memoria.pdf (108 pages, 4978960 bytes).
PDF statistics:
 2188 PDF objects out of 2487 (max. 8388607)
 1882 compressed objects within 19 object streams
 1069 named destinations out of 1200 (max. 500000)
 1051 words of extra memory for PDF output out of 10000 (max. 10000000)

