This is pdfTeX, Version 3.14159265-2.6-1.40.16 (TeX Live 2015/Debian) (preloaded format=pdflatex 2016.5.15)  13 JUN 2016 21:26
entering extended mode
 restricted \write18 enabled.
 %&-line parsing enabled.
**informe
(./informe.tex
LaTeX2e <2016/02/01>
Babel <3.9q> and hyphenation patterns for 3 language(s) loaded.
(/usr/share/texlive/texmf-dist/tex/latex/base/report.cls
Document Class: report 2014/09/29 v1.4h Standard LaTeX document class
(/usr/share/texlive/texmf-dist/tex/latex/base/size12.clo
File: size12.clo 2014/09/29 v1.4h Standard LaTeX file (size option)
)
\c@part=\count79
\c@chapter=\count80
\c@section=\count81
\c@subsection=\count82
\c@subsubsection=\count83
\c@paragraph=\count84
\c@subparagraph=\count85
\c@figure=\count86
\c@table=\count87
\abovecaptionskip=\skip41
\belowcaptionskip=\skip42
\bibindent=\dimen102
)
(/usr/share/texlive/texmf-dist/tex/latex/geometry/geometry.sty
Package: geometry 2010/09/12 v5.6 Page Geometry

(/usr/share/texlive/texmf-dist/tex/latex/graphics/keyval.sty
Package: keyval 2014/10/28 v1.15 key=value parser (DPC)
\KV@toks@=\toks14
)
(/usr/share/texlive/texmf-dist/tex/generic/oberdiek/ifpdf.sty
Package: ifpdf 2011/01/30 v2.3 Provides the ifpdf switch (HO)
Package ifpdf Info: pdfTeX in PDF mode is detected.
)
(/usr/share/texlive/texmf-dist/tex/generic/oberdiek/ifvtex.sty
Package: ifvtex 2010/03/01 v1.5 Detect VTeX and its facilities (HO)
Package ifvtex Info: VTeX not detected.
)
(/usr/share/texlive/texmf-dist/tex/generic/ifxetex/ifxetex.sty
Package: ifxetex 2010/09/12 v0.6 Provides ifxetex conditional
)
\Gm@cnth=\count88
\Gm@cntv=\count89
\c@Gm@tempcnt=\count90
\Gm@bindingoffset=\dimen103
\Gm@wd@mp=\dimen104
\Gm@odd@mp=\dimen105
\Gm@even@mp=\dimen106
\Gm@layoutwidth=\dimen107
\Gm@layoutheight=\dimen108
\Gm@layouthoffset=\dimen109
\Gm@layoutvoffset=\dimen110
\Gm@dimlist=\toks15
)
(/usr/share/texlive/texmf-dist/tex/latex/graphics/graphicx.sty
Package: graphicx 2014/10/28 v1.0g Enhanced LaTeX Graphics (DPC,SPQR)

(/usr/share/texlive/texmf-dist/tex/latex/graphics/graphics.sty
Package: graphics 2016/01/03 v1.0q Standard LaTeX Graphics (DPC,SPQR)

(/usr/share/texlive/texmf-dist/tex/latex/graphics/trig.sty
Package: trig 2016/01/03 v1.10 sin cos tan (DPC)
)
(/usr/share/texlive/texmf-dist/tex/latex/latexconfig/graphics.cfg
File: graphics.cfg 2010/04/23 v1.9 graphics configuration of TeX Live
)
Package graphics Info: Driver file: pdftex.def on input line 95.

(/usr/share/texlive/texmf-dist/tex/latex/pdftex-def/pdftex.def
File: pdftex.def 2011/05/27 v0.06d Graphics/color for pdfTeX

(/usr/share/texlive/texmf-dist/tex/generic/oberdiek/infwarerr.sty
Package: infwarerr 2010/04/08 v1.3 Providing info/warning/error messages (HO)
)
(/usr/share/texlive/texmf-dist/tex/generic/oberdiek/ltxcmds.sty
Package: ltxcmds 2011/11/09 v1.22 LaTeX kernel commands for general use (HO)
)
\Gread@gobject=\count91
))
\Gin@req@height=\dimen111
\Gin@req@width=\dimen112
)
(/usr/share/texlive/texmf-dist/tex/latex/psnfss/bookman.sty
Package: bookman 2005/04/12 PSNFSS-v9.2a (SPQR) 
)
(/usr/share/texlive/texmf-dist/tex/latex/microtype/microtype.sty
Package: microtype 2013/05/23 v2.5a Micro-typographical refinements (RS)
\MT@toks=\toks16
\MT@count=\count92
LaTeX Info: Redefining \textls on input line 766.
\MT@outer@kern=\dimen113
LaTeX Info: Redefining \textmicrotypecontext on input line 1285.
\MT@listname@count=\count93

(/usr/share/texlive/texmf-dist/tex/latex/microtype/microtype-pdftex.def
File: microtype-pdftex.def 2013/05/23 v2.5a Definitions specific to pdftex (RS)

LaTeX Info: Redefining \lsstyle on input line 915.
LaTeX Info: Redefining \lslig on input line 915.
\MT@outer@space=\skip43
)
Package microtype Info: Loading configuration file microtype.cfg.

(/usr/share/texlive/texmf-dist/tex/latex/microtype/microtype.cfg
File: microtype.cfg 2013/05/23 v2.5a microtype main configuration file (RS)
))
(/usr/share/texlive/texmf-dist/tex/latex/base/fontenc.sty
Package: fontenc 2005/09/27 v1.99g Standard LaTeX package

(/usr/share/texlive/texmf-dist/tex/latex/base/t1enc.def
File: t1enc.def 2005/09/27 v1.99g Standard LaTeX file
LaTeX Font Info:    Redeclaring font encoding T1 on input line 48.
))
(/usr/share/texlive/texmf-dist/tex/latex/base/inputenc.sty
Package: inputenc 2015/03/17 v1.2c Input encoding file
\inpenc@prehook=\toks17
\inpenc@posthook=\toks18

(/usr/share/texlive/texmf-dist/tex/latex/base/latin1.def
File: latin1.def 2015/03/17 v1.2c Input encoding file
))
(/usr/share/texlive/texmf-dist/tex/latex/fancyhdr/fancyhdr.sty
\fancy@headwidth=\skip44
\f@ncyO@elh=\skip45
\f@ncyO@erh=\skip46
\f@ncyO@olh=\skip47
\f@ncyO@orh=\skip48
\f@ncyO@elf=\skip49
\f@ncyO@erf=\skip50
\f@ncyO@olf=\skip51
\f@ncyO@orf=\skip52
)
(/usr/share/texlive/texmf-dist/tex/latex/tools/verbatim.sty
Package: verbatim 2014/10/28 v1.5q LaTeX2e package for verbatim enhancements
\every@verbatim=\toks19
\verbatim@line=\toks20
\verbatim@in@stream=\read1
)
(/usr/share/texlive/texmf-dist/tex/latex/import/import.sty
Package: import 2009/03/23  v 5.1
)
(/usr/share/texlive/texmf-dist/tex/latex/biblatex/biblatex.sty
Package: biblatex 2016/03/03 v3.3 programmable bibliographies (PK/JW/AB)

(/usr/share/texlive/texmf-dist/tex/latex/biblatex/biblatex_.sty
Package: biblatex_ 2016/03/03 v3.3 programmable bibliographies (biber) (PK/JW/A
B)

(/usr/share/texlive/texmf-dist/tex/latex/etoolbox/etoolbox.sty
Package: etoolbox 2015/08/02 v2.2a e-TeX tools for LaTeX (JAW)
\etb@tempcnta=\count94
)
(/usr/share/texlive/texmf-dist/tex/latex/oberdiek/kvoptions.sty
Package: kvoptions 2011/06/30 v3.11 Key value format for package options (HO)

(/usr/share/texlive/texmf-dist/tex/generic/oberdiek/kvsetkeys.sty
Package: kvsetkeys 2012/04/25 v1.16 Key value parser (HO)

(/usr/share/texlive/texmf-dist/tex/generic/oberdiek/etexcmds.sty
Package: etexcmds 2011/02/16 v1.5 Avoid name clashes with e-TeX commands (HO)

(/usr/share/texlive/texmf-dist/tex/generic/oberdiek/ifluatex.sty
Package: ifluatex 2010/03/01 v1.3 Provides the ifluatex switch (HO)
Package ifluatex Info: LuaTeX not detected.
)
Package etexcmds Info: Could not find \expanded.
(etexcmds)             That can mean that you are not using pdfTeX 1.50 or
(etexcmds)             that some package has redefined \expanded.
(etexcmds)             In the latter case, load this package earlier.
)))
(/usr/share/texlive/texmf-dist/tex/latex/logreq/logreq.sty
Package: logreq 2010/08/04 v1.0 xml request logger
\lrq@indent=\count95

(/usr/share/texlive/texmf-dist/tex/latex/logreq/logreq.def
File: logreq.def 2010/08/04 v1.0 logreq spec v1.0
))
(/usr/share/texlive/texmf-dist/tex/latex/base/ifthen.sty
Package: ifthen 2014/09/29 v1.1c Standard LaTeX ifthen package (DPC)
)
(/usr/share/texlive/texmf-dist/tex/latex/url/url.sty
\Urlmuskip=\muskip10
Package: url 2013/09/16  ver 3.4  Verb mode for urls, etc.
)
\c@tabx@nest=\count96
\c@listtotal=\count97
\c@listcount=\count98
\c@liststart=\count99
\c@liststop=\count100
\c@citecount=\count101
\c@citetotal=\count102
\c@multicitecount=\count103
\c@multicitetotal=\count104
\c@instcount=\count105
\c@maxnames=\count106
\c@minnames=\count107
\c@maxitems=\count108
\c@minitems=\count109
\c@citecounter=\count110
\c@savedcitecounter=\count111
\c@uniquelist=\count112
\c@uniquename=\count113
\c@refsection=\count114
\c@refsegment=\count115
\c@maxextratitle=\count116
\c@maxextratitleyear=\count117
\c@maxextrayear=\count118
\c@maxextraalpha=\count119
\c@abbrvpenalty=\count120
\c@highnamepenalty=\count121
\c@lownamepenalty=\count122
\c@maxparens=\count123
\c@parenlevel=\count124
\blx@tempcnta=\count125
\blx@tempcntb=\count126
\blx@tempcntc=\count127
\blx@maxsection=\count128
\blx@maxsegment@0=\count129
\blx@notetype=\count130
\blx@parenlevel@text=\count131
\blx@parenlevel@foot=\count132
\blx@sectionciteorder@0=\count133
\labelnumberwidth=\skip53
\labelalphawidth=\skip54
\biblabelsep=\skip55
\bibitemsep=\skip56
\bibnamesep=\skip57
\bibinitsep=\skip58
\bibparsep=\skip59
\bibhang=\skip60
\blx@bcfin=\read2
\blx@bcfout=\write3
\c@mincomprange=\count134
\c@maxcomprange=\count135
\c@mincompwidth=\count136
Package biblatex Info: Trying to load biblatex default data model...
Package biblatex Info: ... file 'blx-dm.def' found.

(/usr/share/texlive/texmf-dist/tex/latex/biblatex/blx-dm.def)
Package biblatex Info: Trying to load biblatex style data model...
Package biblatex Info: ... file 'alphabetic.dbx' not found.
Package biblatex Info: Trying to load biblatex custom data model...
Package biblatex Info: ... file 'biblatex-dm.cfg' not found.
\c@afterword=\count137
\c@savedafterword=\count138
\c@annotator=\count139
\c@savedannotator=\count140
\c@author=\count141
\c@savedauthor=\count142
\c@bookauthor=\count143
\c@savedbookauthor=\count144
\c@commentator=\count145
\c@savedcommentator=\count146
\c@editor=\count147
\c@savededitor=\count148
\c@editora=\count149
\c@savededitora=\count150
\c@editorb=\count151
\c@savededitorb=\count152
\c@editorc=\count153
\c@savededitorc=\count154
\c@foreword=\count155
\c@savedforeword=\count156
\c@holder=\count157
\c@savedholder=\count158
\c@introduction=\count159
\c@savedintroduction=\count160
\c@namea=\count161
\c@savednamea=\count162
\c@nameb=\count163
\c@savednameb=\count164
\c@namec=\count165
\c@savednamec=\count166
\c@translator=\count167
\c@savedtranslator=\count168
\c@shortauthor=\count169
\c@savedshortauthor=\count170
\c@shorteditor=\count171
\c@savedshorteditor=\count172
\c@labelname=\count173
\c@savedlabelname=\count174
\c@institution=\count175
\c@savedinstitution=\count176
\c@lista=\count177
\c@savedlista=\count178
\c@listb=\count179
\c@savedlistb=\count180
\c@listc=\count181
\c@savedlistc=\count182
\c@listd=\count183
\c@savedlistd=\count184
\c@liste=\count185
\c@savedliste=\count186
\c@listf=\count187
\c@savedlistf=\count188
\c@location=\count189
\c@savedlocation=\count190
\c@organization=\count191
\c@savedorganization=\count192
\c@origlocation=\count193
\c@savedoriglocation=\count194
\c@origpublisher=\count195
\c@savedorigpublisher=\count196
\c@publisher=\count197
\c@savedpublisher=\count198
\c@language=\count199
\c@savedlanguage=\count266
\c@pageref=\count267
\c@savedpageref=\count268
\shorthandwidth=\skip61
\shortjournalwidth=\skip62
\shortserieswidth=\skip63
\shorttitlewidth=\skip64
\shortauthorwidth=\skip65
\shorteditorwidth=\skip66
Package biblatex Info: Trying to load compatibility code...
Package biblatex Info: ... file 'blx-compat.def' found.

(/usr/share/texlive/texmf-dist/tex/latex/biblatex/blx-compat.def
File: blx-compat.def 2016/03/03 v3.3 biblatex compatibility (PK/JW/AB)
)
Package biblatex Info: Trying to load generic definitions...
Package biblatex Info: ... file 'biblatex_.def' found.

(/usr/share/texlive/texmf-dist/tex/latex/biblatex/biblatex_.def
File: biblatex_.def 
\c@textcitecount=\count269
\c@textcitetotal=\count270
\c@textcitemaxnames=\count271
\c@biburlnumpenalty=\count272
\c@biburlucpenalty=\count273
\c@biburllcpenalty=\count274
\c@smartand=\count275
)
Package biblatex Info: Trying to load bibliography style 'alphabetic'...
Package biblatex Info: ... file 'alphabetic.bbx' found.

(/usr/share/texlive/texmf-dist/tex/latex/biblatex/bbx/alphabetic.bbx
File: alphabetic.bbx 2016/03/03 v3.3 biblatex bibliography style (PK/JW/AB)
Package biblatex Info: Trying to load bibliography style 'standard'...
Package biblatex Info: ... file 'standard.bbx' found.

(/usr/share/texlive/texmf-dist/tex/latex/biblatex/bbx/standard.bbx
File: standard.bbx 2016/03/03 v3.3 biblatex bibliography style (PK/JW/AB)
\c@bbx:relatedcount=\count276
\c@bbx:relatedtotal=\count277
))
Package biblatex Info: Trying to load citation style 'alphabetic'...
Package biblatex Info: ... file 'alphabetic.cbx' found.

(/usr/share/texlive/texmf-dist/tex/latex/biblatex/cbx/alphabetic.cbx
File: alphabetic.cbx 2016/03/03 v3.3 biblatex citation style (PK/JW/AB)
Package biblatex Info: Redefining '\cite'.
Package biblatex Info: Redefining '\parencite'.
Package biblatex Info: Redefining '\footcite'.
Package biblatex Info: Redefining '\footcitetext'.
Package biblatex Info: Redefining '\smartcite'.
Package biblatex Info: Redefining '\textcite'.
Package biblatex Info: Redefining '\textcites'.
Package biblatex Info: Redefining '\cites'.
Package biblatex Info: Redefining '\parencites'.
Package biblatex Info: Redefining '\smartcites'.
)
Package biblatex Info: Trying to load configuration file...
Package biblatex Info: ... file 'biblatex.cfg' found.

(/usr/share/texlive/texmf-dist/tex/latex/biblatex/biblatex.cfg
File: biblatex.cfg 
)))
Package biblatex Info: Trying to load language 'english'...
Package biblatex Info: ... file 'english.lbx' found.

(/usr/share/texlive/texmf-dist/tex/latex/biblatex/lbx/english.lbx
File: english.lbx 2016/03/03 v3.3 biblatex localization (PK/JW/AB)
)

Package biblatex Warning: Missing 'hyperref' package.
(biblatex)                Setting hyperref=false.

\@quotelevel=\count278
\@quotereset=\count279

LaTeX Warning: Unused global option(s):
    [spanish].

(./informe.aux)
\openout1 = `informe.aux'.

LaTeX Font Info:    Checking defaults for OML/cmm/m/it on input line 33.
LaTeX Font Info:    ... okay on input line 33.
LaTeX Font Info:    Checking defaults for T1/cmr/m/n on input line 33.
LaTeX Font Info:    ... okay on input line 33.
LaTeX Font Info:    Checking defaults for OT1/cmr/m/n on input line 33.
LaTeX Font Info:    ... okay on input line 33.
LaTeX Font Info:    Checking defaults for OMS/cmsy/m/n on input line 33.
LaTeX Font Info:    ... okay on input line 33.
LaTeX Font Info:    Checking defaults for OMX/cmex/m/n on input line 33.
LaTeX Font Info:    ... okay on input line 33.
LaTeX Font Info:    Checking defaults for U/cmr/m/n on input line 33.
LaTeX Font Info:    ... okay on input line 33.
LaTeX Font Info:    Try loading font information for T1+pbk on input line 33.
 (/usr/share/texlive/texmf-dist/tex/latex/psnfss/t1pbk.fd
File: t1pbk.fd 2001/06/04 font definitions for T1/pbk.
)
LaTeX Font Info:    Font shape `T1/pbk/m/n' in size <12> not available
(Font)              Font shape `T1/pbk/l/n' tried instead on input line 33.

*geometry* driver: auto-detecting
*geometry* detected driver: pdftex
*geometry* verbose mode - [ preamble ] result:
* driver: pdftex
* paper: letterpaper
* layout: <same size as paper>
* layoutoffset:(h,v)=(0.0pt,0.0pt)
* modes: 
* h-part:(L,W,R)=(91.04872pt, 432.19756pt, 91.04872pt)
* v-part:(T,H,B)=(85.35826pt, 624.25346pt, 85.35826pt)
* \paperwidth=614.295pt
* \paperheight=794.96999pt
* \textwidth=432.19756pt
* \textheight=624.25346pt
* \oddsidemargin=18.77873pt
* \evensidemargin=18.77873pt
* \topmargin=-8.91173pt
* \headheight=12.0pt
* \headsep=10.0pt
* \topskip=12.0pt
* \footskip=30.0pt
* \marginparwidth=35.0pt
* \marginparsep=10.0pt
* \columnsep=10.0pt
* \skip\footins=10.8pt plus 4.0pt minus 2.0pt
* \hoffset=0.0pt
* \voffset=0.0pt
* \mag=1000
* \@twocolumnfalse
* \@twosidefalse
* \@mparswitchfalse
* \@reversemarginfalse
* (1in=72.27pt=25.4mm, 1cm=28.453pt)

(/usr/share/texlive/texmf-dist/tex/context/base/supp-pdf.mkii
[Loading MPS to PDF converter (version 2006.09.02).]
\scratchcounter=\count280
\scratchdimen=\dimen114
\scratchbox=\box26
\nofMPsegments=\count281
\nofMParguments=\count282
\everyMPshowfont=\toks21
\MPscratchCnt=\count283
\MPscratchDim=\dimen115
\MPnumerator=\count284
\makeMPintoPDFobject=\count285
\everyMPtoPDFconversion=\toks22
) (/usr/share/texlive/texmf-dist/tex/generic/oberdiek/pdftexcmds.sty
Package: pdftexcmds 2011/11/29 v0.20 Utility functions of pdfTeX for LuaTeX (HO
)
Package pdftexcmds Info: LuaTeX not detected.
Package pdftexcmds Info: \pdf@primitive is available.
Package pdftexcmds Info: \pdf@ifprimitive is available.
Package pdftexcmds Info: \pdfdraftmode found.
)
(/usr/share/texlive/texmf-dist/tex/latex/oberdiek/epstopdf-base.sty
Package: epstopdf-base 2010/02/09 v2.5 Base part for package epstopdf

(/usr/share/texlive/texmf-dist/tex/latex/oberdiek/grfext.sty
Package: grfext 2010/08/19 v1.1 Manage graphics extensions (HO)

(/usr/share/texlive/texmf-dist/tex/generic/oberdiek/kvdefinekeys.sty
Package: kvdefinekeys 2011/04/07 v1.3 Define keys (HO)
))
Package grfext Info: Graphics extension search list:
(grfext)             [.png,.pdf,.jpg,.mps,.jpeg,.jbig2,.jb2,.PNG,.PDF,.JPG,.JPE
G,.JBIG2,.JB2,.eps]
(grfext)             \AppendGraphicsExtensions on input line 452.

(/usr/share/texlive/texmf-dist/tex/latex/latexconfig/epstopdf-sys.cfg
File: epstopdf-sys.cfg 2010/07/13 v1.3 Configuration of (r)epstopdf for TeX Liv
e
))
LaTeX Info: Redefining \microtypecontext on input line 33.
Package microtype Info: Generating PDF output.
Package microtype Info: Character protrusion enabled (level 2).
Package microtype Info: Using default protrusion set `alltext'.
Package microtype Info: Automatic font expansion enabled (level 2),
(microtype)             stretch: 20, shrink: 20, step: 1, non-selected.
Package microtype Info: Using default expansion set `basictext'.
Package microtype Info: No adjustment of tracking.
Package microtype Info: No adjustment of interword spacing.
Package microtype Info: No adjustment of character kerning.
Package microtype Info: Loading generic settings for font family
(microtype)             `pbk' (encoding: T1).
(microtype)             For optimal results, create family-specific settings.
(microtype)             See the microtype manual for details.
Package biblatex Info: Input encoding 'latin1' detected.
Package biblatex Info: Automatic encoding selection.
(biblatex)             Assuming data encoding 'latin1'.
\openout3 = `informe.bcf'.

Package biblatex Info: Trying to load bibliographic data...
Package biblatex Info: ... file 'informe.bbl' not found.

No file informe.bbl.
Package biblatex Info: Reference section=0 on input line 33.
Package biblatex Info: Reference segment=0 on input line 33.
<icono.jpeg, id=1, 240.9pt x 319.1925pt>
File: icono.jpeg Graphic file (type jpg)
 <use icono.jpeg>
Package pdftex.def Info: icono.jpeg used on input line 42.
(pdftex.def)             Requested size: 113.81114pt x 113.80847pt.

<uclm.png, id=2, 200.75pt x 200.75pt>
File: uclm.png Graphic file (type png)
 <use uclm.png>
Package pdftex.def Info: uclm.png used on input line 43.
(pdftex.def)             Requested size: 113.81297pt x 113.81297pt.
LaTeX Font Info:    Try loading font information for T1+pag on input line 46.

(/usr/share/texlive/texmf-dist/tex/latex/psnfss/t1pag.fd
File: t1pag.fd 2001/06/04 font definitions for T1/pag.
)
Package microtype Info: Loading generic settings for font family
(microtype)             `pag' (encoding: T1).
(microtype)             For optimal results, create family-specific settings.
(microtype)             See the microtype manual for details.
LaTeX Font Info:    Font shape `T1/pag/bx/n' in size <35> not available
(Font)              Font shape `T1/pag/b/n' tried instead on input line 47.
LaTeX Font Info:    Font shape `T1/pag/b/n' in size <35> not available
(Font)              Font shape `T1/pag/db/n' tried instead on input line 47.
 [1

{/var/lib/texmf/fonts/map/pdftex/updmap/pdftex.map} <./icono.jpeg> <./uclm.png>
]
LaTeX Font Info:    Font shape `T1/pbk/m/sc' in size <12> not available
(Font)              Font shape `T1/pbk/l/sc' tried instead on input line 64.

Overfull \hbox (2.48608pt too wide) in paragraph at lines 64--65
\T1/pbk/l/sc/12 Informe de Se-guri-dad In-for-mática en la pe-queña y me-di-ana
 em-presa. 
 []


Underfull \hbox (badness 10000) in paragraph at lines 64--65

 []


Underfull \hbox (badness 10000) in paragraph at lines 68--69

 []

LaTeX Font Info:    Font shape `T1/pbk/m/it' in size <12> not available
(Font)              Font shape `T1/pbk/l/it' tried instead on input line 70.
[2]
LaTeX Font Info:    Font shape `T1/pbk/m/n' in size <24.88> not available
(Font)              Font shape `T1/pbk/l/n' tried instead on input line 80.
LaTeX Font Info:    Font shape `T1/pbk/bx/n' in size <24.88> not available
(Font)              Font shape `T1/pbk/b/n' tried instead on input line 80.
LaTeX Font Info:    Font shape `T1/pbk/b/n' in size <24.88> not available
(Font)              Font shape `T1/pbk/db/n' tried instead on input line 80.
 (./informe.toc
LaTeX Font Info:    Font shape `T1/pbk/bx/n' in size <12> not available
(Font)              Font shape `T1/pbk/b/n' tried instead on input line 3.
LaTeX Font Info:    Font shape `T1/pbk/b/n' in size <12> not available
(Font)              Font shape `T1/pbk/db/n' tried instead on input line 3.

(/usr/share/texlive/texmf-dist/tex/latex/microtype/mt-cmr.cfg
File: mt-cmr.cfg 2013/05/19 v2.2 microtype config. file: Computer Modern Roman 
(RS)
)
LaTeX Font Info:    External font `cmex10' loaded for size
(Font)              <12> on input line 7.
LaTeX Font Info:    External font `cmex10' loaded for size
(Font)              <8> on input line 7.
LaTeX Font Info:    External font `cmex10' loaded for size
(Font)              <6> on input line 7.
)
\tf@toc=\write4
\openout4 = `informe.toc'.

 [3

]
Chapter 1.
LaTeX Font Info:    Try loading font information for OMS+pbk on input line 94.
(/usr/share/texlive/texmf-dist/tex/latex/psnfss/omspbk.fd
File: omspbk.fd 
)
LaTeX Font Info:    Font shape `OMS/pbk/m/n' in size <12> not available
(Font)              Font shape `OMS/cmsy/m/n' tried instead on input line 94.
LaTeX Font Info:    Font shape `T1/pbk/m/n' in size <8> not available
(Font)              Font shape `T1/pbk/l/n' tried instead on input line 99.
LaTeX Font Info:    Font shape `T1/pbk/m/n' in size <10> not available
(Font)              Font shape `T1/pbk/l/n' tried instead on input line 99.
LaTeX Font Info:    External font `cmex10' loaded for size
(Font)              <7> on input line 99.
LaTeX Font Info:    External font `cmex10' loaded for size
(Font)              <5> on input line 99.
LaTeX Font Info:    Font shape `T1/pbk/m/n' in size <7> not available
(Font)              Font shape `T1/pbk/l/n' tried instead on input line 99.
LaTeX Font Info:    Try loading font information for T1+pcr on input line 99.

(/usr/share/texlive/texmf-dist/tex/latex/psnfss/t1pcr.fd
File: t1pcr.fd 2001/06/04 font definitions for T1/pcr.
)
Package microtype Info: Loading generic settings for font family
(microtype)             `pcr' (encoding: T1).
(microtype)             For optimal results, create family-specific settings.
(microtype)             See the microtype manual for details.
 [4

]
Chapter 2.
LaTeX Font Info:    Font shape `T1/pbk/m/n' in size <17.28> not available
(Font)              Font shape `T1/pbk/l/n' tried instead on input line 108.
LaTeX Font Info:    Font shape `T1/pbk/bx/n' in size <17.28> not available
(Font)              Font shape `T1/pbk/b/n' tried instead on input line 108.
LaTeX Font Info:    Font shape `T1/pbk/b/n' in size <17.28> not available
(Font)              Font shape `T1/pbk/db/n' tried instead on input line 108.
File: ../LOGS/LOG_TARJETA_WIFI.LOG  (verbatim)

Underfull \hbox (badness 10000) in paragraph at lines 127--128

 []

[5

]
LaTeX Font Info:    Font shape `T1/pbk/m/n' in size <9> not available
(Font)              Font shape `T1/pbk/l/n' tried instead on input line 130.
File: ../LOGS/AIRMONG.LOG  (verbatim)

Underfull \hbox (badness 10000) in paragraph at lines 138--139

 []

File: ../LOGS/AIRODUMP.LOG  (verbatim)
LaTeX Font Info:    Font shape `T1/pbk/m/sl' in size <12> not available
(Font)              Font shape `T1/pbk/l/sl' tried instead on input line 150.

Package Fancyhdr Warning: \headheight is too small (12.0pt): 
 Make it at least 14.59192pt.
 We now make it that large for the rest of the document.
 This may cause the page layout to be inconsistent, however.

[6]
Chapter 3.

Underfull \hbox (badness 10000) in paragraph at lines 152--155

 []

(./INF-WEP.tex
Underfull \hbox (badness 10000) in paragraph at lines 3--4

 []

) (./INF-SUBSWEP1.tex
LaTeX Font Info:    Font shape `T1/pbk/m/n' in size <14.4> not available
(Font)              Font shape `T1/pbk/l/n' tried instead on input line 1.
LaTeX Font Info:    Font shape `T1/pbk/bx/n' in size <14.4> not available
(Font)              Font shape `T1/pbk/b/n' tried instead on input line 1.
LaTeX Font Info:    Font shape `T1/pbk/b/n' in size <14.4> not available
(Font)              Font shape `T1/pbk/db/n' tried instead on input line 1.
 [7

]
Underfull \hbox (badness 10000) in paragraph at lines 5--6

 []


Underfull \hbox (badness 10000) in paragraph at lines 8--9

 []


Underfull \hbox (badness 10000) in paragraph at lines 10--11

 []


Underfull \hbox (badness 10000) in paragraph at lines 12--13

 []


Underfull \hbox (badness 10000) in paragraph at lines 14--15

 []


Underfull \hbox (badness 10000) in paragraph at lines 17--18

 []


Underfull \hbox (badness 10000) in paragraph at lines 19--20

 []


Underfull \hbox (badness 10000) in paragraph at lines 21--22

 []


Underfull \hbox (badness 10000) in paragraph at lines 23--24

 []


Underfull \hbox (badness 10000) in paragraph at lines 25--26

 []


Underfull \hbox (badness 10000) in paragraph at lines 27--28

 []

File: ../AIRCRACK/resultado.dat  (verbatim)

! Package inputenc Error: Keyboard character used is undefined
(inputenc)                in inputencoding `latin1'.

See the inputenc package documentation for explanation.
Type  H <return>  for immediate help.
 ...                                              
                                                  
l.36 ... \verbatiminput{../AIRCRACK/resultado.dat}
                                                  ^^M
You need to provide a definition with \DeclareInputText 
or \DeclareInputMath before using this key.

[8]

! Package inputenc Error: Keyboard character used is undefined
(inputenc)                in inputencoding `latin1'.

See the inputenc package documentation for explanation.
Type  H <return>  for immediate help.
 ...                                              
                                                  
l.36 ... \verbatiminput{../AIRCRACK/resultado.dat}
                                                  ^^M
You need to provide a definition with \DeclareInputText 
or \DeclareInputMath before using this key.


! Package inputenc Error: Keyboard character used is undefined
(inputenc)                in inputencoding `latin1'.

See the inputenc package documentation for explanation.
Type  H <return>  for immediate help.
 ...                                              
                                                  
l.36 ... \verbatiminput{../AIRCRACK/resultado.dat}
                                                  ^^M
You need to provide a definition with \DeclareInputText 
or \DeclareInputMath before using this key.


! Package inputenc Error: Keyboard character used is undefined
(inputenc)                in inputencoding `latin1'.

See the inputenc package documentation for explanation.
Type  H <return>  for immediate help.
 ...                                              
                                                  
l.36 ... \verbatiminput{../AIRCRACK/resultado.dat}
                                                  ^^M
You need to provide a definition with \DeclareInputText 
or \DeclareInputMath before using this key.


! Package inputenc Error: Keyboard character used is undefined
(inputenc)                in inputencoding `latin1'.

See the inputenc package documentation for explanation.
Type  H <return>  for immediate help.
 ...                                              
                                                  
l.36 ... \verbatiminput{../AIRCRACK/resultado.dat}
                                                  ^^M
You need to provide a definition with \DeclareInputText 
or \DeclareInputMath before using this key.


! Package inputenc Error: Keyboard character used is undefined
(inputenc)                in inputencoding `latin1'.

See the inputenc package documentation for explanation.
Type  H <return>  for immediate help.
 ...                                              
                                                  
l.36 ... \verbatiminput{../AIRCRACK/resultado.dat}
                                                  ^^M
You need to provide a definition with \DeclareInputText 
or \DeclareInputMath before using this key.


Overfull \hbox (49.9621pt too wide) in paragraph at lines 36--36
[]    \T1/pcr/m/n/7 0    8/ 10   FE(1536) 00(1280) 08(1280) 26(1280) 32(1280) 3
B(1280) 49(1280) 6A(1280) 7B(1280) 84(1280) 91(1280)[] 
 []


Overfull \hbox (49.9621pt too wide) in paragraph at lines 36--36
[]    \T1/pcr/m/n/7 1    0/  1   1D(2560) AF(2048) 43(1792) C8(1792) 0F(1536) 2
D(1536) 31(1536) 9D(1536) 9F(1536) D6(1536) EA(1536)[] 
 []


Overfull \hbox (49.9621pt too wide) in paragraph at lines 36--36
[]    \T1/pcr/m/n/7 2    1/  2   BB(2048) 2A(1536) 50(1536) 77(1536) D0(1536) D
F(1536) FE(1536) 09(1280) 15(1280) 19(1280) 26(1280)[] 
 []


Overfull \hbox (49.9621pt too wide) in paragraph at lines 36--36
[]    \T1/pcr/m/n/7 3    4/  5   1E(1536) 1E(1280) 26(1280) 27(1280) 29(1280) 3
5(1280) 37(1280) 3F(1280) 41(1280) 49(1280) 51(1280)[] 
 []


Overfull \hbox (49.9621pt too wide) in paragraph at lines 36--36
[]    \T1/pcr/m/n/7 4    0/  7   5E(1792) 0F(1536) 26(1536) C2(1536) D4(1536) E
B(1536) ED(1536) 03(1280) 1D(1280) 2C(1280) 4F(1280)[] 
 []


! Package inputenc Error: Keyboard character used is undefined
(inputenc)                in inputencoding `latin1'.

See the inputenc package documentation for explanation.
Type  H <return>  for immediate help.
 ...                                              
                                                  
l.36 ... \verbatiminput{../AIRCRACK/resultado.dat}
                                                  ^^M
You need to provide a definition with \DeclareInputText 
or \DeclareInputMath before using this key.


! Package inputenc Error: Keyboard character used is undefined
(inputenc)                in inputencoding `latin1'.

See the inputenc package documentation for explanation.
Type  H <return>  for immediate help.
 ...                                              
                                                  
l.36 ... \verbatiminput{../AIRCRACK/resultado.dat}
                                                  ^^M
You need to provide a definition with \DeclareInputText 
or \DeclareInputMath before using this key.


! Package inputenc Error: Keyboard character used is undefined
(inputenc)                in inputencoding `latin1'.

See the inputenc package documentation for explanation.
Type  H <return>  for immediate help.
 ...                                              
                                                  
l.36 ... \verbatiminput{../AIRCRACK/resultado.dat}
                                                  ^^M
You need to provide a definition with \DeclareInputText 
or \DeclareInputMath before using this key.


! Package inputenc Error: Keyboard character used is undefined
(inputenc)                in inputencoding `latin1'.

See the inputenc package documentation for explanation.
Type  H <return>  for immediate help.
 ...                                              
                                                  
l.36 ... \verbatiminput{../AIRCRACK/resultado.dat}
                                                  ^^M
You need to provide a definition with \DeclareInputText 
or \DeclareInputMath before using this key.


! Package inputenc Error: Keyboard character used is undefined
(inputenc)                in inputencoding `latin1'.

See the inputenc package documentation for explanation.
Type  H <return>  for immediate help.
 ...                                              
                                                  
l.36 ... \verbatiminput{../AIRCRACK/resultado.dat}
                                                  ^^M
You need to provide a definition with \DeclareInputText 
or \DeclareInputMath before using this key.


Overfull \hbox (49.9621pt too wide) in paragraph at lines 36--36
[]    \T1/pcr/m/n/7 0    8/  9   FE(1536) 00(1280) 08(1280) 26(1280) 32(1280) 3
B(1280) 49(1280) 6A(1280) 7B(1280) 84(1280) 91(1280)[] 
 []


Overfull \hbox (49.9621pt too wide) in paragraph at lines 36--36
[]    \T1/pcr/m/n/7 1    0/  1   1D(2560) AF(2048) 43(1792) C8(1792) 0F(1536) 2
D(1536) 31(1536) 9D(1536) 9F(1536) D6(1536) EA(1536)[] 
 []


Overfull \hbox (49.9621pt too wide) in paragraph at lines 36--36
[]    \T1/pcr/m/n/7 2    1/  2   BB(2048) 2A(1536) 50(1536) 77(1536) D0(1536) D
F(1536) FE(1536) 09(1280) 15(1280) 19(1280) 26(1280)[] 
 []


Overfull \hbox (49.9621pt too wide) in paragraph at lines 36--36
[]    \T1/pcr/m/n/7 3    4/  3   F4(1536) 1E(1280) 26(1280) 27(1280) 29(1280) 3
5(1280) 37(1280) 3F(1280) 41(1280) 49(1280) 51(1280)[] 
 []


Overfull \hbox (49.9621pt too wide) in paragraph at lines 36--36
[]    \T1/pcr/m/n/7 4    0/  4   63(1792) 0F(1536) 26(1536) C2(1536) D4(1536) E
B(1536) ED(1536) 03(1280) 1D(1280) 2C(1280) 4F(1280)[] 
 []


! Package inputenc Error: Keyboard character used is undefined
(inputenc)                in inputencoding `latin1'.

See the inputenc package documentation for explanation.
Type  H <return>  for immediate help.
 ...                                              
                                                  
l.36 ... \verbatiminput{../AIRCRACK/resultado.dat}
                                                  ^^M
You need to provide a definition with \DeclareInputText 
or \DeclareInputMath before using this key.


! Package inputenc Error: Keyboard character used is undefined
(inputenc)                in inputencoding `latin1'.

See the inputenc package documentation for explanation.
Type  H <return>  for immediate help.
 ...                                              
                                                  
l.36 ... \verbatiminput{../AIRCRACK/resultado.dat}
                                                  ^^M
You need to provide a definition with \DeclareInputText 
or \DeclareInputMath before using this key.


! Package inputenc Error: Keyboard character used is undefined
(inputenc)                in inputencoding `latin1'.

See the inputenc package documentation for explanation.
Type  H <return>  for immediate help.
 ...                                              
                                                  
l.36 ... \verbatiminput{../AIRCRACK/resultado.dat}
                                                  ^^M
You need to provide a definition with \DeclareInputText 
or \DeclareInputMath before using this key.


! Package inputenc Error: Keyboard character used is undefined
(inputenc)                in inputencoding `latin1'.

See the inputenc package documentation for explanation.
Type  H <return>  for immediate help.
 ...                                              
                                                  
l.36 ... \verbatiminput{../AIRCRACK/resultado.dat}
                                                  ^^M
You need to provide a definition with \DeclareInputText 
or \DeclareInputMath before using this key.


! Package inputenc Error: Keyboard character used is undefined
(inputenc)                in inputencoding `latin1'.

See the inputenc package documentation for explanation.
Type  H <return>  for immediate help.
 ...                                              
                                                  
l.36 ... \verbatiminput{../AIRCRACK/resultado.dat}
                                                  ^^M
You need to provide a definition with \DeclareInputText 
or \DeclareInputMath before using this key.


Overfull \hbox (49.9621pt too wide) in paragraph at lines 36--36
[]    \T1/pcr/m/n/7 0    3/  5   7D(1792) 0D(1536) 9D(1536) BF(1536) D8(1536) F
E(1536) 00(1280) 08(1280) 26(1280) 32(1280) 3B(1280)[] 
 []


Overfull \hbox (49.9621pt too wide) in paragraph at lines 36--36
[]    \T1/pcr/m/n/7 1    0/  1   9E(2560) AF(2048) 43(1792) C8(1792) 0F(1536) 2
D(1536) 31(1536) 9D(1536) 9F(1536) D6(1536) EA(1536)[] 
 []


Overfull \hbox (49.9621pt too wide) in paragraph at lines 36--36
[]    \T1/pcr/m/n/7 2    0/  2   8F(2048) D6(2048) 2A(1536) 50(1536) 77(1536) D
0(1536) DF(1536) FE(1536) 09(1280) 15(1280) 19(1280)[] 
 []


Overfull \hbox (49.9621pt too wide) in paragraph at lines 36--36
[]    \T1/pcr/m/n/7 3    4/  3   F4(1536) 1E(1280) 26(1280) 27(1280) 29(1280) 3
5(1280) 37(1280) 3F(1280) 41(1280) 49(1280) 51(1280)[] 
 []


Overfull \hbox (49.9621pt too wide) in paragraph at lines 36--36
[]    \T1/pcr/m/n/7 4    0/  4   52(1792) 0F(1536) 26(1536) C2(1536) D4(1536) E
B(1536) ED(1536) 03(1280) 1D(1280) 2C(1280) 4F(1280)[] 
 []


! Package inputenc Error: Keyboard character used is undefined
(inputenc)                in inputencoding `latin1'.

See the inputenc package documentation for explanation.
Type  H <return>  for immediate help.
 ...                                              
                                                  
l.36 ... \verbatiminput{../AIRCRACK/resultado.dat}
                                                  ^^M
You need to provide a definition with \DeclareInputText 
or \DeclareInputMath before using this key.


! Package inputenc Error: Keyboard character used is undefined
(inputenc)                in inputencoding `latin1'.

See the inputenc package documentation for explanation.
Type  H <return>  for immediate help.
 ...                                              
                                                  
l.36 ... \verbatiminput{../AIRCRACK/resultado.dat}
                                                  ^^M
You need to provide a definition with \DeclareInputText 
or \DeclareInputMath before using this key.


! Package inputenc Error: Keyboard character used is undefined
(inputenc)                in inputencoding `latin1'.

See the inputenc package documentation for explanation.
Type  H <return>  for immediate help.
 ...                                              
                                                  
l.36 ... \verbatiminput{../AIRCRACK/resultado.dat}
                                                  ^^M
You need to provide a definition with \DeclareInputText 
or \DeclareInputMath before using this key.


! Package inputenc Error: Keyboard character used is undefined
(inputenc)                in inputencoding `latin1'.

See the inputenc package documentation for explanation.
Type  H <return>  for immediate help.
 ...                                              
                                                  
l.36 ... \verbatiminput{../AIRCRACK/resultado.dat}
                                                  ^^M
You need to provide a definition with \DeclareInputText 
or \DeclareInputMath before using this key.


! Package inputenc Error: Keyboard character used is undefined
(inputenc)                in inputencoding `latin1'.

See the inputenc package documentation for explanation.
Type  H <return>  for immediate help.
 ...                                              
                                                  
l.36 ... \verbatiminput{../AIRCRACK/resultado.dat}
                                                  ^^M
You need to provide a definition with \DeclareInputText 
or \DeclareInputMath before using this key.


Overfull \hbox (49.9621pt too wide) in paragraph at lines 36--36
[]    \T1/pcr/m/n/7 0    3/  4   7D(1792) 0D(1536) 9D(1536) BF(1536) D8(1536) F
E(1536) 00(1280) 08(1280) 26(1280) 32(1280) 3B(1280)[] 
 []


Overfull \hbox (49.9621pt too wide) in paragraph at lines 36--36
[]    \T1/pcr/m/n/7 1    0/  1   9E(2560) AF(2048) 43(1792) C8(1792) 0F(1536) 2
D(1536) 31(1536) 9D(1536) 9F(1536) D6(1536) EA(1536)[] 
 []


Overfull \hbox (49.9621pt too wide) in paragraph at lines 36--36
[]    \T1/pcr/m/n/7 2    1/  2   BB(2048) 2A(1536) 50(1536) 77(1536) D0(1536) D
F(1536) FE(1536) 09(1280) 15(1280) 19(1280) 26(1280)[] 
 []


Overfull \hbox (49.9621pt too wide) in paragraph at lines 36--36
[]    \T1/pcr/m/n/7 3    0/  3   67(1792) 4C(1792) 6D(1792) 63(1536) F4(1536) 1
E(1280) 26(1280) 27(1280) 29(1280) 35(1280) 37(1280)[] 
 []


Overfull \hbox (49.9621pt too wide) in paragraph at lines 36--36
[]    \T1/pcr/m/n/7 4    0/  1   06(1792) 0F(1536) 26(1536) C2(1536) D4(1536) E
B(1536) ED(1536) 03(1280) 1D(1280) 2C(1280) 4F(1280)[] 
 []


Overfull \hbox (49.9621pt too wide) in paragraph at lines 36--36
[]    \T1/pcr/m/n/7 5    0/  1   4B(2816) 94(2048) DC(1792) 10(1536) 28(1536) 4
1(1536) 6C(1536) 71(1536) 96(1536) AC(1536) C3(1536)[] 
 []


Overfull \hbox (49.9621pt too wide) in paragraph at lines 36--36
[]    \T1/pcr/m/n/7 6    0/  1   40(2048) 72(1792) 19(1536) 24(1536) 2A(1536) 4
1(1536) 5F(1536) 98(1536) DF(1536) 08(1280) 13(1280)[] 
 []


Overfull \hbox (49.9621pt too wide) in paragraph at lines 36--36
[]    \T1/pcr/m/n/7 7    0/  1   3D(2048) BF(2048) 6C(1792) 87(1792) 99(1792) E
6(1792) 00(1536) 08(1536) 63(1536) 7D(1536) 97(1536)[] 
 []


Overfull \hbox (49.9621pt too wide) in paragraph at lines 36--36
[]    \T1/pcr/m/n/7 8    0/  1   F8(1792) F4(1792) 02(1536) 13(1536) 63(1536) 8
6(1536) 9B(1536) C5(1536) 17(1280) 25(1280) 42(1280)[] 
 []


Overfull \hbox (49.9621pt too wide) in paragraph at lines 36--36
[]    \T1/pcr/m/n/7 9    0/  1   AA(1792) 09(1536) B2(1536) CF(1536) 2C(1280) 3
5(1280) 38(1280) 3F(1280) 42(1280) 4F(1280) 63(1280)[] 
 []


Overfull \hbox (49.9621pt too wide) in paragraph at lines 36--36
[]   \T1/pcr/m/n/7 10    0/  1   9C(1792) F8(1792) 53(1536) 5A(1536) 7A(1536) 7
F(1536) C5(1536) 01(1280) 05(1280) 0A(1280) 0C(1280)[] 
 []


Overfull \hbox (49.9621pt too wide) in paragraph at lines 36--36
[]   \T1/pcr/m/n/7 11    0/  1   96(2304) 26(2048) 87(2048) 23(1536) 3B(1536) 3
E(1536) 61(1536) 93(1536) AE(1536) DC(1536) E3(1536)[] 
 []


Overfull \hbox (49.9621pt too wide) in paragraph at lines 36--36
[]   \T1/pcr/m/n/7 12    0/  1   89(1832) 2B(1756) B4(1720) EB(1648) 94(1392) 6
A(1320) 0E(1208) 1F(1208) 24(1208) 41(1208) 47(1208)[] 
 []


! Package inputenc Error: Keyboard character used is undefined
(inputenc)                in inputencoding `latin1'.

See the inputenc package documentation for explanation.
Type  H <return>  for immediate help.
 ...                                              
                                                  
l.36 ... \verbatiminput{../AIRCRACK/resultado.dat}
                                                  ^^M
You need to provide a definition with \DeclareInputText 
or \DeclareInputMath before using this key.


! Package inputenc Error: Keyboard character used is undefined
(inputenc)                in inputencoding `latin1'.

See the inputenc package documentation for explanation.
Type  H <return>  for immediate help.
 ...                                              
                                                  
l.36 ... \verbatiminput{../AIRCRACK/resultado.dat}
                                                  ^^M
You need to provide a definition with \DeclareInputText 
or \DeclareInputMath before using this key.


! Package inputenc Error: Keyboard character used is undefined
(inputenc)                in inputencoding `latin1'.

See the inputenc package documentation for explanation.
Type  H <return>  for immediate help.
 ...                                              
                                                  
l.36 ... \verbatiminput{../AIRCRACK/resultado.dat}
                                                  ^^M
You need to provide a definition with \DeclareInputText 
or \DeclareInputMath before using this key.


! Package inputenc Error: Keyboard character used is undefined
(inputenc)                in inputencoding `latin1'.

See the inputenc package documentation for explanation.
Type  H <return>  for immediate help.
 ...                                              
                                                  
l.36 ... \verbatiminput{../AIRCRACK/resultado.dat}
                                                  ^^M
You need to provide a definition with \DeclareInputText 
or \DeclareInputMath before using this key.


Overfull \hbox (49.9621pt too wide) in paragraph at lines 36--36
[]    \T1/pcr/m/n/7 0    0/  2   16(1792) 22(1792) 31(1792) 7D(1792) 0D(1536) 9
D(1536) BF(1536) D8(1536) FE(1536) 00(1280) 08(1280)[] 
 []


Overfull \hbox (49.9621pt too wide) in paragraph at lines 36--36
[]    \T1/pcr/m/n/7 1    0/  1   05(2560) AF(2048) 43(1792) C8(1792) 0F(1536) 2
D(1536) 31(1536) 9D(1536) 9F(1536) D6(1536) EA(1536)[] 
 []


Overfull \hbox (49.9621pt too wide) in paragraph at lines 36--36
[]    \T1/pcr/m/n/7 2    0/  1   8F(2048) D6(2048) 2A(1536) 50(1536) 77(1536) D
0(1536) DF(1536) FE(1536) 09(1280) 15(1280) 19(1280)[] 
 []


Overfull \hbox (49.9621pt too wide) in paragraph at lines 36--36
[]    \T1/pcr/m/n/7 3    0/  1   93(1792) 4C(1792) 6D(1792) 63(1536) F4(1536) 1
E(1280) 26(1280) 27(1280) 29(1280) 35(1280) 37(1280)[] 
 []


Overfull \hbox (49.9621pt too wide) in paragraph at lines 36--36
[]    \T1/pcr/m/n/7 4    0/  1   15(1792) 0F(1536) 26(1536) C2(1536) D4(1536) E
B(1536) ED(1536) 03(1280) 1D(1280) 2C(1280) 4F(1280)[] 
 []


Overfull \hbox (49.9621pt too wide) in paragraph at lines 36--36
[]    \T1/pcr/m/n/7 5    0/  1   4B(2816) 94(2048) DC(1792) 10(1536) 28(1536) 4
1(1536) 6C(1536) 71(1536) 96(1536) AC(1536) C3(1536)[] 
 []


Overfull \hbox (49.9621pt too wide) in paragraph at lines 36--36
[]    \T1/pcr/m/n/7 6    0/  1   40(2048) 72(1792) 19(1536) 24(1536) 2A(1536) 4
1(1536) 5F(1536) 98(1536) DF(1536) 08(1280) 13(1280)[] 
 []


Overfull \hbox (49.9621pt too wide) in paragraph at lines 36--36
[]    \T1/pcr/m/n/7 7    0/  1   3D(2048) BF(2048) 6C(1792) 87(1792) 99(1792) E
6(1792) 00(1536) 08(1536) 63(1536) 7D(1536) 97(1536)[] 
 []


Overfull \hbox (49.9621pt too wide) in paragraph at lines 36--36
[]    \T1/pcr/m/n/7 8    0/  1   F8(1792) F4(1792) 02(1536) 13(1536) 63(1536) 8
6(1536) 9B(1536) C5(1536) 17(1280) 25(1280) 42(1280)[] 
 []


Overfull \hbox (49.9621pt too wide) in paragraph at lines 36--36
[]    \T1/pcr/m/n/7 9    0/  1   AA(1792) 09(1536) B2(1536) CF(1536) 2C(1280) 3
5(1280) 38(1280) 3F(1280) 42(1280) 4F(1280) 63(1280)[] 
 []


Overfull \hbox (49.9621pt too wide) in paragraph at lines 36--36
[]   \T1/pcr/m/n/7 10    0/  1   9C(1792) F8(1792) 53(1536) 5A(1536) 7A(1536) 7
F(1536) C5(1536) 01(1280) 05(1280) 0A(1280) 0C(1280)[] 
 []


Overfull \hbox (49.9621pt too wide) in paragraph at lines 36--36
[]   \T1/pcr/m/n/7 11    0/  1   96(2304) 26(2048) 87(2048) 23(1536) 3B(1536) 3
E(1536) 61(1536) 93(1536) AE(1536) DC(1536) E3(1536)[] 
 []


Overfull \hbox (49.9621pt too wide) in paragraph at lines 36--36
[]   \T1/pcr/m/n/7 12    0/ 12   43(1832) 2B(1756) B4(1720) EB(1648) 94(1392) 6
A(1320) 0E(1208) 1F(1208) 24(1208) 41(1208) 47(1208)[] 
 []


! Package inputenc Error: Keyboard character used is undefined
(inputenc)                in inputencoding `latin1'.

See the inputenc package documentation for explanation.
Type  H <return>  for immediate help.
 ...                                              
                                                  
l.36 ... \verbatiminput{../AIRCRACK/resultado.dat}
                                                  ^^M
You need to provide a definition with \DeclareInputText 
or \DeclareInputMath before using this key.


! Package inputenc Error: Keyboard character used is undefined
(inputenc)                in inputencoding `latin1'.

See the inputenc package documentation for explanation.
Type  H <return>  for immediate help.
 ...                                              
                                                  
l.36 ... \verbatiminput{../AIRCRACK/resultado.dat}
                                                  ^^M
You need to provide a definition with \DeclareInputText 
or \DeclareInputMath before using this key.


! Package inputenc Error: Keyboard character used is undefined
(inputenc)                in inputencoding `latin1'.

See the inputenc package documentation for explanation.
Type  H <return>  for immediate help.
 ...                                              
                                                  
l.36 ... \verbatiminput{../AIRCRACK/resultado.dat}
                                                  ^^M
You need to provide a definition with \DeclareInputText 
or \DeclareInputMath before using this key.


! Package inputenc Error: Keyboard character used is undefined
(inputenc)                in inputencoding `latin1'.

See the inputenc package documentation for explanation.
Type  H <return>  for immediate help.
 ...                                              
                                                  
l.36 ... \verbatiminput{../AIRCRACK/resultado.dat}
                                                  ^^M
You need to provide a definition with \DeclareInputText 
or \DeclareInputMath before using this key.


Overfull \hbox (49.9621pt too wide) in paragraph at lines 36--36
[]    \T1/pcr/m/n/7 0    0/  2   16(1792) 22(1792) 31(1792) 7D(1792) 0D(1536) 9
D(1536) BF(1536) D8(1536) FE(1536) 00(1280) 08(1280)[] 
 []


Overfull \hbox (49.9621pt too wide) in paragraph at lines 36--36
[]    \T1/pcr/m/n/7 1    0/  1   05(2560) AF(2048) 43(1792) C8(1792) 0F(1536) 2
D(1536) 31(1536) 9D(1536) 9F(1536) D6(1536) EA(1536)[] 
 []


Overfull \hbox (49.9621pt too wide) in paragraph at lines 36--36
[]    \T1/pcr/m/n/7 2    0/  1   8F(2048) D6(2048) 2A(1536) 50(1536) 77(1536) D
0(1536) DF(1536) FE(1536) 09(1280) 15(1280) 19(1280)[] 
 []


Overfull \hbox (49.9621pt too wide) in paragraph at lines 36--36
[]    \T1/pcr/m/n/7 3    0/  1   93(1792) 4C(1792) 6D(1792) 63(1536) F4(1536) 1
E(1280) 26(1280) 27(1280) 29(1280) 35(1280) 37(1280)[] 
 []


Overfull \hbox (49.9621pt too wide) in paragraph at lines 36--36
[]    \T1/pcr/m/n/7 4    0/  1   15(1792) 0F(1536) 26(1536) C2(1536) D4(1536) E
B(1536) ED(1536) 03(1280) 1D(1280) 2C(1280) 4F(1280)[] 
 []


Overfull \hbox (49.9621pt too wide) in paragraph at lines 36--36
[]    \T1/pcr/m/n/7 5    0/  1   4B(2816) 94(2048) DC(1792) 10(1536) 28(1536) 4
1(1536) 6C(1536) 71(1536) 96(1536) AC(1536) C3(1536)[] 
 []


Overfull \hbox (49.9621pt too wide) in paragraph at lines 36--36
[]    \T1/pcr/m/n/7 6    0/  1   40(2048) 72(1792) 19(1536) 24(1536) 2A(1536) 4
1(1536) 5F(1536) 98(1536) DF(1536) 08(1280) 13(1280)[] 
 []


Overfull \hbox (49.9621pt too wide) in paragraph at lines 36--36
[]    \T1/pcr/m/n/7 7    0/  1   3D(2048) BF(2048) 6C(1792) 87(1792) 99(1792) E
6(1792) 00(1536) 08(1536) 63(1536) 7D(1536) 97(1536)[] 
 []


Overfull \hbox (49.9621pt too wide) in paragraph at lines 36--36
[]    \T1/pcr/m/n/7 8    0/  1   F8(1792) F4(1792) 02(1536) 13(1536) 63(1536) 8
6(1536) 9B(1536) C5(1536) 17(1280) 25(1280) 42(1280)[] 
 []


Overfull \hbox (49.9621pt too wide) in paragraph at lines 36--36
[]    \T1/pcr/m/n/7 9    0/  9   BC(1792) 09(1536) B2(1536) CF(1536) 2C(1280) 3
5(1280) 38(1280) 3F(1280) 42(1280) 4F(1280) 63(1280)[] 
 []


Overfull \hbox (49.9621pt too wide) in paragraph at lines 36--36
[]   \T1/pcr/m/n/7 10    0/  1   9C(1792) F8(1792) 53(1536) 5A(1536) 7A(1536) 7
F(1536) C5(1536) 01(1280) 05(1280) 0A(1280) 0C(1280)[] 
 []


Overfull \hbox (49.9621pt too wide) in paragraph at lines 36--36
[]   \T1/pcr/m/n/7 11    0/  1   96(2304) 26(2048) 87(2048) 23(1536) 3B(1536) 3
E(1536) 61(1536) 93(1536) AE(1536) DC(1536) E3(1536)[] 
 []


Overfull \hbox (49.9621pt too wide) in paragraph at lines 36--36
[]   \T1/pcr/m/n/7 12    0/ 12   43(1832) 2B(1756) B4(1720) EB(1648) 94(1392) 6
A(1320) 0E(1208) 1F(1208) 24(1208) 41(1208) 47(1208)[] 
 []

[9]

! Package inputenc Error: Keyboard character used is undefined
(inputenc)                in inputencoding `latin1'.

See the inputenc package documentation for explanation.
Type  H <return>  for immediate help.
 ...                                              
                                                  
l.36 ... \verbatiminput{../AIRCRACK/resultado.dat}
                                                  ^^M
You need to provide a definition with \DeclareInputText 
or \DeclareInputMath before using this key.


! Package inputenc Error: Keyboard character used is undefined
(inputenc)                in inputencoding `latin1'.

See the inputenc package documentation for explanation.
Type  H <return>  for immediate help.
 ...                                              
                                                  
l.36 ... \verbatiminput{../AIRCRACK/resultado.dat}
                                                  ^^M
You need to provide a definition with \DeclareInputText 
or \DeclareInputMath before using this key.


! Package inputenc Error: Keyboard character used is undefined
(inputenc)                in inputencoding `latin1'.

See the inputenc package documentation for explanation.
Type  H <return>  for immediate help.
 ...                                              
                                                  
l.36 ... \verbatiminput{../AIRCRACK/resultado.dat}
                                                  ^^M
You need to provide a definition with \DeclareInputText 
or \DeclareInputMath before using this key.


! Package inputenc Error: Keyboard character used is undefined
(inputenc)                in inputencoding `latin1'.

See the inputenc package documentation for explanation.
Type  H <return>  for immediate help.
 ...                                              
                                                  
l.36 ... \verbatiminput{../AIRCRACK/resultado.dat}
                                                  ^^M
You need to provide a definition with \DeclareInputText 
or \DeclareInputMath before using this key.


Overfull \hbox (49.9621pt too wide) in paragraph at lines 36--36
[]    \T1/pcr/m/n/7 0    0/  2   16(1792) 22(1792) 31(1792) 7D(1792) 0D(1536) 9
D(1536) BF(1536) D8(1536) FE(1536) 00(1280) 08(1280)[] 
 []


Overfull \hbox (49.9621pt too wide) in paragraph at lines 36--36
[]    \T1/pcr/m/n/7 1    0/  1   05(2560) AF(2048) 43(1792) C8(1792) 0F(1536) 2
D(1536) 31(1536) 9D(1536) 9F(1536) D6(1536) EA(1536)[] 
 []


Overfull \hbox (49.9621pt too wide) in paragraph at lines 36--36
[]    \T1/pcr/m/n/7 2    0/  1   8F(2048) D6(2048) 2A(1536) 50(1536) 77(1536) D
0(1536) DF(1536) FE(1536) 09(1280) 15(1280) 19(1280)[] 
 []


Overfull \hbox (49.9621pt too wide) in paragraph at lines 36--36
[]    \T1/pcr/m/n/7 3    0/  1   93(1792) 4C(1792) 6D(1792) 63(1536) F4(1536) 1
E(1280) 26(1280) 27(1280) 29(1280) 35(1280) 37(1280)[] 
 []


Overfull \hbox (49.9621pt too wide) in paragraph at lines 36--36
[]    \T1/pcr/m/n/7 4    0/  1   15(1792) 0F(1536) 26(1536) C2(1536) D4(1536) E
B(1536) ED(1536) 03(1280) 1D(1280) 2C(1280) 4F(1280)[] 
 []


Overfull \hbox (49.9621pt too wide) in paragraph at lines 36--36
[]    \T1/pcr/m/n/7 5    0/  1   4B(2816) 94(2048) DC(1792) 10(1536) 28(1536) 4
1(1536) 6C(1536) 71(1536) 96(1536) AC(1536) C3(1536)[] 
 []


Overfull \hbox (49.9621pt too wide) in paragraph at lines 36--36
[]    \T1/pcr/m/n/7 6    0/  1   40(2048) 72(1792) 19(1536) 24(1536) 2A(1536) 4
1(1536) 5F(1536) 98(1536) DF(1536) 08(1280) 13(1280)[] 
 []


Overfull \hbox (49.9621pt too wide) in paragraph at lines 36--36
[]    \T1/pcr/m/n/7 7    0/  1   3D(2048) BF(2048) 6C(1792) 87(1792) 99(1792) E
6(1792) 00(1536) 08(1536) 63(1536) 7D(1536) 97(1536)[] 
 []


Overfull \hbox (49.9621pt too wide) in paragraph at lines 36--36
[]    \T1/pcr/m/n/7 8    0/  1   F8(1792) F4(1792) 02(1536) 13(1536) 63(1536) 8
6(1536) 9B(1536) C5(1536) 17(1280) 25(1280) 42(1280)[] 
 []


Overfull \hbox (49.9621pt too wide) in paragraph at lines 36--36
[]    \T1/pcr/m/n/7 9    0/  9   BC(1792) 09(1536) B2(1536) CF(1536) 2C(1280) 3
5(1280) 38(1280) 3F(1280) 42(1280) 4F(1280) 63(1280)[] 
 []


Overfull \hbox (49.9621pt too wide) in paragraph at lines 36--36
[]   \T1/pcr/m/n/7 10    0/  1   9C(1792) F8(1792) 53(1536) 5A(1536) 7A(1536) 7
F(1536) C5(1536) 01(1280) 05(1280) 0A(1280) 0C(1280)[] 
 []


Overfull \hbox (49.9621pt too wide) in paragraph at lines 36--36
[]   \T1/pcr/m/n/7 11    0/  1   96(2304) 26(2048) 87(2048) 23(1536) 3B(1536) 3
E(1536) 61(1536) 93(1536) AE(1536) DC(1536) E3(1536)[] 
 []


Overfull \hbox (49.9621pt too wide) in paragraph at lines 36--36
[]   \T1/pcr/m/n/7 12    0/ 12   43(1832) 2B(1756) B4(1720) EB(1648) 94(1392) 6
A(1320) 0E(1208) 1F(1208) 24(1208) 41(1208) 47(1208)[] 
 []


! Package inputenc Error: Keyboard character used is undefined
(inputenc)                in inputencoding `latin1'.

See the inputenc package documentation for explanation.
Type  H <return>  for immediate help.
 ...                                              
                                                  
l.36 ... \verbatiminput{../AIRCRACK/resultado.dat}
                                                  ^^M
You need to provide a definition with \DeclareInputText 
or \DeclareInputMath before using this key.


! Package inputenc Error: Keyboard character used is undefined
(inputenc)                in inputencoding `latin1'.

See the inputenc package documentation for explanation.
Type  H <return>  for immediate help.
 ...                                              
                                                  
l.36 ... \verbatiminput{../AIRCRACK/resultado.dat}
                                                  ^^M
You need to provide a definition with \DeclareInputText 
or \DeclareInputMath before using this key.


! Package inputenc Error: Keyboard character used is undefined
(inputenc)                in inputencoding `latin1'.

See the inputenc package documentation for explanation.
Type  H <return>  for immediate help.
 ...                                              
                                                  
l.36 ... \verbatiminput{../AIRCRACK/resultado.dat}
                                                  ^^M
You need to provide a definition with \DeclareInputText 
or \DeclareInputMath before using this key.


! Package inputenc Error: Keyboard character used is undefined
(inputenc)                in inputencoding `latin1'.

See the inputenc package documentation for explanation.
Type  H <return>  for immediate help.
 ...                                              
                                                  
l.36 ... \verbatiminput{../AIRCRACK/resultado.dat}
                                                  ^^M
You need to provide a definition with \DeclareInputText 
or \DeclareInputMath before using this key.


Overfull \hbox (49.9621pt too wide) in paragraph at lines 36--36
[]    \T1/pcr/m/n/7 0   26/ 27   FF(1280) 03(1024) 0A(1024) 0C(1024) 10(1024) 1
4(1024) 1C(1024) 1D(1024) 21(1024) 24(1024) 28(1024)[] 
 []


Overfull \hbox (49.9621pt too wide) in paragraph at lines 36--36
[]    \T1/pcr/m/n/7 1    1/  2   B0(2048) 43(1792) C8(1792) 0F(1536) 2D(1536) 3
1(1536) 9D(1536) 9F(1536) D6(1536) EA(1536) 17(1280)[] 
 []


Overfull \hbox (49.9621pt too wide) in paragraph at lines 36--36
[]    \T1/pcr/m/n/7 2    7/  8   4F(1536) 09(1280) 15(1280) 19(1280) 26(1280) 6
8(1280) 8D(1280) 96(1280) 9D(1280) BE(1280) C6(1280)[] 
 []


Overfull \hbox (49.9621pt too wide) in paragraph at lines 36--36
[]    \T1/pcr/m/n/7 3   23/ 24   EA(1280) 00(1024) 03(1024) 04(1024) 0C(1024) 0
E(1024) 11(1024) 12(1024) 18(1024) 1F(1024) 24(1024)[] 
 []


Overfull \hbox (49.9621pt too wide) in paragraph at lines 36--36
[]    \T1/pcr/m/n/7 4    6/ 14   05(1536) 03(1280) 1D(1280) 2C(1280) 4F(1280) 5
4(1280) 58(1280) 64(1280) 6B(1280) 79(1280) 81(1280)[] 
 []


! Package inputenc Error: Keyboard character used is undefined
(inputenc)                in inputencoding `latin1'.

See the inputenc package documentation for explanation.
Type  H <return>  for immediate help.
 ...                                              
                                                  
l.36 ... \verbatiminput{../AIRCRACK/resultado.dat}
                                                  ^^M
You need to provide a definition with \DeclareInputText 
or \DeclareInputMath before using this key.


! Package inputenc Error: Keyboard character used is undefined
(inputenc)                in inputencoding `latin1'.

See the inputenc package documentation for explanation.
Type  H <return>  for immediate help.
 ...                                              
                                                  
l.36 ... \verbatiminput{../AIRCRACK/resultado.dat}
                                                  ^^M
You need to provide a definition with \DeclareInputText 
or \DeclareInputMath before using this key.


! Package inputenc Error: Keyboard character used is undefined
(inputenc)                in inputencoding `latin1'.

See the inputenc package documentation for explanation.
Type  H <return>  for immediate help.
 ...                                              
                                                  
l.36 ... \verbatiminput{../AIRCRACK/resultado.dat}
                                                  ^^M
You need to provide a definition with \DeclareInputText 
or \DeclareInputMath before using this key.


! Package inputenc Error: Keyboard character used is undefined
(inputenc)                in inputencoding `latin1'.

See the inputenc package documentation for explanation.
Type  H <return>  for immediate help.
 ...                                              
                                                  
l.36 ... \verbatiminput{../AIRCRACK/resultado.dat}
                                                  ^^M
You need to provide a definition with \DeclareInputText 
or \DeclareInputMath before using this key.


! Package inputenc Error: Keyboard character used is undefined
(inputenc)                in inputencoding `latin1'.

See the inputenc package documentation for explanation.
Type  H <return>  for immediate help.
 ...                                              
                                                  
l.36 ... \verbatiminput{../AIRCRACK/resultado.dat}
                                                  ^^M
You need to provide a definition with \DeclareInputText 
or \DeclareInputMath before using this key.


Overfull \hbox (49.9621pt too wide) in paragraph at lines 36--36
[]    \T1/pcr/m/n/7 0   26/ 37   FF(1280) 03(1024) 0A(1024) 0C(1024) 10(1024) 1
4(1024) 1C(1024) 1D(1024) 21(1024) 24(1024) 28(1024)[] 
 []


Overfull \hbox (49.9621pt too wide) in paragraph at lines 36--36
[]    \T1/pcr/m/n/7 1    1/  2   8B(2048) 43(1792) C8(1792) 0F(1536) 2D(1536) 3
1(1536) 9D(1536) 9F(1536) D6(1536) EA(1536) 17(1280)[] 
 []


Overfull \hbox (49.9621pt too wide) in paragraph at lines 36--36
[]    \T1/pcr/m/n/7 2    7/  8   4F(1536) 09(1280) 15(1280) 19(1280) 26(1280) 6
8(1280) 8D(1280) 96(1280) 9D(1280) BE(1280) C6(1280)[] 
 []


Overfull \hbox (49.9621pt too wide) in paragraph at lines 36--36
[]    \T1/pcr/m/n/7 3   23/  3   E8(1280) 00(1024) 03(1024) 04(1024) 0C(1024) 0
E(1024) 11(1024) 12(1024) 18(1024) 1F(1024) 24(1024)[] 
 []


Overfull \hbox (49.9621pt too wide) in paragraph at lines 36--36
[]    \T1/pcr/m/n/7 4   22/ 23   C6(1280) 02(1024) 04(1024) 05(1024) 07(1024) 0
C(1024) 19(1024) 1F(1024) 22(1024) 23(1024) 36(1024)[] 
 []


! Package inputenc Error: Keyboard character used is undefined
(inputenc)                in inputencoding `latin1'.

See the inputenc package documentation for explanation.
Type  H <return>  for immediate help.
 ...                                              
                                                  
l.36 ... \verbatiminput{../AIRCRACK/resultado.dat}
                                                  ^^M
You need to provide a definition with \DeclareInputText 
or \DeclareInputMath before using this key.


! Package inputenc Error: Keyboard character used is undefined
(inputenc)                in inputencoding `latin1'.

See the inputenc package documentation for explanation.
Type  H <return>  for immediate help.
 ...                                              
                                                  
l.36 ... \verbatiminput{../AIRCRACK/resultado.dat}
                                                  ^^M
You need to provide a definition with \DeclareInputText 
or \DeclareInputMath before using this key.


! Package inputenc Error: Keyboard character used is undefined
(inputenc)                in inputencoding `latin1'.

See the inputenc package documentation for explanation.
Type  H <return>  for immediate help.
 ...                                              
                                                  
l.36 ... \verbatiminput{../AIRCRACK/resultado.dat}
                                                  ^^M
You need to provide a definition with \DeclareInputText 
or \DeclareInputMath before using this key.


! Package inputenc Error: Keyboard character used is undefined
(inputenc)                in inputencoding `latin1'.

See the inputenc package documentation for explanation.
Type  H <return>  for immediate help.
 ...                                              
                                                  
l.36 ... \verbatiminput{../AIRCRACK/resultado.dat}
                                                  ^^M
You need to provide a definition with \DeclareInputText 
or \DeclareInputMath before using this key.


! Package inputenc Error: Keyboard character used is undefined
(inputenc)                in inputencoding `latin1'.

See the inputenc package documentation for explanation.
Type  H <return>  for immediate help.
 ...                                              
                                                  
l.36 ... \verbatiminput{../AIRCRACK/resultado.dat}
                                                  ^^M
You need to provide a definition with \DeclareInputText 
or \DeclareInputMath before using this key.


Overfull \hbox (49.9621pt too wide) in paragraph at lines 36--36
[]    \T1/pcr/m/n/7 0   59/ 60   FD(1024) 11( 768) 12( 768) 18( 768) 2A( 768) 3
9( 768) 3C( 768) 58( 768) 5E( 768) 60( 768) 63( 768)[] 
 []


Overfull \hbox (49.9621pt too wide) in paragraph at lines 36--36
[]    \T1/pcr/m/n/7 1    1/  4   B2(2048) 43(1792) C8(1792) 0F(1536) 2D(1536) 3
1(1536) 9D(1536) 9F(1536) D6(1536) EA(1536) 17(1280)[] 
 []


Overfull \hbox (49.9621pt too wide) in paragraph at lines 36--36
[]    \T1/pcr/m/n/7 2    7/  8   BB(1536) 09(1280) 15(1280) 19(1280) 26(1280) 6
8(1280) 8D(1280) 96(1280) 9D(1280) BE(1280) C6(1280)[] 
 []


Overfull \hbox (49.9621pt too wide) in paragraph at lines 36--36
[]    \T1/pcr/m/n/7 3   23/  3   E8(1280) 00(1024) 03(1024) 04(1024) 0C(1024) 0
E(1024) 11(1024) 12(1024) 18(1024) 1F(1024) 24(1024)[] 
 []


Overfull \hbox (49.9621pt too wide) in paragraph at lines 36--36
[]    \T1/pcr/m/n/7 4   22/  4   DB(1280) 02(1024) 04(1024) 05(1024) 07(1024) 0
C(1024) 19(1024) 1F(1024) 22(1024) 23(1024) 36(1024)[] 
 []


! Package inputenc Error: Keyboard character used is undefined
(inputenc)                in inputencoding `latin1'.

See the inputenc package documentation for explanation.
Type  H <return>  for immediate help.
 ...                                              
                                                  
l.36 ... \verbatiminput{../AIRCRACK/resultado.dat}
                                                  ^^M
You need to provide a definition with \DeclareInputText 
or \DeclareInputMath before using this key.

) (./INF-SUBSDOS.tex
Underfull \hbox (badness 10000) in paragraph at lines 10--12

 []


Underfull \hbox (badness 10000) in paragraph at lines 13--14

 []

[10]
Underfull \hbox (badness 10000) in paragraph at lines 15--16

 []


Underfull \hbox (badness 10000) in paragraph at lines 17--18

 []


Underfull \hbox (badness 10000) in paragraph at lines 19--20

 []


Overfull \hbox (21.29674pt too wide) in paragraph at lines 21--22
[]\T1/pbk/db/n/12 aireplay-ng -0 0 -a 80:B6:86:D5:F9:4B -c 00:13:EF:71:02:DD wl
an0mon 
 []


Underfull \hbox (badness 10000) in paragraph at lines 21--22

 []

) [11] (./informe.aux)
Package logreq Info: Writing requests to 'informe.run.xml'.
\openout1 = `informe.run.xml'.

 ) 
Here is how much of TeX's memory you used:
 9587 strings out of 494953
 161091 string characters out of 6180977
 595296 words of memory out of 5000000
 12632 multiletter control sequences out of 15000+600000
 44896 words of font info for 116 fonts, out of 8000000 for 9000
 14 hyphenation exceptions out of 8191
 44i,10n,43p,853b,668s stack positions out of 5000i,500n,10000p,200000b,80000s
{/usr/share/texlive/texmf-dist/fonts/enc/dvips/base/8r.enc}</usr/share/texliv
e/texmf-dist/fonts/type1/public/amsfonts/cm/cmsy10.pfb></usr/share/texlive/texm
f-dist/fonts/type1/urw/avantgar/uagd8a.pfb></usr/share/texlive/texmf-dist/fonts
/type1/urw/avantgar/uagk8a.pfb></usr/share/texlive/texmf-dist/fonts/type1/urw/b
ookman/ubkd8a.pfb></usr/share/texlive/texmf-dist/fonts/type1/urw/bookman/ubkl8a
.pfb></usr/share/texlive/texmf-dist/fonts/type1/urw/bookman/ubkl8a.pfb></usr/sh
are/texlive/texmf-dist/fonts/type1/urw/bookman/ubkli8a.pfb></usr/share/texlive/
texmf-dist/fonts/type1/urw/courier/ucrr8a.pfb>
Output written on informe.pdf (11 pages, 129428 bytes).
PDF statistics:
 76 PDF objects out of 1000 (max. 8388607)
 51 compressed objects within 1 object stream
 0 named destinations out of 1000 (max. 500000)
 17931 words of extra memory for PDF output out of 20736 (max. 10000000)

