This is pdfTeX, Version 3.14159265-2.6-1.40.17 (TeX Live 2016/Debian) (preloaded format=pdflatex 2016.6.15)  11 JUL 2016 04:04
entering extended mode
 restricted \write18 enabled.
 %&-line parsing enabled.
**\nonstopmode \input{informe_WEP.tex}
(./informe_WEP.tex (./informe.tex
(/usr/share/texlive/texmf-dist/tex/latex/base/report.cls
Document Class: report 2014/09/29 v1.4h Standard LaTeX document class
(/usr/share/texlive/texmf-dist/tex/latex/base/size12.clo
File: size12.clo 2014/09/29 v1.4h Standard LaTeX file (size option)
)
\c@part=\count79
\c@chapter=\count80
\c@section=\count81
\c@subsection=\count82
\c@subsubsection=\count83
\c@paragraph=\count84
\c@subparagraph=\count85
\c@figure=\count86
\c@table=\count87
\abovecaptionskip=\skip41
\belowcaptionskip=\skip42
\bibindent=\dimen102
)
(/usr/share/texlive/texmf-dist/tex/latex/geometry/geometry.sty
Package: geometry 2010/09/12 v5.6 Page Geometry

(/usr/share/texlive/texmf-dist/tex/latex/graphics/keyval.sty
Package: keyval 2014/10/28 v1.15 key=value parser (DPC)
\KV@toks@=\toks14
)
(/usr/share/texlive/texmf-dist/tex/generic/oberdiek/ifpdf.sty
Package: ifpdf 2016/05/14 v3.1 Provides the ifpdf switch
)
(/usr/share/texlive/texmf-dist/tex/generic/oberdiek/ifvtex.sty
Package: ifvtex 2016/05/16 v1.6 Detect VTeX and its facilities (HO)
Package ifvtex Info: VTeX not detected.
)
(/usr/share/texlive/texmf-dist/tex/generic/ifxetex/ifxetex.sty
Package: ifxetex 2010/09/12 v0.6 Provides ifxetex conditional
)
\Gm@cnth=\count88
\Gm@cntv=\count89
\c@Gm@tempcnt=\count90
\Gm@bindingoffset=\dimen103
\Gm@wd@mp=\dimen104
\Gm@odd@mp=\dimen105
\Gm@even@mp=\dimen106
\Gm@layoutwidth=\dimen107
\Gm@layoutheight=\dimen108
\Gm@layouthoffset=\dimen109
\Gm@layoutvoffset=\dimen110
\Gm@dimlist=\toks15
)
(/usr/share/texlive/texmf-dist/tex/generic/babel/babel.sty
Package: babel 2016/04/23 3.9r The Babel package

(/usr/share/texlive/texmf-dist/tex/generic/babel-spanish/spanish.ldf
Language: spanish.ldf 2016/03/03 v5.0p Spanish support from the babel system

(/usr/share/texlive/texmf-dist/tex/generic/babel/babel.def
File: babel.def 2016/04/23 3.9r Babel common definitions
\babel@savecnt=\count91
\U@D=\dimen111
)
\es@quottoks=\toks16
\es@quotdepth=\count92
Package babel Info: Making " an active character on input line 561.
Package babel Info: Making . an active character on input line 662.
Package babel Info: Making < an active character on input line 707.
Package babel Info: Making > an active character on input line 707.
Package babel Info: Making ' an active character on input line 725.
))
(/usr/share/texlive/texmf-dist/tex/latex/graphics/graphicx.sty
Package: graphicx 2014/10/28 v1.0g Enhanced LaTeX Graphics (DPC,SPQR)

(/usr/share/texlive/texmf-dist/tex/latex/graphics/graphics.sty
Package: graphics 2016/05/09 v1.0r Standard LaTeX Graphics (DPC,SPQR)

(/usr/share/texlive/texmf-dist/tex/latex/graphics/trig.sty
Package: trig 2016/01/03 v1.10 sin cos tan (DPC)
)
(/usr/share/texlive/texmf-dist/tex/latex/graphics-cfg/graphics.cfg
File: graphics.cfg 2016/01/02 v1.10 sample graphics configuration
)
Package graphics Info: Driver file: pdftex.def on input line 96.

(/usr/share/texlive/texmf-dist/tex/latex/pdftex-def/pdftex.def
File: pdftex.def 2011/05/27 v0.06d Graphics/color for pdfTeX

(/usr/share/texlive/texmf-dist/tex/generic/oberdiek/infwarerr.sty
Package: infwarerr 2016/05/16 v1.4 Providing info/warning/error messages (HO)
)
(/usr/share/texlive/texmf-dist/tex/generic/oberdiek/ltxcmds.sty
Package: ltxcmds 2016/05/16 v1.23 LaTeX kernel commands for general use (HO)
)
\Gread@gobject=\count93
))
\Gin@req@height=\dimen112
\Gin@req@width=\dimen113
)
(/usr/share/texlive/texmf-dist/tex/latex/psnfss/bookman.sty
Package: bookman 2005/04/12 PSNFSS-v9.2a (SPQR) 
)
(/usr/share/texlive/texmf-dist/tex/latex/microtype/microtype.sty
Package: microtype 2016/05/14 v2.6a Micro-typographical refinements (RS)
\MT@toks=\toks17
\MT@count=\count94
LaTeX Info: Redefining \textls on input line 774.
\MT@outer@kern=\dimen114
LaTeX Info: Redefining \textmicrotypecontext on input line 1310.
\MT@listname@count=\count95

(/usr/share/texlive/texmf-dist/tex/latex/microtype/microtype-pdftex.def
File: microtype-pdftex.def 2016/05/14 v2.6a Definitions specific to pdftex (RS)

LaTeX Info: Redefining \lsstyle on input line 916.
LaTeX Info: Redefining \lslig on input line 916.
\MT@outer@space=\skip43
)
Package microtype Info: Loading configuration file microtype.cfg.

(/usr/share/texlive/texmf-dist/tex/latex/microtype/microtype.cfg
File: microtype.cfg 2016/05/14 v2.6a microtype main configuration file (RS)
))
(/usr/share/texlive/texmf-dist/tex/latex/base/fontenc.sty
Package: fontenc 2005/09/27 v1.99g Standard LaTeX package

(/usr/share/texlive/texmf-dist/tex/latex/base/t1enc.def
File: t1enc.def 2005/09/27 v1.99g Standard LaTeX file
LaTeX Font Info:    Redeclaring font encoding T1 on input line 48.
))
(/usr/share/texlive/texmf-dist/tex/latex/base/inputenc.sty
Package: inputenc 2015/03/17 v1.2c Input encoding file
\inpenc@prehook=\toks18
\inpenc@posthook=\toks19

(/usr/share/texlive/texmf-dist/tex/latex/base/latin1.def
File: latin1.def 2015/03/17 v1.2c Input encoding file
))
(/usr/share/texlive/texmf-dist/tex/latex/fancyhdr/fancyhdr.sty
\fancy@headwidth=\skip44
\f@ncyO@elh=\skip45
\f@ncyO@erh=\skip46
\f@ncyO@olh=\skip47
\f@ncyO@orh=\skip48
\f@ncyO@elf=\skip49
\f@ncyO@erf=\skip50
\f@ncyO@olf=\skip51
\f@ncyO@orf=\skip52
)
(/usr/share/texlive/texmf-dist/tex/latex/tools/verbatim.sty
Package: verbatim 2014/10/28 v1.5q LaTeX2e package for verbatim enhancements
\every@verbatim=\toks20
\verbatim@line=\toks21
\verbatim@in@stream=\read1
)
(/usr/share/texlive/texmf-dist/tex/latex/import/import.sty
Package: import 2009/03/23  v 5.1
)
(/usr/share/texlive/texmf-dist/tex/latex/hyperref/hyperref.sty
Package: hyperref 2016/05/05 v6.83n Hypertext links for LaTeX

(/usr/share/texlive/texmf-dist/tex/generic/oberdiek/hobsub-hyperref.sty
Package: hobsub-hyperref 2016/05/16 v1.14 Bundle oberdiek, subset hyperref (HO)


(/usr/share/texlive/texmf-dist/tex/generic/oberdiek/hobsub-generic.sty
Package: hobsub-generic 2016/05/16 v1.14 Bundle oberdiek, subset generic (HO)
Package: hobsub 2016/05/16 v1.14 Construct package bundles (HO)
Package hobsub Info: Skipping package `infwarerr' (already loaded).
Package hobsub Info: Skipping package `ltxcmds' (already loaded).
Package: ifluatex 2016/05/16 v1.4 Provides the ifluatex switch (HO)
Package ifluatex Info: LuaTeX not detected.
Package hobsub Info: Skipping package `ifvtex' (already loaded).
Package: intcalc 2016/05/16 v1.2 Expandable calculations with integers (HO)
Package hobsub Info: Skipping package `ifpdf' (already loaded).
Package: etexcmds 2016/05/16 v1.6 Avoid name clashes with e-TeX commands (HO)
Package etexcmds Info: Could not find \expanded.
(etexcmds)             That can mean that you are not using pdfTeX 1.50 or
(etexcmds)             that some package has redefined \expanded.
(etexcmds)             In the latter case, load this package earlier.
Package: kvsetkeys 2016/05/16 v1.17 Key value parser (HO)
Package: kvdefinekeys 2016/05/16 v1.4 Define keys (HO)
Package: pdftexcmds 2016/05/10 v0.21 Utility functions of pdfTeX for LuaTeX (HO
)
Package pdftexcmds Info: LuaTeX not detected.
Package pdftexcmds Info: \pdf@primitive is available.
Package pdftexcmds Info: \pdf@ifprimitive is available.
Package pdftexcmds Info: \pdfdraftmode found.
Package: pdfescape 2016/05/16 v1.14 Implements pdfTeX's escape features (HO)
Package: bigintcalc 2016/05/16 v1.4 Expandable calculations on big integers (HO
)
Package: bitset 2016/05/16 v1.2 Handle bit-vector datatype (HO)
Package: uniquecounter 2016/05/16 v1.3 Provide unlimited unique counter (HO)
)
Package hobsub Info: Skipping package `hobsub' (already loaded).
Package: letltxmacro 2016/05/16 v1.5 Let assignment for LaTeX macros (HO)
Package: hopatch 2016/05/16 v1.3 Wrapper for package hooks (HO)
Package: xcolor-patch 2016/05/16 xcolor patch
Package: atveryend 2016/05/16 v1.9 Hooks at the very end of document (HO)
Package atveryend Info: \enddocument detected (standard20110627).
Package: atbegshi 2016/05/16 v1.17 At begin shipout hook (HO)
Package: refcount 2016/05/16 v3.5 Data extraction from label references (HO)
Package: hycolor 2016/05/16 v1.8 Color options for hyperref/bookmark (HO)
)
(/usr/share/texlive/texmf-dist/tex/latex/oberdiek/auxhook.sty
Package: auxhook 2016/05/16 v1.4 Hooks for auxiliary files (HO)
)
(/usr/share/texlive/texmf-dist/tex/latex/oberdiek/kvoptions.sty
Package: kvoptions 2016/05/16 v3.12 Key value format for package options (HO)
)
\@linkdim=\dimen115
\Hy@linkcounter=\count96
\Hy@pagecounter=\count97

(/usr/share/texlive/texmf-dist/tex/latex/hyperref/pd1enc.def
File: pd1enc.def 2016/05/05 v6.83n Hyperref: PDFDocEncoding definition (HO)
)
\Hy@SavedSpaceFactor=\count98

(/usr/share/texlive/texmf-dist/tex/latex/latexconfig/hyperref.cfg
File: hyperref.cfg 2002/06/06 v1.2 hyperref configuration of TeXLive
)
Package hyperref Info: Hyper figures OFF on input line 4446.
Package hyperref Info: Link nesting OFF on input line 4451.
Package hyperref Info: Hyper index ON on input line 4454.
Package hyperref Info: Plain pages OFF on input line 4461.
Package hyperref Info: Backreferencing OFF on input line 4466.
Package hyperref Info: Implicit mode ON; LaTeX internals redefined.
Package hyperref Info: Bookmarks ON on input line 4691.
\c@Hy@tempcnt=\count99

(/usr/share/texlive/texmf-dist/tex/latex/url/url.sty
\Urlmuskip=\muskip10
Package: url 2013/09/16  ver 3.4  Verb mode for urls, etc.
)
LaTeX Info: Redefining \url on input line 5044.
\XeTeXLinkMargin=\dimen116
\Fld@menulength=\count100
\Field@Width=\dimen117
\Fld@charsize=\dimen118
Package hyperref Info: Hyper figures OFF on input line 6298.
Package hyperref Info: Link nesting OFF on input line 6303.
Package hyperref Info: Hyper index ON on input line 6306.
Package hyperref Info: backreferencing OFF on input line 6313.
Package hyperref Info: Link coloring OFF on input line 6318.
Package hyperref Info: Link coloring with OCG OFF on input line 6323.
Package hyperref Info: PDF/A mode OFF on input line 6328.
LaTeX Info: Redefining \ref on input line 6368.
LaTeX Info: Redefining \pageref on input line 6372.
\Hy@abspage=\count101
\c@Item=\count102
\c@Hfootnote=\count103
)

Package hyperref Message: Driver (autodetected): hpdftex.

(/usr/share/texlive/texmf-dist/tex/latex/hyperref/hpdftex.def
File: hpdftex.def 2016/05/05 v6.83n Hyperref driver for pdfTeX
\Fld@listcount=\count104
\c@bookmark@seq@number=\count105

(/usr/share/texlive/texmf-dist/tex/latex/oberdiek/rerunfilecheck.sty
Package: rerunfilecheck 2016/05/16 v1.8 Rerun checks for auxiliary files (HO)
Package uniquecounter Info: New unique counter `rerunfilecheck' on input line 2
82.
)
\Hy@SectionHShift=\skip53
)
(./informe_WEP.aux
LaTeX Info: Redefining \. on input line 24.
LaTeX Info: Redefining \% on input line 24.
)
\openout1 = `informe_WEP.aux'.

LaTeX Font Info:    Checking defaults for OML/cmm/m/it on input line 23.
LaTeX Font Info:    ... okay on input line 23.
LaTeX Font Info:    Checking defaults for T1/cmr/m/n on input line 23.
LaTeX Font Info:    ... okay on input line 23.
LaTeX Font Info:    Checking defaults for OT1/cmr/m/n on input line 23.
LaTeX Font Info:    ... okay on input line 23.
LaTeX Font Info:    Checking defaults for OMS/cmsy/m/n on input line 23.
LaTeX Font Info:    ... okay on input line 23.
LaTeX Font Info:    Checking defaults for OMX/cmex/m/n on input line 23.
LaTeX Font Info:    ... okay on input line 23.
LaTeX Font Info:    Checking defaults for U/cmr/m/n on input line 23.
LaTeX Font Info:    ... okay on input line 23.
LaTeX Font Info:    Checking defaults for PD1/pdf/m/n on input line 23.
LaTeX Font Info:    ... okay on input line 23.
LaTeX Font Info:    Try loading font information for T1+pbk on input line 23.
 (/usr/share/texlive/texmf-dist/tex/latex/psnfss/t1pbk.fd
File: t1pbk.fd 2001/06/04 font definitions for T1/pbk.
)
LaTeX Font Info:    Font shape `T1/pbk/m/n' in size <12> not available
(Font)              Font shape `T1/pbk/l/n' tried instead on input line 23.

*geometry* driver: auto-detecting
*geometry* detected driver: pdftex
*geometry* verbose mode - [ preamble ] result:
* driver: pdftex
* paper: letterpaper
* layout: <same size as paper>
* layoutoffset:(h,v)=(0.0pt,0.0pt)
* modes: 
* h-part:(L,W,R)=(91.04872pt, 432.19756pt, 91.04872pt)
* v-part:(T,H,B)=(85.35826pt, 624.25346pt, 85.35826pt)
* \paperwidth=614.295pt
* \paperheight=794.96999pt
* \textwidth=432.19756pt
* \textheight=624.25346pt
* \oddsidemargin=18.77873pt
* \evensidemargin=18.77873pt
* \topmargin=-8.91173pt
* \headheight=12.0pt
* \headsep=10.0pt
* \topskip=12.0pt
* \footskip=30.0pt
* \marginparwidth=35.0pt
* \marginparsep=10.0pt
* \columnsep=10.0pt
* \skip\footins=10.8pt plus 4.0pt minus 2.0pt
* \hoffset=0.0pt
* \voffset=0.0pt
* \mag=1000
* \@twocolumnfalse
* \@twosidefalse
* \@mparswitchfalse
* \@reversemarginfalse
* (1in=72.27pt=25.4mm, 1cm=28.453pt)

LaTeX Info: Redefining \. on input line 23.
LaTeX Info: Redefining \% on input line 23.
(/usr/share/texlive/texmf-dist/tex/context/base/mkii/supp-pdf.mkii
[Loading MPS to PDF converter (version 2006.09.02).]
\scratchcounter=\count106
\scratchdimen=\dimen119
\scratchbox=\box26
\nofMPsegments=\count107
\nofMParguments=\count108
\everyMPshowfont=\toks22
\MPscratchCnt=\count109
\MPscratchDim=\dimen120
\MPnumerator=\count110
\makeMPintoPDFobject=\count111
\everyMPtoPDFconversion=\toks23
) (/usr/share/texlive/texmf-dist/tex/latex/oberdiek/epstopdf-base.sty
Package: epstopdf-base 2016/05/15 v2.6 Base part for package epstopdf

(/usr/share/texlive/texmf-dist/tex/latex/oberdiek/grfext.sty
Package: grfext 2016/05/16 v1.2 Manage graphics extensions (HO)
)
Package grfext Info: Graphics extension search list:
(grfext)             [.png,.pdf,.jpg,.mps,.jpeg,.jbig2,.jb2,.PNG,.PDF,.JPG,.JPE
G,.JBIG2,.JB2,.eps]
(grfext)             \AppendGraphicsExtensions on input line 456.

(/usr/share/texlive/texmf-dist/tex/latex/latexconfig/epstopdf-sys.cfg
File: epstopdf-sys.cfg 2010/07/13 v1.3 Configuration of (r)epstopdf for TeX Liv
e
))
LaTeX Info: Redefining \microtypecontext on input line 23.
Package microtype Info: Generating PDF output.
Package microtype Info: Character protrusion enabled (level 2).
Package microtype Info: Using default protrusion set `alltext'.
Package microtype Info: Automatic font expansion enabled (level 2),
(microtype)             stretch: 20, shrink: 20, step: 1, non-selected.
Package microtype Info: Using default expansion set `basictext'.
Package microtype Info: No adjustment of tracking.
Package microtype Info: No adjustment of interword spacing.
Package microtype Info: No adjustment of character kerning.
Package microtype Info: Loading generic settings for font family
(microtype)             `pbk' (encoding: T1).
(microtype)             For optimal results, create family-specific settings.
(microtype)             See the microtype manual for details.
\AtBeginShipoutBox=\box27
Package hyperref Info: Link coloring OFF on input line 23.

(/usr/share/texlive/texmf-dist/tex/latex/hyperref/nameref.sty
Package: nameref 2012/10/27 v2.43 Cross-referencing by name of section

(/usr/share/texlive/texmf-dist/tex/generic/oberdiek/gettitlestring.sty
Package: gettitlestring 2016/05/16 v1.5 Cleanup title references (HO)
)
\c@section@level=\count112
)
LaTeX Info: Redefining \ref on input line 23.
LaTeX Info: Redefining \pageref on input line 23.
LaTeX Info: Redefining \nameref on input line 23.

(./informe_WEP.out) (./informe_WEP.out)
\@outlinefile=\write3
\openout3 = `informe_WEP.out'.


<icono.jpeg, id=44, 240.9pt x 319.1925pt>
File: icono.jpeg Graphic file (type jpg)
 <use icono.jpeg>
Package pdftex.def Info: icono.jpeg used on input line 32.
(pdftex.def)             Requested size: 113.81114pt x 113.80847pt.
LaTeX Font Info:    Try loading font information for T1+pag on input line 36.

(/usr/share/texlive/texmf-dist/tex/latex/psnfss/t1pag.fd
File: t1pag.fd 2001/06/04 font definitions for T1/pag.
)
Package microtype Info: Loading generic settings for font family
(microtype)             `pag' (encoding: T1).
(microtype)             For optimal results, create family-specific settings.
(microtype)             See the microtype manual for details.
LaTeX Font Info:    Font shape `T1/pag/bx/n' in size <35> not available
(Font)              Font shape `T1/pag/b/n' tried instead on input line 37.
LaTeX Font Info:    Font shape `T1/pag/b/n' in size <35> not available
(Font)              Font shape `T1/pag/db/n' tried instead on input line 37.
Package babel Info: Redefining spanish shorthand <<
(babel)             in language  on input line 48.
Package babel Info: Redefining spanish shorthand >>
(babel)             in language  on input line 48.
Package babel Info: Redefining spanish shorthand "=
(babel)             in language  on input line 48.
Package babel Info: Redefining spanish shorthand "~
(babel)             in language  on input line 48.
Package babel Info: Redefining spanish shorthand "!
(babel)             in language  on input line 48.
Package babel Info: Redefining spanish shorthand "?
(babel)             in language  on input line 48.
Package babel Info: Redefining spanish shorthand <<
(babel)             in language  on input line 48.
Package babel Info: Redefining spanish shorthand >>
(babel)             in language  on input line 48.
Package babel Info: Redefining spanish shorthand "=
(babel)             in language  on input line 48.
Package babel Info: Redefining spanish shorthand "~
(babel)             in language  on input line 48.
Package babel Info: Redefining spanish shorthand "!
(babel)             in language  on input line 48.
Package babel Info: Redefining spanish shorthand "?
(babel)             in language  on input line 48.
 [1

{/var/lib/texmf/fonts/map/pdftex/updmap/pdftex.map} <./icono.jpeg>]
LaTeX Font Info:    Try loading font information for OMS+pbk on input line 52.

(/usr/share/texlive/texmf-dist/tex/latex/psnfss/omspbk.fd
File: omspbk.fd 
)
LaTeX Font Info:    Font shape `OMS/pbk/m/n' in size <12> not available
(Font)              Font shape `OMS/cmsy/m/n' tried instead on input line 52.

Underfull \hbox (badness 10000) in paragraph at lines 52--53

 []

LaTeX Font Info:    Font shape `T1/pbk/m/sc' in size <12> not available
(Font)              Font shape `T1/pbk/l/sc' tried instead on input line 54.

Underfull \hbox (badness 10000) in paragraph at lines 54--55

 []

LaTeX Font Info:    Font shape `T1/pbk/m/it' in size <12> not available
(Font)              Font shape `T1/pbk/l/it' tried instead on input line 56.

Underfull \hbox (badness 10000) in paragraph at lines 58--59

 []

Package babel Info: Redefining spanish shorthand <<
(babel)             in language  on input line 70.
Package babel Info: Redefining spanish shorthand >>
(babel)             in language  on input line 70.
Package babel Info: Redefining spanish shorthand "=
(babel)             in language  on input line 70.
Package babel Info: Redefining spanish shorthand "~
(babel)             in language  on input line 70.
Package babel Info: Redefining spanish shorthand "!
(babel)             in language  on input line 70.
Package babel Info: Redefining spanish shorthand "?
(babel)             in language  on input line 70.
Package babel Info: Redefining spanish shorthand <<
(babel)             in language  on input line 70.
Package babel Info: Redefining spanish shorthand >>
(babel)             in language  on input line 70.
Package babel Info: Redefining spanish shorthand "=
(babel)             in language  on input line 70.
Package babel Info: Redefining spanish shorthand "~
(babel)             in language  on input line 70.
Package babel Info: Redefining spanish shorthand "!
(babel)             in language  on input line 70.
Package babel Info: Redefining spanish shorthand "?
(babel)             in language  on input line 70.
[2]
LaTeX Font Info:    Font shape `T1/pbk/m/n' in size <24.88> not available
(Font)              Font shape `T1/pbk/l/n' tried instead on input line 70.
LaTeX Font Info:    Font shape `T1/pbk/bx/n' in size <24.88> not available
(Font)              Font shape `T1/pbk/b/n' tried instead on input line 70.
LaTeX Font Info:    Font shape `T1/pbk/b/n' in size <24.88> not available
(Font)              Font shape `T1/pbk/db/n' tried instead on input line 70.
 (./informe_WEP.toc
LaTeX Info: Redefining \. on input line 1.
LaTeX Info: Redefining \% on input line 1.
LaTeX Font Info:    Font shape `T1/pbk/bx/n' in size <12> not available
(Font)              Font shape `T1/pbk/b/n' tried instead on input line 2.
LaTeX Font Info:    Font shape `T1/pbk/b/n' in size <12> not available
(Font)              Font shape `T1/pbk/db/n' tried instead on input line 2.

(/usr/share/texlive/texmf-dist/tex/latex/microtype/mt-cmr.cfg
File: mt-cmr.cfg 2013/05/19 v2.2 microtype config. file: Computer Modern Roman 
(RS)
)
LaTeX Font Info:    External font `cmex10' loaded for size
(Font)              <12> on input line 4.
LaTeX Font Info:    External font `cmex10' loaded for size
(Font)              <8> on input line 4.
LaTeX Font Info:    External font `cmex10' loaded for size
(Font)              <6> on input line 4.
)
\tf@toc=\write4
\openout4 = `informe_WEP.toc'.

Package babel Info: Redefining spanish shorthand <<
(babel)             in language  on input line 81.
Package babel Info: Redefining spanish shorthand >>
(babel)             in language  on input line 81.
Package babel Info: Redefining spanish shorthand "=
(babel)             in language  on input line 81.
Package babel Info: Redefining spanish shorthand "~
(babel)             in language  on input line 81.
Package babel Info: Redefining spanish shorthand "!
(babel)             in language  on input line 81.
Package babel Info: Redefining spanish shorthand "?
(babel)             in language  on input line 81.
Package babel Info: Redefining spanish shorthand <<
(babel)             in language  on input line 81.
Package babel Info: Redefining spanish shorthand >>
(babel)             in language  on input line 81.
Package babel Info: Redefining spanish shorthand "=
(babel)             in language  on input line 81.
Package babel Info: Redefining spanish shorthand "~
(babel)             in language  on input line 81.
Package babel Info: Redefining spanish shorthand "!
(babel)             in language  on input line 81.
Package babel Info: Redefining spanish shorthand "?
(babel)             in language  on input line 81.
 [3

]
Cap\'{\i }tulo 1.
Package babel Info: Redefining spanish shorthand <<
(babel)             in language  on input line 81.
Package babel Info: Redefining spanish shorthand >>
(babel)             in language  on input line 81.
Package babel Info: Redefining spanish shorthand "=
(babel)             in language  on input line 81.
Package babel Info: Redefining spanish shorthand "~
(babel)             in language  on input line 81.
Package babel Info: Redefining spanish shorthand "!
(babel)             in language  on input line 81.
Package babel Info: Redefining spanish shorthand "?
(babel)             in language  on input line 81.
LaTeX Font Info:    Font shape `T1/pbk/m/n' in size <8> not available
(Font)              Font shape `T1/pbk/l/n' tried instead on input line 110.
LaTeX Font Info:    Font shape `T1/pbk/m/n' in size <10> not available
(Font)              Font shape `T1/pbk/l/n' tried instead on input line 110.
LaTeX Font Info:    External font `cmex10' loaded for size
(Font)              <7> on input line 110.
LaTeX Font Info:    External font `cmex10' loaded for size
(Font)              <5> on input line 110.
LaTeX Font Info:    Font shape `T1/pbk/m/n' in size <7> not available
(Font)              Font shape `T1/pbk/l/n' tried instead on input line 110.
LaTeX Font Info:    Try loading font information for T1+pcr on input line 110.
(/usr/share/texlive/texmf-dist/tex/latex/psnfss/t1pcr.fd
File: t1pcr.fd 2001/06/04 font definitions for T1/pcr.
)
Package microtype Info: Loading generic settings for font family
(microtype)             `pcr' (encoding: T1).
(microtype)             For optimal results, create family-specific settings.
(microtype)             See the microtype manual for details.
Package babel Info: Redefining spanish shorthand <<
(babel)             in language  on input line 118.
Package babel Info: Redefining spanish shorthand >>
(babel)             in language  on input line 118.
Package babel Info: Redefining spanish shorthand "=
(babel)             in language  on input line 118.
Package babel Info: Redefining spanish shorthand "~
(babel)             in language  on input line 118.
Package babel Info: Redefining spanish shorthand "!
(babel)             in language  on input line 118.
Package babel Info: Redefining spanish shorthand "?
(babel)             in language  on input line 118.
Package babel Info: Redefining spanish shorthand <<
(babel)             in language  on input line 118.
Package babel Info: Redefining spanish shorthand >>
(babel)             in language  on input line 118.
Package babel Info: Redefining spanish shorthand "=
(babel)             in language  on input line 118.
Package babel Info: Redefining spanish shorthand "~
(babel)             in language  on input line 118.
Package babel Info: Redefining spanish shorthand "!
(babel)             in language  on input line 118.
Package babel Info: Redefining spanish shorthand "?
(babel)             in language  on input line 118.
 [4

]
Cap\'{\i }tulo 2.
Package babel Info: Redefining spanish shorthand <<
(babel)             in language  on input line 118.
Package babel Info: Redefining spanish shorthand >>
(babel)             in language  on input line 118.
Package babel Info: Redefining spanish shorthand "=
(babel)             in language  on input line 118.
Package babel Info: Redefining spanish shorthand "~
(babel)             in language  on input line 118.
Package babel Info: Redefining spanish shorthand "!
(babel)             in language  on input line 118.
Package babel Info: Redefining spanish shorthand "?
(babel)             in language  on input line 118.
LaTeX Font Info:    Font shape `T1/pbk/m/n' in size <17.28> not available
(Font)              Font shape `T1/pbk/l/n' tried instead on input line 120.
LaTeX Font Info:    Font shape `T1/pbk/bx/n' in size <17.28> not available
(Font)              Font shape `T1/pbk/b/n' tried instead on input line 120.
LaTeX Font Info:    Font shape `T1/pbk/b/n' in size <17.28> not available
(Font)              Font shape `T1/pbk/db/n' tried instead on input line 120.
Package babel Info: Redefining spanish shorthand <<
(babel)             in language  on input line 120.
Package babel Info: Redefining spanish shorthand >>
(babel)             in language  on input line 120.
Package babel Info: Redefining spanish shorthand "=
(babel)             in language  on input line 120.
Package babel Info: Redefining spanish shorthand "~
(babel)             in language  on input line 120.
Package babel Info: Redefining spanish shorthand "!
(babel)             in language  on input line 120.
Package babel Info: Redefining spanish shorthand "?
(babel)             in language  on input line 120.
Package babel Info: Redefining spanish shorthand <<
(babel)             in language  on input line 143.
Package babel Info: Redefining spanish shorthand >>
(babel)             in language  on input line 143.
Package babel Info: Redefining spanish shorthand "=
(babel)             in language  on input line 143.
Package babel Info: Redefining spanish shorthand "~
(babel)             in language  on input line 143.
Package babel Info: Redefining spanish shorthand "!
(babel)             in language  on input line 143.
Package babel Info: Redefining spanish shorthand "?
(babel)             in language  on input line 143.
File: ../LOGS/LOG_TARJETA_WIFI.LOG  (verbatim)
Package babel Info: Redefining spanish shorthand <<
(babel)             in language  on input line 155.
Package babel Info: Redefining spanish shorthand >>
(babel)             in language  on input line 155.
Package babel Info: Redefining spanish shorthand "=
(babel)             in language  on input line 155.
Package babel Info: Redefining spanish shorthand "~
(babel)             in language  on input line 155.
Package babel Info: Redefining spanish shorthand "!
(babel)             in language  on input line 155.
Package babel Info: Redefining spanish shorthand "?
(babel)             in language  on input line 155.
Package babel Info: Redefining spanish shorthand <<
(babel)             in language  on input line 155.
Package babel Info: Redefining spanish shorthand >>
(babel)             in language  on input line 155.
Package babel Info: Redefining spanish shorthand "=
(babel)             in language  on input line 155.
Package babel Info: Redefining spanish shorthand "~
(babel)             in language  on input line 155.
Package babel Info: Redefining spanish shorthand "!
(babel)             in language  on input line 155.
Package babel Info: Redefining spanish shorthand "?
(babel)             in language  on input line 155.
[5

]
LaTeX Font Info:    Font shape `T1/pbk/m/n' in size <9> not available
(Font)              Font shape `T1/pbk/l/n' tried instead on input line 162.
File: ../LOGS/AIRMONG.LOG  (verbatim)
Package babel Info: Redefining spanish shorthand <<
(babel)             in language  on input line 169.
Package babel Info: Redefining spanish shorthand >>
(babel)             in language  on input line 169.
Package babel Info: Redefining spanish shorthand "=
(babel)             in language  on input line 169.
Package babel Info: Redefining spanish shorthand "~
(babel)             in language  on input line 169.
Package babel Info: Redefining spanish shorthand "!
(babel)             in language  on input line 169.
Package babel Info: Redefining spanish shorthand "?
(babel)             in language  on input line 169.
File: ../LOGS/AIRODUMP.LOG  (verbatim)
LaTeX Font Info:    Font shape `T1/pbk/m/sl' in size <12> not available
(Font)              Font shape `T1/pbk/l/sl' tried instead on input line 187.
LaTeX Info: Redefining \. on input line 187.
LaTeX Info: Redefining \% on input line 187.
LaTeX Info: Redefining \. on input line 187.
LaTeX Info: Redefining \% on input line 187.


Package Fancyhdr Warning: \headheight is too small (12.0pt): 
 Make it at least 14.59192pt.
 We now make it that large for the rest of the document.
 This may cause the page layout to be inconsistent, however.

Package babel Info: Redefining spanish shorthand <<
(babel)             in language  on input line 187.
Package babel Info: Redefining spanish shorthand >>
(babel)             in language  on input line 187.
Package babel Info: Redefining spanish shorthand "=
(babel)             in language  on input line 187.
Package babel Info: Redefining spanish shorthand "~
(babel)             in language  on input line 187.
Package babel Info: Redefining spanish shorthand "!
(babel)             in language  on input line 187.
Package babel Info: Redefining spanish shorthand "?
(babel)             in language  on input line 187.
Package babel Info: Redefining spanish shorthand <<
(babel)             in language  on input line 187.
Package babel Info: Redefining spanish shorthand >>
(babel)             in language  on input line 187.
Package babel Info: Redefining spanish shorthand "=
(babel)             in language  on input line 187.
Package babel Info: Redefining spanish shorthand "~
(babel)             in language  on input line 187.
Package babel Info: Redefining spanish shorthand "!
(babel)             in language  on input line 187.
Package babel Info: Redefining spanish shorthand "?
(babel)             in language  on input line 187.
[6]
Cap\'{\i }tulo 3.
Package babel Info: Redefining spanish shorthand <<
(babel)             in language  on input line 187.
Package babel Info: Redefining spanish shorthand >>
(babel)             in language  on input line 187.
Package babel Info: Redefining spanish shorthand "=
(babel)             in language  on input line 187.
Package babel Info: Redefining spanish shorthand "~
(babel)             in language  on input line 187.
Package babel Info: Redefining spanish shorthand "!
(babel)             in language  on input line 187.
Package babel Info: Redefining spanish shorthand "?
(babel)             in language  on input line 187.
(./WEP.tex (./INF-WEP.tex
Package babel Info: Redefining spanish shorthand <<
(babel)             in language  on input line 1.
Package babel Info: Redefining spanish shorthand >>
(babel)             in language  on input line 1.
Package babel Info: Redefining spanish shorthand "=
(babel)             in language  on input line 1.
Package babel Info: Redefining spanish shorthand "~
(babel)             in language  on input line 1.
Package babel Info: Redefining spanish shorthand "!
(babel)             in language  on input line 1.
Package babel Info: Redefining spanish shorthand "?
(babel)             in language  on input line 1.

Underfull \hbox (badness 10000) in paragraph at lines 3--4

 []

) (./INF-SUBSWEP1.tex
LaTeX Font Info:    Font shape `T1/pbk/m/n' in size <14.4> not available
(Font)              Font shape `T1/pbk/l/n' tried instead on input line 1.
LaTeX Font Info:    Font shape `T1/pbk/bx/n' in size <14.4> not available
(Font)              Font shape `T1/pbk/b/n' tried instead on input line 1.
LaTeX Font Info:    Font shape `T1/pbk/b/n' in size <14.4> not available
(Font)              Font shape `T1/pbk/db/n' tried instead on input line 1.
Package babel Info: Redefining spanish shorthand <<
(babel)             in language  on input line 1.
Package babel Info: Redefining spanish shorthand >>
(babel)             in language  on input line 1.
Package babel Info: Redefining spanish shorthand "=
(babel)             in language  on input line 1.
Package babel Info: Redefining spanish shorthand "~
(babel)             in language  on input line 1.
Package babel Info: Redefining spanish shorthand "!
(babel)             in language  on input line 1.
Package babel Info: Redefining spanish shorthand "?
(babel)             in language  on input line 1.
Package babel Info: Redefining spanish shorthand <<
(babel)             in language  on input line 4.
Package babel Info: Redefining spanish shorthand >>
(babel)             in language  on input line 4.
Package babel Info: Redefining spanish shorthand "=
(babel)             in language  on input line 4.
Package babel Info: Redefining spanish shorthand "~
(babel)             in language  on input line 4.
Package babel Info: Redefining spanish shorthand "!
(babel)             in language  on input line 4.
Package babel Info: Redefining spanish shorthand "?
(babel)             in language  on input line 4.
Package babel Info: Redefining spanish shorthand <<
(babel)             in language  on input line 4.
Package babel Info: Redefining spanish shorthand >>
(babel)             in language  on input line 4.
Package babel Info: Redefining spanish shorthand "=
(babel)             in language  on input line 4.
Package babel Info: Redefining spanish shorthand "~
(babel)             in language  on input line 4.
Package babel Info: Redefining spanish shorthand "!
(babel)             in language  on input line 4.
Package babel Info: Redefining spanish shorthand "?
(babel)             in language  on input line 4.
 [7

]
Underfull \hbox (badness 10000) in paragraph at lines 5--6

 []


Underfull \hbox (badness 10000) in paragraph at lines 8--9

 []


Underfull \hbox (badness 10000) in paragraph at lines 10--11

 []


Underfull \hbox (badness 10000) in paragraph at lines 12--13

 []


Underfull \hbox (badness 10000) in paragraph at lines 14--15

 []


Underfull \hbox (badness 10000) in paragraph at lines 17--18

 []


Overfull \hbox (21.2977pt too wide) in paragraph at lines 19--20
[]\T1/pbk/db/n/12 aireplay-ng -0 5 -a 80:B6:86:D5:F9:4B -c AC:38:70:25:ED:62 wl
an0mon 
 []


Underfull \hbox (badness 10000) in paragraph at lines 19--20

 []


Underfull \hbox (badness 10000) in paragraph at lines 21--22

 []


Overfull \hbox (11.70987pt too wide) in paragraph at lines 23--24
[]\T1/pbk/db/n/12 aireplay-ng -3 -b 80:B6:86:D5:F9:4B -h AC:38:70:25:ED:62 wlan
0mon 
 []


Underfull \hbox (badness 10000) in paragraph at lines 23--24

 []


Underfull \hbox (badness 10000) in paragraph at lines 25--26

 []


Underfull \hbox (badness 10000) in paragraph at lines 27--28

 []


Underfull \hbox (badness 10000) in paragraph at lines 31--32

 []

File: ../AIRCRACK-WEP/aircrack-80:B6:86:D5:F9:4B.dat  (verbatim)
LaTeX Info: Redefining \. on input line 37.
LaTeX Info: Redefining \% on input line 37.
LaTeX Info: Redefining \. on input line 37.
LaTeX Info: Redefining \% on input line 37.
Package babel Info: Redefining spanish shorthand <<
(babel)             in language  on input line 37.
Package babel Info: Redefining spanish shorthand >>
(babel)             in language  on input line 37.
Package babel Info: Redefining spanish shorthand "=
(babel)             in language  on input line 37.
Package babel Info: Redefining spanish shorthand "~
(babel)             in language  on input line 37.
Package babel Info: Redefining spanish shorthand "!
(babel)             in language  on input line 37.
Package babel Info: Redefining spanish shorthand "?
(babel)             in language  on input line 37.
Package babel Info: Redefining spanish shorthand <<
(babel)             in language  on input line 37.
Package babel Info: Redefining spanish shorthand >>
(babel)             in language  on input line 37.
Package babel Info: Redefining spanish shorthand "=
(babel)             in language  on input line 37.
Package babel Info: Redefining spanish shorthand "~
(babel)             in language  on input line 37.
Package babel Info: Redefining spanish shorthand "!
(babel)             in language  on input line 37.
Package babel Info: Redefining spanish shorthand "?
(babel)             in language  on input line 37.
[8]) (./INF-SUBSDOS.tex
Package babel Info: Redefining spanish shorthand <<
(babel)             in language  on input line 1.
Package babel Info: Redefining spanish shorthand >>
(babel)             in language  on input line 1.
Package babel Info: Redefining spanish shorthand "=
(babel)             in language  on input line 1.
Package babel Info: Redefining spanish shorthand "~
(babel)             in language  on input line 1.
Package babel Info: Redefining spanish shorthand "!
(babel)             in language  on input line 1.
Package babel Info: Redefining spanish shorthand "?
(babel)             in language  on input line 1.

Underfull \hbox (badness 10000) in paragraph at lines 3--4

 []


Underfull \hbox (badness 10000) in paragraph at lines 12--13

 []


Underfull \hbox (badness 10000) in paragraph at lines 14--15

 []


Underfull \hbox (badness 10000) in paragraph at lines 16--17

 []


Underfull \hbox (badness 10000) in paragraph at lines 18--19

 []


Underfull \hbox (badness 10000) in paragraph at lines 20--21

 []


Overfull \hbox (21.2977pt too wide) in paragraph at lines 22--23
[]\T1/pbk/db/n/12 aireplay-ng -0 0 -a 80:B6:86:D5:F9:4B -c AC:38:70:25:ED:62 wl
an0mon 
 []


Underfull \hbox (badness 10000) in paragraph at lines 22--23

 []


Underfull \hbox (badness 10000) in paragraph at lines 24--26

 []

LaTeX Info: Redefining \. on input line 26.
LaTeX Info: Redefining \% on input line 26.
LaTeX Info: Redefining \. on input line 26.
LaTeX Info: Redefining \% on input line 26.
Package babel Info: Redefining spanish shorthand <<
(babel)             in language  on input line 26.
Package babel Info: Redefining spanish shorthand >>
(babel)             in language  on input line 26.
Package babel Info: Redefining spanish shorthand "=
(babel)             in language  on input line 26.
Package babel Info: Redefining spanish shorthand "~
(babel)             in language  on input line 26.
Package babel Info: Redefining spanish shorthand "!
(babel)             in language  on input line 26.
Package babel Info: Redefining spanish shorthand "?
(babel)             in language  on input line 26.
Package babel Info: Redefining spanish shorthand <<
(babel)             in language  on input line 26.
Package babel Info: Redefining spanish shorthand >>
(babel)             in language  on input line 26.
Package babel Info: Redefining spanish shorthand "=
(babel)             in language  on input line 26.
Package babel Info: Redefining spanish shorthand "~
(babel)             in language  on input line 26.
Package babel Info: Redefining spanish shorthand "!
(babel)             in language  on input line 26.
Package babel Info: Redefining spanish shorthand "?
(babel)             in language  on input line 26.
[9]))
Underfull \hbox (badness 10000) in paragraph at lines 27--214

 []

Package babel Info: Redefining spanish shorthand <<
(babel)             in language  on input line 216.
Package babel Info: Redefining spanish shorthand >>
(babel)             in language  on input line 216.
Package babel Info: Redefining spanish shorthand "=
(babel)             in language  on input line 216.
Package babel Info: Redefining spanish shorthand "~
(babel)             in language  on input line 216.
Package babel Info: Redefining spanish shorthand "!
(babel)             in language  on input line 216.
Package babel Info: Redefining spanish shorthand "?
(babel)             in language  on input line 216.
Package atveryend Info: Empty hook `BeforeClearDocument' on input line 263.
LaTeX Info: Redefining \. on input line 263.
LaTeX Info: Redefining \% on input line 263.
LaTeX Info: Redefining \. on input line 263.
LaTeX Info: Redefining \% on input line 263.
Package babel Info: Redefining spanish shorthand <<
(babel)             in language  on input line 263.
Package babel Info: Redefining spanish shorthand >>
(babel)             in language  on input line 263.
Package babel Info: Redefining spanish shorthand "=
(babel)             in language  on input line 263.
Package babel Info: Redefining spanish shorthand "~
(babel)             in language  on input line 263.
Package babel Info: Redefining spanish shorthand "!
(babel)             in language  on input line 263.
Package babel Info: Redefining spanish shorthand "?
(babel)             in language  on input line 263.
Package babel Info: Redefining spanish shorthand <<
(babel)             in language  on input line 263.
Package babel Info: Redefining spanish shorthand >>
(babel)             in language  on input line 263.
Package babel Info: Redefining spanish shorthand "=
(babel)             in language  on input line 263.
Package babel Info: Redefining spanish shorthand "~
(babel)             in language  on input line 263.
Package babel Info: Redefining spanish shorthand "!
(babel)             in language  on input line 263.
Package babel Info: Redefining spanish shorthand "?
(babel)             in language  on input line 263.
[10]
Package atveryend Info: Empty hook `AfterLastShipout' on input line 263.
 (./informe_WEP.aux
LaTeX Info: Redefining \. on input line 24.
LaTeX Info: Redefining \% on input line 24.
)
Package atveryend Info: Executing hook `AtVeryEndDocument' on input line 263.
Package atveryend Info: Executing hook `AtEndAfterFileList' on input line 263.
Package rerunfilecheck Info: File `informe_WEP.out' has not changed.
(rerunfilecheck)             Checksum: 80642A54822477E890A84CAE24069FD1;658.
Package atveryend Info: Empty hook `AtVeryVeryEnd' on input line 263.
 ) ) 
Here is how much of TeX's memory you used:
 8585 strings out of 494303
 129791 string characters out of 6164744
 250737 words of memory out of 5000000
 11673 multiletter control sequences out of 15000+600000
 44703 words of font info for 114 fonts, out of 8000000 for 9000
 376 hyphenation exceptions out of 8191
 41i,10n,43p,661b,592s stack positions out of 5000i,500n,10000p,200000b,80000s
{/usr/share/texlive/texmf-dist/fonts/enc/dvips/base/8r.enc}</usr/share/texl
ive/texmf-dist/fonts/type1/public/amsfonts/cm/cmsy10.pfb></usr/share/texlive/te
xmf-dist/fonts/type1/urw/avantgar/uagd8a.pfb></usr/share/texlive/texmf-dist/fon
ts/type1/urw/avantgar/uagk8a.pfb></usr/share/texlive/texmf-dist/fonts/type1/urw
/bookman/ubkd8a.pfb></usr/share/texlive/texmf-dist/fonts/type1/urw/bookman/ubkl
8a.pfb></usr/share/texlive/texmf-dist/fonts/type1/urw/bookman/ubkl8a.pfb></usr/
share/texlive/texmf-dist/fonts/type1/urw/bookman/ubkli8a.pfb></usr/share/texliv
e/texmf-dist/fonts/type1/urw/courier/ucrr8a.pfb>
Output written on informe_WEP.pdf (10 pages, 126583 bytes).
PDF statistics:
 145 PDF objects out of 1000 (max. 8388607)
 122 compressed objects within 2 object streams
 23 named destinations out of 1000 (max. 500000)
 18006 words of extra memory for PDF output out of 20736 (max. 10000000)

